[0.845s] DEBUG:colcon:Command line arguments: ['/usr/bin/colcon', 'build']
[0.845s] DEBUG:colcon:Parsed command line arguments: Namespace(log_base=None, log_level=None, verb_name='build', build_base='build', install_base='install', merge_install=False, symlink_install=False, test_result_base=None, continue_on_error=False, executor='parallel', parallel_workers=8, event_handlers=None, ignore_user_meta=False, metas=['./colcon.meta'], base_paths=['.'], packages_ignore=None, packages_ignore_regex=None, paths=None, packages_up_to=None, packages_up_to_regex=None, packages_above=None, packages_above_and_dependencies=None, packages_above_depth=None, packages_select_by_dep=None, packages_skip_by_dep=None, packages_skip_up_to=None, packages_select_build_failed=False, packages_skip_build_finished=False, packages_select_test_failures=False, packages_skip_test_passed=False, packages_select=None, packages_skip=None, packages_select_regex=None, packages_skip_regex=None, packages_start=None, packages_end=None, allow_overriding=[], cmake_args=None, cmake_target=None, cmake_target_skip_unavailable=False, cmake_clean_cache=False, cmake_clean_first=False, cmake_force_configure=False, ament_cmake_args=None, catkin_cmake_args=None, catkin_skip_building_tests=False, verb_parser=<colcon_defaults.argument_parser.defaults.DefaultArgumentsDecorator object at 0x7fdb7142a260>, verb_extension=<colcon_core.verb.build.BuildVerb object at 0x7fdb7142a7d0>, main=<bound method BuildVerb.main of <colcon_core.verb.build.BuildVerb object at 0x7fdb7142a7d0>>)
[0.885s] Level 1:colcon.colcon_core.package_discovery:discover_packages(colcon_meta) check parameters
[0.885s] Level 1:colcon.colcon_core.package_discovery:discover_packages(recursive) check parameters
[0.885s] Level 1:colcon.colcon_core.package_discovery:discover_packages(ignore) check parameters
[0.885s] Level 1:colcon.colcon_core.package_discovery:discover_packages(path) check parameters
[0.885s] Level 1:colcon.colcon_core.package_discovery:discover_packages(colcon_meta) discover
[0.885s] Level 1:colcon.colcon_core.package_discovery:discover_packages(recursive) discover
[0.885s] INFO:colcon.colcon_core.package_discovery:Crawling recursively for packages in '/home/edvin/ros2_ws'
[0.885s] Level 1:colcon.colcon_core.package_identification:_identify(.) by extensions ['ignore', 'ignore_ament_install']
[0.885s] Level 1:colcon.colcon_core.package_identification:_identify(.) by extension 'ignore'
[0.886s] Level 1:colcon.colcon_core.package_identification:_identify(.) by extension 'ignore_ament_install'
[0.886s] Level 1:colcon.colcon_core.package_identification:_identify(.) by extensions ['colcon_pkg']
[0.886s] Level 1:colcon.colcon_core.package_identification:_identify(.) by extension 'colcon_pkg'
[0.886s] Level 1:colcon.colcon_core.package_identification:_identify(.) by extensions ['colcon_meta']
[0.886s] Level 1:colcon.colcon_core.package_identification:_identify(.) by extension 'colcon_meta'
[0.886s] Level 1:colcon.colcon_core.package_identification:_identify(.) by extensions ['ros']
[0.886s] Level 1:colcon.colcon_core.package_identification:_identify(.) by extension 'ros'
[0.900s] Level 1:colcon.colcon_core.package_identification:_identify(.) by extensions ['cmake', 'python']
[0.900s] Level 1:colcon.colcon_core.package_identification:_identify(.) by extension 'cmake'
[0.900s] Level 1:colcon.colcon_core.package_identification:_identify(.) by extension 'python'
[0.900s] Level 1:colcon.colcon_core.package_identification:_identify(.) by extensions ['python_setup_py']
[0.900s] Level 1:colcon.colcon_core.package_identification:_identify(.) by extension 'python_setup_py'
[0.900s] Level 1:colcon.colcon_core.package_identification:_identify(build) by extensions ['ignore', 'ignore_ament_install']
[0.900s] Level 1:colcon.colcon_core.package_identification:_identify(build) by extension 'ignore'
[0.900s] Level 1:colcon.colcon_core.package_identification:_identify(build) ignored
[0.901s] Level 1:colcon.colcon_core.package_identification:_identify(install) by extensions ['ignore', 'ignore_ament_install']
[0.901s] Level 1:colcon.colcon_core.package_identification:_identify(install) by extension 'ignore'
[0.902s] Level 1:colcon.colcon_core.package_identification:_identify(install) ignored
[0.902s] Level 1:colcon.colcon_core.package_identification:_identify(log) by extensions ['ignore', 'ignore_ament_install']
[0.902s] Level 1:colcon.colcon_core.package_identification:_identify(log) by extension 'ignore'
[0.902s] Level 1:colcon.colcon_core.package_identification:_identify(log) ignored
[0.902s] Level 1:colcon.colcon_core.package_identification:_identify(src) by extensions ['ignore', 'ignore_ament_install']
[0.902s] Level 1:colcon.colcon_core.package_identification:_identify(src) by extension 'ignore'
[0.903s] Level 1:colcon.colcon_core.package_identification:_identify(src) by extension 'ignore_ament_install'
[0.903s] Level 1:colcon.colcon_core.package_identification:_identify(src) by extensions ['colcon_pkg']
[0.903s] Level 1:colcon.colcon_core.package_identification:_identify(src) by extension 'colcon_pkg'
[0.903s] Level 1:colcon.colcon_core.package_identification:_identify(src) by extensions ['colcon_meta']
[0.903s] Level 1:colcon.colcon_core.package_identification:_identify(src) by extension 'colcon_meta'
[0.903s] Level 1:colcon.colcon_core.package_identification:_identify(src) by extensions ['ros']
[0.903s] Level 1:colcon.colcon_core.package_identification:_identify(src) by extension 'ros'
[0.903s] Level 1:colcon.colcon_core.package_identification:_identify(src) by extensions ['cmake', 'python']
[0.903s] Level 1:colcon.colcon_core.package_identification:_identify(src) by extension 'cmake'
[0.903s] Level 1:colcon.colcon_core.package_identification:_identify(src) by extension 'python'
[0.903s] Level 1:colcon.colcon_core.package_identification:_identify(src) by extensions ['python_setup_py']
[0.903s] Level 1:colcon.colcon_core.package_identification:_identify(src) by extension 'python_setup_py'
[0.904s] Level 1:colcon.colcon_core.package_identification:_identify(src/custom_msgs) by extensions ['ignore', 'ignore_ament_install']
[0.904s] Level 1:colcon.colcon_core.package_identification:_identify(src/custom_msgs) by extension 'ignore'
[0.904s] Level 1:colcon.colcon_core.package_identification:_identify(src/custom_msgs) by extension 'ignore_ament_install'
[0.904s] Level 1:colcon.colcon_core.package_identification:_identify(src/custom_msgs) by extensions ['colcon_pkg']
[0.904s] Level 1:colcon.colcon_core.package_identification:_identify(src/custom_msgs) by extension 'colcon_pkg'
[0.904s] Level 1:colcon.colcon_core.package_identification:_identify(src/custom_msgs) by extensions ['colcon_meta']
[0.904s] Level 1:colcon.colcon_core.package_identification:_identify(src/custom_msgs) by extension 'colcon_meta'
[0.904s] Level 1:colcon.colcon_core.package_identification:_identify(src/custom_msgs) by extensions ['ros']
[0.904s] Level 1:colcon.colcon_core.package_identification:_identify(src/custom_msgs) by extension 'ros'
[0.908s] DEBUG:colcon.colcon_core.package_identification:Package 'src/custom_msgs' with type 'ros.ament_cmake' and name 'custom_msgs'
[0.908s] Level 1:colcon.colcon_core.package_identification:_identify(src/my_ros_package) by extensions ['ignore', 'ignore_ament_install']
[0.908s] Level 1:colcon.colcon_core.package_identification:_identify(src/my_ros_package) by extension 'ignore'
[0.908s] Level 1:colcon.colcon_core.package_identification:_identify(src/my_ros_package) by extension 'ignore_ament_install'
[0.908s] Level 1:colcon.colcon_core.package_identification:_identify(src/my_ros_package) by extensions ['colcon_pkg']
[0.908s] Level 1:colcon.colcon_core.package_identification:_identify(src/my_ros_package) by extension 'colcon_pkg'
[0.908s] Level 1:colcon.colcon_core.package_identification:_identify(src/my_ros_package) by extensions ['colcon_meta']
[0.908s] Level 1:colcon.colcon_core.package_identification:_identify(src/my_ros_package) by extension 'colcon_meta'
[0.908s] Level 1:colcon.colcon_core.package_identification:_identify(src/my_ros_package) by extensions ['ros']
[0.908s] Level 1:colcon.colcon_core.package_identification:_identify(src/my_ros_package) by extension 'ros'
[0.909s] DEBUG:colcon.colcon_core.package_identification:Package 'src/my_ros_package' with type 'ros.ament_cmake' and name 'my_ros_package'
[0.909s] Level 1:colcon.colcon_core.package_discovery:discover_packages(recursive) using defaults
[0.909s] Level 1:colcon.colcon_core.package_discovery:discover_packages(ignore) discover
[0.909s] Level 1:colcon.colcon_core.package_discovery:discover_packages(ignore) using defaults
[0.909s] Level 1:colcon.colcon_core.package_discovery:discover_packages(path) discover
[0.909s] Level 1:colcon.colcon_core.package_discovery:discover_packages(path) using defaults
[0.987s] Level 1:colcon.colcon_core.package_discovery:discover_packages(prefix_path) check parameters
[0.987s] Level 1:colcon.colcon_core.package_discovery:discover_packages(prefix_path) discover
[1.015s] DEBUG:colcon.colcon_installed_package_information.package_discovery:Found 2 installed packages in /home/edvin/ros2_ws/install
[1.027s] DEBUG:colcon.colcon_installed_package_information.package_discovery:Found 270 installed packages in /opt/ros/humble
[1.029s] Level 1:colcon.colcon_core.package_discovery:discover_packages(prefix_path) using defaults
[1.106s] Level 5:colcon.colcon_core.verb:set package 'custom_msgs' build argument 'cmake_args' from command line to 'None'
[1.106s] Level 5:colcon.colcon_core.verb:set package 'custom_msgs' build argument 'cmake_target' from command line to 'None'
[1.106s] Level 5:colcon.colcon_core.verb:set package 'custom_msgs' build argument 'cmake_target_skip_unavailable' from command line to 'False'
[1.106s] Level 5:colcon.colcon_core.verb:set package 'custom_msgs' build argument 'cmake_clean_cache' from command line to 'False'
[1.106s] Level 5:colcon.colcon_core.verb:set package 'custom_msgs' build argument 'cmake_clean_first' from command line to 'False'
[1.106s] Level 5:colcon.colcon_core.verb:set package 'custom_msgs' build argument 'cmake_force_configure' from command line to 'False'
[1.106s] Level 5:colcon.colcon_core.verb:set package 'custom_msgs' build argument 'ament_cmake_args' from command line to 'None'
[1.107s] Level 5:colcon.colcon_core.verb:set package 'custom_msgs' build argument 'catkin_cmake_args' from command line to 'None'
[1.107s] Level 5:colcon.colcon_core.verb:set package 'custom_msgs' build argument 'catkin_skip_building_tests' from command line to 'False'
[1.107s] DEBUG:colcon.colcon_core.verb:Building package 'custom_msgs' with the following arguments: {'ament_cmake_args': None, 'build_base': '/home/edvin/ros2_ws/build/custom_msgs', 'catkin_cmake_args': None, 'catkin_skip_building_tests': False, 'cmake_args': None, 'cmake_clean_cache': False, 'cmake_clean_first': False, 'cmake_force_configure': False, 'cmake_target': None, 'cmake_target_skip_unavailable': False, 'install_base': '/home/edvin/ros2_ws/install/custom_msgs', 'merge_install': False, 'path': '/home/edvin/ros2_ws/src/custom_msgs', 'symlink_install': False, 'test_result_base': None}
[1.118s] Level 5:colcon.colcon_core.verb:set package 'my_ros_package' build argument 'cmake_args' from command line to 'None'
[1.118s] Level 5:colcon.colcon_core.verb:set package 'my_ros_package' build argument 'cmake_target' from command line to 'None'
[1.118s] Level 5:colcon.colcon_core.verb:set package 'my_ros_package' build argument 'cmake_target_skip_unavailable' from command line to 'False'
[1.118s] Level 5:colcon.colcon_core.verb:set package 'my_ros_package' build argument 'cmake_clean_cache' from command line to 'False'
[1.118s] Level 5:colcon.colcon_core.verb:set package 'my_ros_package' build argument 'cmake_clean_first' from command line to 'False'
[1.118s] Level 5:colcon.colcon_core.verb:set package 'my_ros_package' build argument 'cmake_force_configure' from command line to 'False'
[1.118s] Level 5:colcon.colcon_core.verb:set package 'my_ros_package' build argument 'ament_cmake_args' from command line to 'None'
[1.118s] Level 5:colcon.colcon_core.verb:set package 'my_ros_package' build argument 'catkin_cmake_args' from command line to 'None'
[1.118s] Level 5:colcon.colcon_core.verb:set package 'my_ros_package' build argument 'catkin_skip_building_tests' from command line to 'False'
[1.118s] DEBUG:colcon.colcon_core.verb:Building package 'my_ros_package' with the following arguments: {'ament_cmake_args': None, 'build_base': '/home/edvin/ros2_ws/build/my_ros_package', 'catkin_cmake_args': None, 'catkin_skip_building_tests': False, 'cmake_args': None, 'cmake_clean_cache': False, 'cmake_clean_first': False, 'cmake_force_configure': False, 'cmake_target': None, 'cmake_target_skip_unavailable': False, 'install_base': '/home/edvin/ros2_ws/install/my_ros_package', 'merge_install': False, 'path': '/home/edvin/ros2_ws/src/my_ros_package', 'symlink_install': False, 'test_result_base': None}
[1.131s] INFO:colcon.colcon_core.executor:Executing jobs using 'parallel' executor
[1.143s] DEBUG:colcon.colcon_parallel_executor.executor.parallel:run_until_complete
[1.143s] INFO:colcon.colcon_ros.task.ament_cmake.build:Building ROS package in '/home/edvin/ros2_ws/src/custom_msgs' with build type 'ament_cmake'
[1.143s] INFO:colcon.colcon_cmake.task.cmake.build:Building CMake package in '/home/edvin/ros2_ws/src/custom_msgs'
[1.158s] INFO:colcon.colcon_core.plugin_system:Skipping extension 'colcon_core.shell.bat': Not used on non-Windows systems
[1.159s] INFO:colcon.colcon_core.shell:Skip shell extension 'powershell' for command environment: Not usable outside of PowerShell
[1.159s] DEBUG:colcon.colcon_core.shell:Skip shell extension 'dsv' for command environment
[1.209s] DEBUG:colcon.colcon_core.event_handler.log_command:Invoking command in '/home/edvin/ros2_ws/build/custom_msgs': CMAKE_PREFIX_PATH=${CMAKE_PREFIX_PATH}:/opt/ros/humble /usr/bin/cmake --build /home/edvin/ros2_ws/build/custom_msgs -- -j8 -l8
[1.651s] DEBUG:colcon.colcon_core.event_handler.log_command:Invoked command in '/home/edvin/ros2_ws/build/custom_msgs' returned '0': CMAKE_PREFIX_PATH=${CMAKE_PREFIX_PATH}:/opt/ros/humble /usr/bin/cmake --build /home/edvin/ros2_ws/build/custom_msgs -- -j8 -l8
[1.795s] DEBUG:colcon.colcon_core.event_handler.log_command:Invoking command in '/home/edvin/ros2_ws/build/custom_msgs': CMAKE_PREFIX_PATH=${CMAKE_PREFIX_PATH}:/opt/ros/humble /usr/bin/cmake --install /home/edvin/ros2_ws/build/custom_msgs
[1.851s] Level 1:colcon.colcon_core.environment:create_environment_scripts_only(custom_msgs)
[1.852s] DEBUG:colcon.colcon_core.event_handler.log_command:Invoked command in '/home/edvin/ros2_ws/build/custom_msgs' returned '0': CMAKE_PREFIX_PATH=${CMAKE_PREFIX_PATH}:/opt/ros/humble /usr/bin/cmake --install /home/edvin/ros2_ws/build/custom_msgs
[1.865s] Level 1:colcon.colcon_core.environment:checking '/home/edvin/ros2_ws/install/custom_msgs' for CMake module files
[1.866s] Level 1:colcon.colcon_core.environment:checking '/home/edvin/ros2_ws/install/custom_msgs' for CMake config files
[1.866s] Level 1:colcon.colcon_core.shell:create_environment_hook('custom_msgs', 'cmake_prefix_path')
[1.878s] INFO:colcon.colcon_core.shell:Creating environment hook '/home/edvin/ros2_ws/install/custom_msgs/share/custom_msgs/hook/cmake_prefix_path.ps1'
[1.879s] INFO:colcon.colcon_core.shell:Creating environment descriptor '/home/edvin/ros2_ws/install/custom_msgs/share/custom_msgs/hook/cmake_prefix_path.dsv'
[1.879s] INFO:colcon.colcon_core.shell:Creating environment hook '/home/edvin/ros2_ws/install/custom_msgs/share/custom_msgs/hook/cmake_prefix_path.sh'
[1.880s] Level 1:colcon.colcon_core.environment:checking '/home/edvin/ros2_ws/install/custom_msgs/lib'
[1.880s] Level 1:colcon.colcon_core.shell:create_environment_hook('custom_msgs', 'ld_library_path_lib')
[1.891s] INFO:colcon.colcon_core.shell:Creating environment hook '/home/edvin/ros2_ws/install/custom_msgs/share/custom_msgs/hook/ld_library_path_lib.ps1'
[1.893s] INFO:colcon.colcon_core.shell:Creating environment descriptor '/home/edvin/ros2_ws/install/custom_msgs/share/custom_msgs/hook/ld_library_path_lib.dsv'
[1.894s] INFO:colcon.colcon_core.shell:Creating environment hook '/home/edvin/ros2_ws/install/custom_msgs/share/custom_msgs/hook/ld_library_path_lib.sh'
[1.895s] Level 1:colcon.colcon_core.environment:checking '/home/edvin/ros2_ws/install/custom_msgs/bin'
[1.895s] Level 1:colcon.colcon_core.environment:checking '/home/edvin/ros2_ws/install/custom_msgs/lib/pkgconfig/custom_msgs.pc'
[1.895s] Level 1:colcon.colcon_core.environment:checking '/home/edvin/ros2_ws/install/custom_msgs/lib/python3.10/site-packages'
[1.895s] Level 1:colcon.colcon_core.environment:checking '/home/edvin/ros2_ws/install/custom_msgs/bin'
[1.907s] INFO:colcon.colcon_core.shell:Creating package script '/home/edvin/ros2_ws/install/custom_msgs/share/custom_msgs/package.ps1'
[1.908s] INFO:colcon.colcon_core.shell:Creating package descriptor '/home/edvin/ros2_ws/install/custom_msgs/share/custom_msgs/package.dsv'
[1.910s] INFO:colcon.colcon_core.shell:Creating package script '/home/edvin/ros2_ws/install/custom_msgs/share/custom_msgs/package.sh'
[1.911s] INFO:colcon.colcon_core.shell:Creating package script '/home/edvin/ros2_ws/install/custom_msgs/share/custom_msgs/package.bash'
[1.911s] INFO:colcon.colcon_core.shell:Creating package script '/home/edvin/ros2_ws/install/custom_msgs/share/custom_msgs/package.zsh'
[1.912s] Level 1:colcon.colcon_core.environment:create_file_with_runtime_dependencies(/home/edvin/ros2_ws/install/custom_msgs/share/colcon-core/packages/custom_msgs)
[2.054s] Level 1:colcon.colcon_core.environment:create_environment_scripts_only(custom_msgs)
[2.066s] Level 1:colcon.colcon_core.environment:checking '/home/edvin/ros2_ws/install/custom_msgs' for CMake module files
[2.067s] Level 1:colcon.colcon_core.environment:checking '/home/edvin/ros2_ws/install/custom_msgs' for CMake config files
[2.067s] Level 1:colcon.colcon_core.shell:create_environment_hook('custom_msgs', 'cmake_prefix_path')
[2.079s] INFO:colcon.colcon_core.shell:Creating environment hook '/home/edvin/ros2_ws/install/custom_msgs/share/custom_msgs/hook/cmake_prefix_path.ps1'
[2.080s] INFO:colcon.colcon_core.shell:Creating environment descriptor '/home/edvin/ros2_ws/install/custom_msgs/share/custom_msgs/hook/cmake_prefix_path.dsv'
[2.080s] INFO:colcon.colcon_core.shell:Creating environment hook '/home/edvin/ros2_ws/install/custom_msgs/share/custom_msgs/hook/cmake_prefix_path.sh'
[2.081s] Level 1:colcon.colcon_core.environment:checking '/home/edvin/ros2_ws/install/custom_msgs/lib'
[2.081s] Level 1:colcon.colcon_core.shell:create_environment_hook('custom_msgs', 'ld_library_path_lib')
[2.094s] INFO:colcon.colcon_core.shell:Creating environment hook '/home/edvin/ros2_ws/install/custom_msgs/share/custom_msgs/hook/ld_library_path_lib.ps1'
[2.094s] INFO:colcon.colcon_core.shell:Creating environment descriptor '/home/edvin/ros2_ws/install/custom_msgs/share/custom_msgs/hook/ld_library_path_lib.dsv'
[2.095s] INFO:colcon.colcon_core.shell:Creating environment hook '/home/edvin/ros2_ws/install/custom_msgs/share/custom_msgs/hook/ld_library_path_lib.sh'
[2.096s] Level 1:colcon.colcon_core.environment:checking '/home/edvin/ros2_ws/install/custom_msgs/bin'
[2.097s] Level 1:colcon.colcon_core.environment:checking '/home/edvin/ros2_ws/install/custom_msgs/lib/pkgconfig/custom_msgs.pc'
[2.097s] Level 1:colcon.colcon_core.environment:checking '/home/edvin/ros2_ws/install/custom_msgs/lib/python3.10/site-packages'
[2.098s] Level 1:colcon.colcon_core.environment:checking '/home/edvin/ros2_ws/install/custom_msgs/bin'
[2.110s] INFO:colcon.colcon_core.shell:Creating package script '/home/edvin/ros2_ws/install/custom_msgs/share/custom_msgs/package.ps1'
[2.111s] INFO:colcon.colcon_core.shell:Creating package descriptor '/home/edvin/ros2_ws/install/custom_msgs/share/custom_msgs/package.dsv'
[2.112s] INFO:colcon.colcon_core.shell:Creating package script '/home/edvin/ros2_ws/install/custom_msgs/share/custom_msgs/package.sh'
[2.112s] INFO:colcon.colcon_core.shell:Creating package script '/home/edvin/ros2_ws/install/custom_msgs/share/custom_msgs/package.bash'
[2.113s] INFO:colcon.colcon_core.shell:Creating package script '/home/edvin/ros2_ws/install/custom_msgs/share/custom_msgs/package.zsh'
[2.113s] Level 1:colcon.colcon_core.environment:create_file_with_runtime_dependencies(/home/edvin/ros2_ws/install/custom_msgs/share/colcon-core/packages/custom_msgs)
[2.114s] INFO:colcon.colcon_ros.task.ament_cmake.build:Building ROS package in '/home/edvin/ros2_ws/src/my_ros_package' with build type 'ament_cmake'
[2.114s] INFO:colcon.colcon_cmake.task.cmake.build:Building CMake package in '/home/edvin/ros2_ws/src/my_ros_package'
[2.132s] INFO:colcon.colcon_core.shell:Skip shell extension 'powershell' for command environment: Not usable outside of PowerShell
[2.132s] DEBUG:colcon.colcon_core.shell:Skip shell extension 'dsv' for command environment
[2.186s] DEBUG:colcon.colcon_core.event_handler.log_command:Invoking command in '/home/edvin/ros2_ws/build/my_ros_package': CMAKE_PREFIX_PATH=/home/edvin/ros2_ws/install/custom_msgs:/home/edvin/ros2_ws/install/my_ros_package:/opt/ros/humble /usr/bin/cmake --build /home/edvin/ros2_ws/build/my_ros_package -- -j8 -l8
[17.038s] DEBUG:colcon.colcon_core.event_handler.log_command:Invoked command in '/home/edvin/ros2_ws/build/my_ros_package' returned '0': CMAKE_PREFIX_PATH=/home/edvin/ros2_ws/install/custom_msgs:/home/edvin/ros2_ws/install/my_ros_package:/opt/ros/humble /usr/bin/cmake --build /home/edvin/ros2_ws/build/my_ros_package -- -j8 -l8
[17.073s] DEBUG:colcon.colcon_core.event_handler.log_command:Invoking command in '/home/edvin/ros2_ws/build/my_ros_package': CMAKE_PREFIX_PATH=/home/edvin/ros2_ws/install/custom_msgs:/home/edvin/ros2_ws/install/my_ros_package:/opt/ros/humble /usr/bin/cmake --install /home/edvin/ros2_ws/build/my_ros_package
[17.088s] Level 1:colcon.colcon_core.environment:create_environment_scripts_only(my_ros_package)
[17.089s] DEBUG:colcon.colcon_core.event_handler.log_command:Invoked command in '/home/edvin/ros2_ws/build/my_ros_package' returned '0': CMAKE_PREFIX_PATH=/home/edvin/ros2_ws/install/custom_msgs:/home/edvin/ros2_ws/install/my_ros_package:/opt/ros/humble /usr/bin/cmake --install /home/edvin/ros2_ws/build/my_ros_package
[17.102s] Level 1:colcon.colcon_core.environment:checking '/home/edvin/ros2_ws/install/my_ros_package' for CMake module files
[17.103s] Level 1:colcon.colcon_core.environment:checking '/home/edvin/ros2_ws/install/my_ros_package' for CMake config files
[17.103s] Level 1:colcon.colcon_core.shell:create_environment_hook('my_ros_package', 'cmake_prefix_path')
[17.114s] INFO:colcon.colcon_core.shell:Creating environment hook '/home/edvin/ros2_ws/install/my_ros_package/share/my_ros_package/hook/cmake_prefix_path.ps1'
[17.114s] INFO:colcon.colcon_core.shell:Creating environment descriptor '/home/edvin/ros2_ws/install/my_ros_package/share/my_ros_package/hook/cmake_prefix_path.dsv'
[17.115s] INFO:colcon.colcon_core.shell:Creating environment hook '/home/edvin/ros2_ws/install/my_ros_package/share/my_ros_package/hook/cmake_prefix_path.sh'
[17.115s] Level 1:colcon.colcon_core.environment:checking '/home/edvin/ros2_ws/install/my_ros_package/lib'
[17.116s] Level 1:colcon.colcon_core.environment:checking '/home/edvin/ros2_ws/install/my_ros_package/bin'
[17.116s] Level 1:colcon.colcon_core.environment:checking '/home/edvin/ros2_ws/install/my_ros_package/lib/pkgconfig/my_ros_package.pc'
[17.116s] Level 1:colcon.colcon_core.environment:checking '/home/edvin/ros2_ws/install/my_ros_package/lib/python3.10/site-packages'
[17.116s] Level 1:colcon.colcon_core.environment:checking '/home/edvin/ros2_ws/install/my_ros_package/bin'
[17.130s] INFO:colcon.colcon_core.shell:Creating package script '/home/edvin/ros2_ws/install/my_ros_package/share/my_ros_package/package.ps1'
[17.131s] INFO:colcon.colcon_core.shell:Creating package descriptor '/home/edvin/ros2_ws/install/my_ros_package/share/my_ros_package/package.dsv'
[17.132s] INFO:colcon.colcon_core.shell:Creating package script '/home/edvin/ros2_ws/install/my_ros_package/share/my_ros_package/package.sh'
[17.133s] INFO:colcon.colcon_core.shell:Creating package script '/home/edvin/ros2_ws/install/my_ros_package/share/my_ros_package/package.bash'
[17.135s] INFO:colcon.colcon_core.shell:Creating package script '/home/edvin/ros2_ws/install/my_ros_package/share/my_ros_package/package.zsh'
[17.136s] Level 1:colcon.colcon_core.environment:create_file_with_runtime_dependencies(/home/edvin/ros2_ws/install/my_ros_package/share/colcon-core/packages/my_ros_package)
[17.184s] Level 1:colcon.colcon_core.environment:create_environment_scripts_only(my_ros_package)
[17.197s] Level 1:colcon.colcon_core.environment:checking '/home/edvin/ros2_ws/install/my_ros_package' for CMake module files
[17.198s] Level 1:colcon.colcon_core.environment:checking '/home/edvin/ros2_ws/install/my_ros_package' for CMake config files
[17.198s] Level 1:colcon.colcon_core.shell:create_environment_hook('my_ros_package', 'cmake_prefix_path')
[17.210s] INFO:colcon.colcon_core.shell:Creating environment hook '/home/edvin/ros2_ws/install/my_ros_package/share/my_ros_package/hook/cmake_prefix_path.ps1'
[17.211s] INFO:colcon.colcon_core.shell:Creating environment descriptor '/home/edvin/ros2_ws/install/my_ros_package/share/my_ros_package/hook/cmake_prefix_path.dsv'
[17.212s] INFO:colcon.colcon_core.shell:Creating environment hook '/home/edvin/ros2_ws/install/my_ros_package/share/my_ros_package/hook/cmake_prefix_path.sh'
[17.212s] Level 1:colcon.colcon_core.environment:checking '/home/edvin/ros2_ws/install/my_ros_package/lib'
[17.212s] Level 1:colcon.colcon_core.environment:checking '/home/edvin/ros2_ws/install/my_ros_package/bin'
[17.213s] Level 1:colcon.colcon_core.environment:checking '/home/edvin/ros2_ws/install/my_ros_package/lib/pkgconfig/my_ros_package.pc'
[17.213s] Level 1:colcon.colcon_core.environment:checking '/home/edvin/ros2_ws/install/my_ros_package/lib/python3.10/site-packages'
[17.213s] Level 1:colcon.colcon_core.environment:checking '/home/edvin/ros2_ws/install/my_ros_package/bin'
[17.226s] INFO:colcon.colcon_core.shell:Creating package script '/home/edvin/ros2_ws/install/my_ros_package/share/my_ros_package/package.ps1'
[17.227s] INFO:colcon.colcon_core.shell:Creating package descriptor '/home/edvin/ros2_ws/install/my_ros_package/share/my_ros_package/package.dsv'
[17.228s] INFO:colcon.colcon_core.shell:Creating package script '/home/edvin/ros2_ws/install/my_ros_package/share/my_ros_package/package.sh'
[17.229s] INFO:colcon.colcon_core.shell:Creating package script '/home/edvin/ros2_ws/install/my_ros_package/share/my_ros_package/package.bash'
[17.230s] INFO:colcon.colcon_core.shell:Creating package script '/home/edvin/ros2_ws/install/my_ros_package/share/my_ros_package/package.zsh'
[17.231s] Level 1:colcon.colcon_core.environment:create_file_with_runtime_dependencies(/home/edvin/ros2_ws/install/my_ros_package/share/colcon-core/packages/my_ros_package)
[17.233s] DEBUG:colcon.colcon_parallel_executor.executor.parallel:closing loop
[17.233s] DEBUG:colcon.colcon_parallel_executor.executor.parallel:loop closed
[17.234s] DEBUG:colcon.colcon_parallel_executor.executor.parallel:run_until_complete finished with '0'
[17.234s] DEBUG:colcon.colcon_core.event_reactor:joining thread
[17.250s] INFO:colcon.colcon_core.plugin_system:Skipping extension 'colcon_notification.desktop_notification.terminal_notifier': Not used on non-Darwin systems
[17.250s] INFO:colcon.colcon_core.plugin_system:Skipping extension 'colcon_notification.desktop_notification.win32': Not used on non-Windows systems
[17.250s] INFO:colcon.colcon_notification.desktop_notification:Sending desktop notification using 'notify2'
[17.271s] DEBUG:colcon.colcon_core.event_reactor:joined thread
[17.302s] INFO:colcon.colcon_core.shell:Creating prefix script '/home/edvin/ros2_ws/install/local_setup.ps1'
[17.303s] INFO:colcon.colcon_core.shell:Creating prefix util module '/home/edvin/ros2_ws/install/_local_setup_util_ps1.py'
[17.305s] INFO:colcon.colcon_core.shell:Creating prefix chain script '/home/edvin/ros2_ws/install/setup.ps1'
[17.318s] INFO:colcon.colcon_core.shell:Creating prefix script '/home/edvin/ros2_ws/install/local_setup.sh'
[17.319s] INFO:colcon.colcon_core.shell:Creating prefix util module '/home/edvin/ros2_ws/install/_local_setup_util_sh.py'
[17.321s] INFO:colcon.colcon_core.shell:Creating prefix chain script '/home/edvin/ros2_ws/install/setup.sh'
[17.335s] INFO:colcon.colcon_core.shell:Creating prefix script '/home/edvin/ros2_ws/install/local_setup.bash'
[17.336s] INFO:colcon.colcon_core.shell:Creating prefix chain script '/home/edvin/ros2_ws/install/setup.bash'
[17.349s] INFO:colcon.colcon_core.shell:Creating prefix script '/home/edvin/ros2_ws/install/local_setup.zsh'
[17.350s] INFO:colcon.colcon_core.shell:Creating prefix chain script '/home/edvin/ros2_ws/install/setup.zsh'
