[0.058s] Invoking command in '/home/edvin/ros2_ws/build/custom_msgs': CMAKE_PREFIX_PATH=${CMAKE_PREFIX_PATH}:/opt/ros/humble /usr/bin/cmake --build /home/edvin/ros2_ws/build/custom_msgs -- -j8 -l8
[0.112s] [  1%] Built target custom_msgs__cpp
[0.114s] [ 12%] Built target custom_msgs__rosidl_generator_c
[0.122s] [ 12%] Built target ament_cmake_python_copy_custom_msgs
[0.133s] [ 23%] Built target custom_msgs__rosidl_typesupport_cpp
[0.135s] [ 34%] Built target custom_msgs__rosidl_typesupport_introspection_c
[0.142s] [ 45%] Built target custom_msgs__rosidl_typesupport_fastrtps_cpp
[0.142s] [ 56%] Built target custom_msgs__rosidl_typesupport_introspection_cpp
[0.143s] [ 67%] Built target custom_msgs__rosidl_typesupport_fastrtps_c
[0.148s] [ 78%] Built target custom_msgs__rosidl_typesupport_c
[0.174s] [ 78%] Built target custom_msgs
[0.194s] [ 80%] Built target custom_msgs__py
[0.217s] [ 89%] Built target custom_msgs__rosidl_generator_py
[0.242s] [ 92%] Built target custom_msgs__rosidl_typesupport_c__pyext
[0.243s] [ 96%] Built target custom_msgs__rosidl_typesupport_introspection_c__pyext
[0.244s] [100%] Built target custom_msgs__rosidl_typesupport_fastrtps_c__pyext
[0.328s] running egg_info
[0.329s] writing custom_msgs.egg-info/PKG-INFO
[0.330s] writing dependency_links to custom_msgs.egg-info/dependency_links.txt
[0.330s] writing top-level names to custom_msgs.egg-info/top_level.txt
[0.333s] reading manifest file 'custom_msgs.egg-info/SOURCES.txt'
[0.334s] writing manifest file 'custom_msgs.egg-info/SOURCES.txt'
[0.365s] [100%] Built target ament_cmake_python_build_custom_msgs_egg
[0.377s] Invoked command in '/home/edvin/ros2_ws/build/custom_msgs' returned '0': CMAKE_PREFIX_PATH=${CMAKE_PREFIX_PATH}:/opt/ros/humble /usr/bin/cmake --build /home/edvin/ros2_ws/build/custom_msgs -- -j8 -l8
[0.516s] Invoking command in '/home/edvin/ros2_ws/build/custom_msgs': CMAKE_PREFIX_PATH=${CMAKE_PREFIX_PATH}:/opt/ros/humble /usr/bin/cmake --install /home/edvin/ros2_ws/build/custom_msgs
[0.525s] -- Install configuration: ""
[0.525s] -- Up-to-date: /home/edvin/ros2_ws/install/custom_msgs/share/ament_index/resource_index/rosidl_interfaces/custom_msgs
[0.525s] -- Up-to-date: /home/edvin/ros2_ws/install/custom_msgs/include/custom_msgs/custom_msgs
[0.525s] -- Up-to-date: /home/edvin/ros2_ws/install/custom_msgs/include/custom_msgs/custom_msgs/msg
[0.525s] -- Up-to-date: /home/edvin/ros2_ws/install/custom_msgs/include/custom_msgs/custom_msgs/msg/image_nv12.h
[0.526s] -- Up-to-date: /home/edvin/ros2_ws/install/custom_msgs/include/custom_msgs/custom_msgs/msg/image_diff.h
[0.526s] -- Up-to-date: /home/edvin/ros2_ws/install/custom_msgs/include/custom_msgs/custom_msgs/msg/rosidl_generator_c__visibility_control.h
[0.526s] -- Up-to-date: /home/edvin/ros2_ws/install/custom_msgs/include/custom_msgs/custom_msgs/msg/detail
[0.526s] -- Up-to-date: /home/edvin/ros2_ws/install/custom_msgs/include/custom_msgs/custom_msgs/msg/detail/object__struct.h
[0.526s] -- Up-to-date: /home/edvin/ros2_ws/install/custom_msgs/include/custom_msgs/custom_msgs/msg/detail/object_info__struct.h
[0.526s] -- Up-to-date: /home/edvin/ros2_ws/install/custom_msgs/include/custom_msgs/custom_msgs/msg/detail/object__type_support.h
[0.527s] -- Up-to-date: /home/edvin/ros2_ws/install/custom_msgs/include/custom_msgs/custom_msgs/msg/detail/image_nv12__functions.c
[0.527s] -- Up-to-date: /home/edvin/ros2_ws/install/custom_msgs/include/custom_msgs/custom_msgs/msg/detail/image_diff__functions.h
[0.527s] -- Up-to-date: /home/edvin/ros2_ws/install/custom_msgs/include/custom_msgs/custom_msgs/msg/detail/object__functions.h
[0.527s] -- Up-to-date: /home/edvin/ros2_ws/install/custom_msgs/include/custom_msgs/custom_msgs/msg/detail/image_diff__struct.h
[0.527s] -- Up-to-date: /home/edvin/ros2_ws/install/custom_msgs/include/custom_msgs/custom_msgs/msg/detail/image_diff__type_support.h
[0.527s] -- Up-to-date: /home/edvin/ros2_ws/install/custom_msgs/include/custom_msgs/custom_msgs/msg/detail/object__functions.c
[0.527s] -- Up-to-date: /home/edvin/ros2_ws/install/custom_msgs/include/custom_msgs/custom_msgs/msg/detail/object_info__type_support.h
[0.528s] -- Up-to-date: /home/edvin/ros2_ws/install/custom_msgs/include/custom_msgs/custom_msgs/msg/detail/image_nv12__type_support.h
[0.528s] -- Up-to-date: /home/edvin/ros2_ws/install/custom_msgs/include/custom_msgs/custom_msgs/msg/detail/image_diff__functions.c
[0.528s] -- Up-to-date: /home/edvin/ros2_ws/install/custom_msgs/include/custom_msgs/custom_msgs/msg/detail/object_info__functions.h
[0.528s] -- Up-to-date: /home/edvin/ros2_ws/install/custom_msgs/include/custom_msgs/custom_msgs/msg/detail/image_nv12__functions.h
[0.528s] -- Up-to-date: /home/edvin/ros2_ws/install/custom_msgs/include/custom_msgs/custom_msgs/msg/detail/image_nv12__struct.h
[0.528s] -- Up-to-date: /home/edvin/ros2_ws/install/custom_msgs/include/custom_msgs/custom_msgs/msg/detail/object_info__functions.c
[0.528s] -- Up-to-date: /home/edvin/ros2_ws/install/custom_msgs/include/custom_msgs/custom_msgs/msg/object_info.h
[0.528s] -- Up-to-date: /home/edvin/ros2_ws/install/custom_msgs/include/custom_msgs/custom_msgs/msg/object.h
[0.528s] -- Up-to-date: /home/edvin/ros2_ws/install/custom_msgs/share/custom_msgs/environment/library_path.sh
[0.528s] -- Up-to-date: /home/edvin/ros2_ws/install/custom_msgs/share/custom_msgs/environment/library_path.dsv
[0.529s] -- Up-to-date: /home/edvin/ros2_ws/install/custom_msgs/lib/libcustom_msgs__rosidl_generator_c.so
[0.529s] -- Up-to-date: /home/edvin/ros2_ws/install/custom_msgs/include/custom_msgs/custom_msgs
[0.529s] -- Up-to-date: /home/edvin/ros2_ws/install/custom_msgs/include/custom_msgs/custom_msgs/msg
[0.529s] -- Up-to-date: /home/edvin/ros2_ws/install/custom_msgs/include/custom_msgs/custom_msgs/msg/rosidl_typesupport_fastrtps_c__visibility_control.h
[0.529s] -- Up-to-date: /home/edvin/ros2_ws/install/custom_msgs/include/custom_msgs/custom_msgs/msg/detail
[0.529s] -- Up-to-date: /home/edvin/ros2_ws/install/custom_msgs/include/custom_msgs/custom_msgs/msg/detail/object_info__rosidl_typesupport_fastrtps_c.h
[0.529s] -- Up-to-date: /home/edvin/ros2_ws/install/custom_msgs/include/custom_msgs/custom_msgs/msg/detail/image_diff__rosidl_typesupport_fastrtps_c.h
[0.529s] -- Up-to-date: /home/edvin/ros2_ws/install/custom_msgs/include/custom_msgs/custom_msgs/msg/detail/image_nv12__rosidl_typesupport_fastrtps_c.h
[0.530s] -- Up-to-date: /home/edvin/ros2_ws/install/custom_msgs/include/custom_msgs/custom_msgs/msg/detail/object__rosidl_typesupport_fastrtps_c.h
[0.530s] -- Up-to-date: /home/edvin/ros2_ws/install/custom_msgs/lib/libcustom_msgs__rosidl_typesupport_fastrtps_c.so
[0.530s] -- Up-to-date: /home/edvin/ros2_ws/install/custom_msgs/include/custom_msgs/custom_msgs
[0.530s] -- Up-to-date: /home/edvin/ros2_ws/install/custom_msgs/include/custom_msgs/custom_msgs/msg
[0.530s] -- Up-to-date: /home/edvin/ros2_ws/install/custom_msgs/include/custom_msgs/custom_msgs/msg/detail
[0.530s] -- Up-to-date: /home/edvin/ros2_ws/install/custom_msgs/include/custom_msgs/custom_msgs/msg/detail/image_nv12__rosidl_typesupport_introspection_c.h
[0.530s] -- Up-to-date: /home/edvin/ros2_ws/install/custom_msgs/include/custom_msgs/custom_msgs/msg/detail/object_info__type_support.c
[0.530s] -- Up-to-date: /home/edvin/ros2_ws/install/custom_msgs/include/custom_msgs/custom_msgs/msg/detail/image_nv12__type_support.c
[0.530s] -- Up-to-date: /home/edvin/ros2_ws/install/custom_msgs/include/custom_msgs/custom_msgs/msg/detail/object_info__rosidl_typesupport_introspection_c.h
[0.530s] -- Up-to-date: /home/edvin/ros2_ws/install/custom_msgs/include/custom_msgs/custom_msgs/msg/detail/object__type_support.c
[0.530s] -- Up-to-date: /home/edvin/ros2_ws/install/custom_msgs/include/custom_msgs/custom_msgs/msg/detail/image_diff__rosidl_typesupport_introspection_c.h
[0.531s] -- Up-to-date: /home/edvin/ros2_ws/install/custom_msgs/include/custom_msgs/custom_msgs/msg/detail/image_diff__type_support.c
[0.531s] -- Up-to-date: /home/edvin/ros2_ws/install/custom_msgs/include/custom_msgs/custom_msgs/msg/detail/object__rosidl_typesupport_introspection_c.h
[0.531s] -- Up-to-date: /home/edvin/ros2_ws/install/custom_msgs/include/custom_msgs/custom_msgs/msg/rosidl_typesupport_introspection_c__visibility_control.h
[0.531s] -- Up-to-date: /home/edvin/ros2_ws/install/custom_msgs/lib/libcustom_msgs__rosidl_typesupport_introspection_c.so
[0.531s] -- Up-to-date: /home/edvin/ros2_ws/install/custom_msgs/lib/libcustom_msgs__rosidl_typesupport_c.so
[0.531s] -- Up-to-date: /home/edvin/ros2_ws/install/custom_msgs/include/custom_msgs/custom_msgs
[0.531s] -- Up-to-date: /home/edvin/ros2_ws/install/custom_msgs/include/custom_msgs/custom_msgs/msg
[0.531s] -- Up-to-date: /home/edvin/ros2_ws/install/custom_msgs/include/custom_msgs/custom_msgs/msg/object_info.hpp
[0.531s] -- Up-to-date: /home/edvin/ros2_ws/install/custom_msgs/include/custom_msgs/custom_msgs/msg/image_nv12.hpp
[0.531s] -- Up-to-date: /home/edvin/ros2_ws/install/custom_msgs/include/custom_msgs/custom_msgs/msg/image_diff.hpp
[0.531s] -- Up-to-date: /home/edvin/ros2_ws/install/custom_msgs/include/custom_msgs/custom_msgs/msg/detail
[0.531s] -- Up-to-date: /home/edvin/ros2_ws/install/custom_msgs/include/custom_msgs/custom_msgs/msg/detail/object_info__builder.hpp
[0.531s] -- Up-to-date: /home/edvin/ros2_ws/install/custom_msgs/include/custom_msgs/custom_msgs/msg/detail/image_nv12__traits.hpp
[0.531s] -- Up-to-date: /home/edvin/ros2_ws/install/custom_msgs/include/custom_msgs/custom_msgs/msg/detail/image_nv12__struct.hpp
[0.531s] -- Up-to-date: /home/edvin/ros2_ws/install/custom_msgs/include/custom_msgs/custom_msgs/msg/detail/image_nv12__builder.hpp
[0.531s] -- Up-to-date: /home/edvin/ros2_ws/install/custom_msgs/include/custom_msgs/custom_msgs/msg/detail/object_info__traits.hpp
[0.531s] -- Up-to-date: /home/edvin/ros2_ws/install/custom_msgs/include/custom_msgs/custom_msgs/msg/detail/object__struct.hpp
[0.531s] -- Up-to-date: /home/edvin/ros2_ws/install/custom_msgs/include/custom_msgs/custom_msgs/msg/detail/image_diff__builder.hpp
[0.532s] -- Up-to-date: /home/edvin/ros2_ws/install/custom_msgs/include/custom_msgs/custom_msgs/msg/detail/object__builder.hpp
[0.532s] -- Up-to-date: /home/edvin/ros2_ws/install/custom_msgs/include/custom_msgs/custom_msgs/msg/detail/object_info__struct.hpp
[0.532s] -- Up-to-date: /home/edvin/ros2_ws/install/custom_msgs/include/custom_msgs/custom_msgs/msg/detail/image_diff__traits.hpp
[0.532s] -- Up-to-date: /home/edvin/ros2_ws/install/custom_msgs/include/custom_msgs/custom_msgs/msg/detail/object__traits.hpp
[0.532s] -- Up-to-date: /home/edvin/ros2_ws/install/custom_msgs/include/custom_msgs/custom_msgs/msg/detail/image_diff__struct.hpp
[0.532s] -- Up-to-date: /home/edvin/ros2_ws/install/custom_msgs/include/custom_msgs/custom_msgs/msg/object.hpp
[0.532s] -- Up-to-date: /home/edvin/ros2_ws/install/custom_msgs/include/custom_msgs/custom_msgs
[0.532s] -- Up-to-date: /home/edvin/ros2_ws/install/custom_msgs/include/custom_msgs/custom_msgs/msg
[0.532s] -- Up-to-date: /home/edvin/ros2_ws/install/custom_msgs/include/custom_msgs/custom_msgs/msg/rosidl_typesupport_fastrtps_cpp__visibility_control.h
[0.532s] -- Up-to-date: /home/edvin/ros2_ws/install/custom_msgs/include/custom_msgs/custom_msgs/msg/detail
[0.532s] -- Up-to-date: /home/edvin/ros2_ws/install/custom_msgs/include/custom_msgs/custom_msgs/msg/detail/object_info__rosidl_typesupport_fastrtps_cpp.hpp
[0.532s] -- Up-to-date: /home/edvin/ros2_ws/install/custom_msgs/include/custom_msgs/custom_msgs/msg/detail/object__rosidl_typesupport_fastrtps_cpp.hpp
[0.532s] -- Up-to-date: /home/edvin/ros2_ws/install/custom_msgs/include/custom_msgs/custom_msgs/msg/detail/image_nv12__rosidl_typesupport_fastrtps_cpp.hpp
[0.532s] -- Up-to-date: /home/edvin/ros2_ws/install/custom_msgs/include/custom_msgs/custom_msgs/msg/detail/image_diff__rosidl_typesupport_fastrtps_cpp.hpp
[0.532s] -- Up-to-date: /home/edvin/ros2_ws/install/custom_msgs/include/custom_msgs/custom_msgs/msg/detail/dds_fastrtps
[0.532s] -- Up-to-date: /home/edvin/ros2_ws/install/custom_msgs/lib/libcustom_msgs__rosidl_typesupport_fastrtps_cpp.so
[0.532s] -- Up-to-date: /home/edvin/ros2_ws/install/custom_msgs/include/custom_msgs/custom_msgs
[0.532s] -- Up-to-date: /home/edvin/ros2_ws/install/custom_msgs/include/custom_msgs/custom_msgs/msg
[0.532s] -- Up-to-date: /home/edvin/ros2_ws/install/custom_msgs/include/custom_msgs/custom_msgs/msg/detail
[0.532s] -- Up-to-date: /home/edvin/ros2_ws/install/custom_msgs/include/custom_msgs/custom_msgs/msg/detail/image_diff__type_support.cpp
[0.533s] -- Up-to-date: /home/edvin/ros2_ws/install/custom_msgs/include/custom_msgs/custom_msgs/msg/detail/image_nv12__rosidl_typesupport_introspection_cpp.hpp
[0.533s] -- Up-to-date: /home/edvin/ros2_ws/install/custom_msgs/include/custom_msgs/custom_msgs/msg/detail/image_nv12__type_support.cpp
[0.533s] -- Up-to-date: /home/edvin/ros2_ws/install/custom_msgs/include/custom_msgs/custom_msgs/msg/detail/object_info__rosidl_typesupport_introspection_cpp.hpp
[0.533s] -- Up-to-date: /home/edvin/ros2_ws/install/custom_msgs/include/custom_msgs/custom_msgs/msg/detail/object__rosidl_typesupport_introspection_cpp.hpp
[0.533s] -- Up-to-date: /home/edvin/ros2_ws/install/custom_msgs/include/custom_msgs/custom_msgs/msg/detail/object_info__type_support.cpp
[0.533s] -- Up-to-date: /home/edvin/ros2_ws/install/custom_msgs/include/custom_msgs/custom_msgs/msg/detail/object__type_support.cpp
[0.533s] -- Up-to-date: /home/edvin/ros2_ws/install/custom_msgs/include/custom_msgs/custom_msgs/msg/detail/image_diff__rosidl_typesupport_introspection_cpp.hpp
[0.533s] -- Up-to-date: /home/edvin/ros2_ws/install/custom_msgs/lib/libcustom_msgs__rosidl_typesupport_introspection_cpp.so
[0.533s] -- Up-to-date: /home/edvin/ros2_ws/install/custom_msgs/lib/libcustom_msgs__rosidl_typesupport_cpp.so
[0.533s] -- Up-to-date: /home/edvin/ros2_ws/install/custom_msgs/share/custom_msgs/environment/pythonpath.sh
[0.533s] -- Up-to-date: /home/edvin/ros2_ws/install/custom_msgs/share/custom_msgs/environment/pythonpath.dsv
[0.533s] -- Up-to-date: /home/edvin/ros2_ws/install/custom_msgs/local/lib/python3.10/dist-packages/custom_msgs-0.0.0-py3.10.egg-info
[0.533s] -- Installing: /home/edvin/ros2_ws/install/custom_msgs/local/lib/python3.10/dist-packages/custom_msgs-0.0.0-py3.10.egg-info/top_level.txt
[0.533s] -- Installing: /home/edvin/ros2_ws/install/custom_msgs/local/lib/python3.10/dist-packages/custom_msgs-0.0.0-py3.10.egg-info/PKG-INFO
[0.533s] -- Installing: /home/edvin/ros2_ws/install/custom_msgs/local/lib/python3.10/dist-packages/custom_msgs-0.0.0-py3.10.egg-info/SOURCES.txt
[0.533s] -- Installing: /home/edvin/ros2_ws/install/custom_msgs/local/lib/python3.10/dist-packages/custom_msgs-0.0.0-py3.10.egg-info/dependency_links.txt
[0.533s] -- Up-to-date: /home/edvin/ros2_ws/install/custom_msgs/local/lib/python3.10/dist-packages/custom_msgs
[0.533s] -- Up-to-date: /home/edvin/ros2_ws/install/custom_msgs/local/lib/python3.10/dist-packages/custom_msgs/msg
[0.533s] -- Up-to-date: /home/edvin/ros2_ws/install/custom_msgs/local/lib/python3.10/dist-packages/custom_msgs/msg/_image_nv12.py
[0.533s] -- Up-to-date: /home/edvin/ros2_ws/install/custom_msgs/local/lib/python3.10/dist-packages/custom_msgs/msg/_image_nv12_s.c
[0.534s] -- Up-to-date: /home/edvin/ros2_ws/install/custom_msgs/local/lib/python3.10/dist-packages/custom_msgs/msg/_object.py
[0.534s] -- Up-to-date: /home/edvin/ros2_ws/install/custom_msgs/local/lib/python3.10/dist-packages/custom_msgs/msg/__init__.py
[0.534s] -- Up-to-date: /home/edvin/ros2_ws/install/custom_msgs/local/lib/python3.10/dist-packages/custom_msgs/msg/_object_s.c
[0.534s] -- Up-to-date: /home/edvin/ros2_ws/install/custom_msgs/local/lib/python3.10/dist-packages/custom_msgs/msg/_object_info.py
[0.534s] -- Up-to-date: /home/edvin/ros2_ws/install/custom_msgs/local/lib/python3.10/dist-packages/custom_msgs/msg/_object_info_s.c
[0.534s] -- Up-to-date: /home/edvin/ros2_ws/install/custom_msgs/local/lib/python3.10/dist-packages/custom_msgs/msg/_image_diff.py
[0.534s] -- Up-to-date: /home/edvin/ros2_ws/install/custom_msgs/local/lib/python3.10/dist-packages/custom_msgs/msg/_image_diff_s.c
[0.534s] -- Up-to-date: /home/edvin/ros2_ws/install/custom_msgs/local/lib/python3.10/dist-packages/custom_msgs/custom_msgs_s__rosidl_typesupport_c.cpython-310-x86_64-linux-gnu.so
[0.534s] -- Up-to-date: /home/edvin/ros2_ws/install/custom_msgs/local/lib/python3.10/dist-packages/custom_msgs/libcustom_msgs__rosidl_generator_py.so
[0.534s] -- Up-to-date: /home/edvin/ros2_ws/install/custom_msgs/local/lib/python3.10/dist-packages/custom_msgs/_custom_msgs_s.ep.rosidl_typesupport_fastrtps_c.c
[0.534s] -- Up-to-date: /home/edvin/ros2_ws/install/custom_msgs/local/lib/python3.10/dist-packages/custom_msgs/__init__.py
[0.534s] -- Up-to-date: /home/edvin/ros2_ws/install/custom_msgs/local/lib/python3.10/dist-packages/custom_msgs/_custom_msgs_s.ep.rosidl_typesupport_introspection_c.c
[0.534s] -- Up-to-date: /home/edvin/ros2_ws/install/custom_msgs/local/lib/python3.10/dist-packages/custom_msgs/_custom_msgs_s.ep.rosidl_typesupport_c.c
[0.534s] -- Up-to-date: /home/edvin/ros2_ws/install/custom_msgs/local/lib/python3.10/dist-packages/custom_msgs/custom_msgs_s__rosidl_typesupport_introspection_c.cpython-310-x86_64-linux-gnu.so
[0.534s] -- Up-to-date: /home/edvin/ros2_ws/install/custom_msgs/local/lib/python3.10/dist-packages/custom_msgs/custom_msgs_s__rosidl_typesupport_fastrtps_c.cpython-310-x86_64-linux-gnu.so
[0.558s] Listing '/home/edvin/ros2_ws/install/custom_msgs/local/lib/python3.10/dist-packages/custom_msgs'...
[0.558s] Listing '/home/edvin/ros2_ws/install/custom_msgs/local/lib/python3.10/dist-packages/custom_msgs/msg'...
[0.562s] -- Up-to-date: /home/edvin/ros2_ws/install/custom_msgs/local/lib/python3.10/dist-packages/custom_msgs/custom_msgs_s__rosidl_typesupport_fastrtps_c.cpython-310-x86_64-linux-gnu.so
[0.562s] -- Up-to-date: /home/edvin/ros2_ws/install/custom_msgs/local/lib/python3.10/dist-packages/custom_msgs/custom_msgs_s__rosidl_typesupport_introspection_c.cpython-310-x86_64-linux-gnu.so
[0.563s] -- Up-to-date: /home/edvin/ros2_ws/install/custom_msgs/local/lib/python3.10/dist-packages/custom_msgs/custom_msgs_s__rosidl_typesupport_c.cpython-310-x86_64-linux-gnu.so
[0.563s] -- Up-to-date: /home/edvin/ros2_ws/install/custom_msgs/lib/libcustom_msgs__rosidl_generator_py.so
[0.563s] -- Up-to-date: /home/edvin/ros2_ws/install/custom_msgs/share/custom_msgs/msg/ImageNv12.idl
[0.563s] -- Up-to-date: /home/edvin/ros2_ws/install/custom_msgs/share/custom_msgs/msg/ImageDiff.idl
[0.563s] -- Up-to-date: /home/edvin/ros2_ws/install/custom_msgs/share/custom_msgs/msg/Object.idl
[0.563s] -- Up-to-date: /home/edvin/ros2_ws/install/custom_msgs/share/custom_msgs/msg/ObjectInfo.idl
[0.563s] -- Up-to-date: /home/edvin/ros2_ws/install/custom_msgs/share/custom_msgs/msg/ImageNv12.msg
[0.564s] -- Up-to-date: /home/edvin/ros2_ws/install/custom_msgs/share/custom_msgs/msg/ImageDiff.msg
[0.564s] -- Up-to-date: /home/edvin/ros2_ws/install/custom_msgs/share/custom_msgs/msg/Object.msg
[0.564s] -- Up-to-date: /home/edvin/ros2_ws/install/custom_msgs/share/custom_msgs/msg/ObjectInfo.msg
[0.564s] -- Up-to-date: /home/edvin/ros2_ws/install/custom_msgs/share/ament_index/resource_index/package_run_dependencies/custom_msgs
[0.564s] -- Up-to-date: /home/edvin/ros2_ws/install/custom_msgs/share/ament_index/resource_index/parent_prefix_path/custom_msgs
[0.564s] -- Up-to-date: /home/edvin/ros2_ws/install/custom_msgs/share/custom_msgs/environment/ament_prefix_path.sh
[0.564s] -- Up-to-date: /home/edvin/ros2_ws/install/custom_msgs/share/custom_msgs/environment/ament_prefix_path.dsv
[0.564s] -- Up-to-date: /home/edvin/ros2_ws/install/custom_msgs/share/custom_msgs/environment/path.sh
[0.564s] -- Up-to-date: /home/edvin/ros2_ws/install/custom_msgs/share/custom_msgs/environment/path.dsv
[0.564s] -- Up-to-date: /home/edvin/ros2_ws/install/custom_msgs/share/custom_msgs/local_setup.bash
[0.565s] -- Up-to-date: /home/edvin/ros2_ws/install/custom_msgs/share/custom_msgs/local_setup.sh
[0.565s] -- Up-to-date: /home/edvin/ros2_ws/install/custom_msgs/share/custom_msgs/local_setup.zsh
[0.565s] -- Up-to-date: /home/edvin/ros2_ws/install/custom_msgs/share/custom_msgs/local_setup.dsv
[0.565s] -- Installing: /home/edvin/ros2_ws/install/custom_msgs/share/custom_msgs/package.dsv
[0.565s] -- Up-to-date: /home/edvin/ros2_ws/install/custom_msgs/share/ament_index/resource_index/packages/custom_msgs
[0.565s] -- Up-to-date: /home/edvin/ros2_ws/install/custom_msgs/share/custom_msgs/cmake/export_custom_msgs__rosidl_generator_cExport.cmake
[0.565s] -- Up-to-date: /home/edvin/ros2_ws/install/custom_msgs/share/custom_msgs/cmake/export_custom_msgs__rosidl_generator_cExport-noconfig.cmake
[0.565s] -- Up-to-date: /home/edvin/ros2_ws/install/custom_msgs/share/custom_msgs/cmake/export_custom_msgs__rosidl_typesupport_fastrtps_cExport.cmake
[0.566s] -- Up-to-date: /home/edvin/ros2_ws/install/custom_msgs/share/custom_msgs/cmake/export_custom_msgs__rosidl_typesupport_fastrtps_cExport-noconfig.cmake
[0.566s] -- Up-to-date: /home/edvin/ros2_ws/install/custom_msgs/share/custom_msgs/cmake/custom_msgs__rosidl_typesupport_introspection_cExport.cmake
[0.566s] -- Up-to-date: /home/edvin/ros2_ws/install/custom_msgs/share/custom_msgs/cmake/custom_msgs__rosidl_typesupport_introspection_cExport-noconfig.cmake
[0.566s] -- Up-to-date: /home/edvin/ros2_ws/install/custom_msgs/share/custom_msgs/cmake/custom_msgs__rosidl_typesupport_cExport.cmake
[0.566s] -- Up-to-date: /home/edvin/ros2_ws/install/custom_msgs/share/custom_msgs/cmake/custom_msgs__rosidl_typesupport_cExport-noconfig.cmake
[0.566s] -- Up-to-date: /home/edvin/ros2_ws/install/custom_msgs/share/custom_msgs/cmake/export_custom_msgs__rosidl_generator_cppExport.cmake
[0.566s] -- Up-to-date: /home/edvin/ros2_ws/install/custom_msgs/share/custom_msgs/cmake/export_custom_msgs__rosidl_typesupport_fastrtps_cppExport.cmake
[0.566s] -- Up-to-date: /home/edvin/ros2_ws/install/custom_msgs/share/custom_msgs/cmake/export_custom_msgs__rosidl_typesupport_fastrtps_cppExport-noconfig.cmake
[0.566s] -- Up-to-date: /home/edvin/ros2_ws/install/custom_msgs/share/custom_msgs/cmake/custom_msgs__rosidl_typesupport_introspection_cppExport.cmake
[0.566s] -- Up-to-date: /home/edvin/ros2_ws/install/custom_msgs/share/custom_msgs/cmake/custom_msgs__rosidl_typesupport_introspection_cppExport-noconfig.cmake
[0.566s] -- Up-to-date: /home/edvin/ros2_ws/install/custom_msgs/share/custom_msgs/cmake/custom_msgs__rosidl_typesupport_cppExport.cmake
[0.566s] -- Up-to-date: /home/edvin/ros2_ws/install/custom_msgs/share/custom_msgs/cmake/custom_msgs__rosidl_typesupport_cppExport-noconfig.cmake
[0.566s] -- Up-to-date: /home/edvin/ros2_ws/install/custom_msgs/share/custom_msgs/cmake/export_custom_msgs__rosidl_generator_pyExport.cmake
[0.566s] -- Up-to-date: /home/edvin/ros2_ws/install/custom_msgs/share/custom_msgs/cmake/export_custom_msgs__rosidl_generator_pyExport-noconfig.cmake
[0.566s] -- Up-to-date: /home/edvin/ros2_ws/install/custom_msgs/share/custom_msgs/cmake/rosidl_cmake-extras.cmake
[0.566s] -- Up-to-date: /home/edvin/ros2_ws/install/custom_msgs/share/custom_msgs/cmake/ament_cmake_export_include_directories-extras.cmake
[0.566s] -- Up-to-date: /home/edvin/ros2_ws/install/custom_msgs/share/custom_msgs/cmake/ament_cmake_export_libraries-extras.cmake
[0.566s] -- Up-to-date: /home/edvin/ros2_ws/install/custom_msgs/share/custom_msgs/cmake/ament_cmake_export_targets-extras.cmake
[0.567s] -- Up-to-date: /home/edvin/ros2_ws/install/custom_msgs/share/custom_msgs/cmake/rosidl_cmake_export_typesupport_targets-extras.cmake
[0.567s] -- Up-to-date: /home/edvin/ros2_ws/install/custom_msgs/share/custom_msgs/cmake/ament_cmake_export_dependencies-extras.cmake
[0.567s] -- Up-to-date: /home/edvin/ros2_ws/install/custom_msgs/share/custom_msgs/cmake/rosidl_cmake_export_typesupport_libraries-extras.cmake
[0.567s] -- Up-to-date: /home/edvin/ros2_ws/install/custom_msgs/share/custom_msgs/cmake/custom_msgsConfig.cmake
[0.567s] -- Up-to-date: /home/edvin/ros2_ws/install/custom_msgs/share/custom_msgs/cmake/custom_msgsConfig-version.cmake
[0.567s] -- Up-to-date: /home/edvin/ros2_ws/install/custom_msgs/share/custom_msgs/package.xml
[0.568s] Invoked command in '/home/edvin/ros2_ws/build/custom_msgs' returned '0': CMAKE_PREFIX_PATH=${CMAKE_PREFIX_PATH}:/opt/ros/humble /usr/bin/cmake --install /home/edvin/ros2_ws/build/custom_msgs
