[0.067s] Invoking command in '/home/edvin/ros2_ws/build/my_ros_package': CMAKE_PREFIX_PATH=/home/edvin/ros2_ws/install/custom_msgs:/home/edvin/ros2_ws/install/my_ros_package:/opt/ros/humble /usr/bin/cmake --build /home/edvin/ros2_ws/build/my_ros_package -- -j8 -l8
[0.113s] [35m[1mConsolidate compiler generated dependencies of target image_nv12_subscriber[0m
[0.131s] [ 50%] [32mBuilding CXX object CMakeFiles/image_nv12_subscriber.dir/src/image_nv12_subscriber.cpp.o[0m
[0.132s] [ 83%] Built target disparity_processing_node
[11.353s] [100%] [32m[1mLinking CXX executable image_nv12_subscriber[0m
[12.412s] [100%] Built target image_nv12_subscriber
[12.424s] Invoked command in '/home/edvin/ros2_ws/build/my_ros_package' returned '0': CMAKE_PREFIX_PATH=/home/edvin/ros2_ws/install/custom_msgs:/home/edvin/ros2_ws/install/my_ros_package:/opt/ros/humble /usr/bin/cmake --build /home/edvin/ros2_ws/build/my_ros_package -- -j8 -l8
[12.464s] Invoking command in '/home/edvin/ros2_ws/build/my_ros_package': CMAKE_PREFIX_PATH=/home/edvin/ros2_ws/install/custom_msgs:/home/edvin/ros2_ws/install/my_ros_package:/opt/ros/humble /usr/bin/cmake --install /home/edvin/ros2_ws/build/my_ros_package
[12.471s] -- Install configuration: ""
[12.471s] -- Up-to-date: /home/edvin/ros2_ws/install/my_ros_package/share/ament_index/resource_index/package_run_dependencies/my_ros_package
[12.471s] -- Installing: /home/edvin/ros2_ws/install/my_ros_package/share/ament_index/resource_index/parent_prefix_path/my_ros_package
[12.472s] -- Up-to-date: /home/edvin/ros2_ws/install/my_ros_package/share/my_ros_package/environment/ament_prefix_path.sh
[12.472s] -- Installing: /home/edvin/ros2_ws/install/my_ros_package/share/my_ros_package/environment/ament_prefix_path.dsv
[12.473s] -- Up-to-date: /home/edvin/ros2_ws/install/my_ros_package/share/my_ros_package/environment/path.sh
[12.473s] -- Installing: /home/edvin/ros2_ws/install/my_ros_package/share/my_ros_package/environment/path.dsv
[12.473s] -- Up-to-date: /home/edvin/ros2_ws/install/my_ros_package/share/my_ros_package/local_setup.bash
[12.473s] -- Up-to-date: /home/edvin/ros2_ws/install/my_ros_package/share/my_ros_package/local_setup.sh
[12.473s] -- Up-to-date: /home/edvin/ros2_ws/install/my_ros_package/share/my_ros_package/local_setup.zsh
[12.474s] -- Installing: /home/edvin/ros2_ws/install/my_ros_package/share/my_ros_package/local_setup.dsv
[12.474s] -- Installing: /home/edvin/ros2_ws/install/my_ros_package/share/my_ros_package/package.dsv
[12.475s] -- Up-to-date: /home/edvin/ros2_ws/install/my_ros_package/share/ament_index/resource_index/packages/my_ros_package
[12.475s] -- Up-to-date: /home/edvin/ros2_ws/install/my_ros_package/share/my_ros_package/cmake/my_ros_packageConfig.cmake
[12.475s] -- Up-to-date: /home/edvin/ros2_ws/install/my_ros_package/share/my_ros_package/cmake/my_ros_packageConfig-version.cmake
[12.475s] -- Up-to-date: /home/edvin/ros2_ws/install/my_ros_package/share/my_ros_package/package.xml
[12.476s] -- Up-to-date: /home/edvin/ros2_ws/install/my_ros_package/lib/my_ros_package/disparity_processing_node
[12.476s] -- Installing: /home/edvin/ros2_ws/install/my_ros_package/lib/my_ros_package/image_nv12_subscriber
[12.479s] -- Set runtime path of "/home/edvin/ros2_ws/install/my_ros_package/lib/my_ros_package/image_nv12_subscriber" to ""
[12.483s] Invoked command in '/home/edvin/ros2_ws/build/my_ros_package' returned '0': CMAKE_PREFIX_PATH=/home/edvin/ros2_ws/install/custom_msgs:/home/edvin/ros2_ws/install/my_ros_package:/opt/ros/humble /usr/bin/cmake --install /home/edvin/ros2_ws/build/my_ros_package
