[35m[1mConsolidate compiler generated dependencies of target image_nv12_subscriber[0m
[ 66%] [32mBuilding CXX object CMakeFiles/image_nv12_subscriber.dir/src/image_nv12_subscriber.cpp.o[0m
[ 83%] Built target disparity_processing_node
[01m[K/home/edvin/ros2_ws/src/my_ros_package/src/image_nv12_subscriber.cpp:[m[K In member function ‘[01m[Kvoid ImageNv12Subscriber::topic_callback(custom_msgs::msg::ImageNv12_<std::allocator<void> >::SharedPtr)[m[K’:
[01m[K/home/edvin/ros2_ws/src/my_ros_package/src/image_nv12_subscriber.cpp:169:27:[m[K [01;35m[Kwarning: [m[Kcomparison of integer expressions of different signedness: ‘[01m[Kint[m[K’ and ‘[01m[Kcustom_msgs::msg::ImageNv12_<std::allocator<void> >::_width_type[m[K’ {aka ‘[01m[Kunsigned int[m[K’} [[01;35m[K]8;;https://gcc.gnu.org/onlinedocs/gcc/Warning-Options.html#index-Wsign-compare-Wsign-compare]8;;[m[K]
  169 |         for (int i = 0; [01;35m[Ki < msg->width * msg->height[m[K; ++i) {
      |                         [01;35m[K~~^~~~~~~~~~~~~~~~~~~~~~~~~~[m[K
[100%] [32m[1mLinking CXX executable image_nv12_subscriber[0m
[100%] Built target image_nv12_subscriber
-- Install configuration: ""
-- Up-to-date: /home/edvin/ros2_ws/install/my_ros_package/share/ament_index/resource_index/package_run_dependencies/my_ros_package
-- Up-to-date: /home/edvin/ros2_ws/install/my_ros_package/share/ament_index/resource_index/parent_prefix_path/my_ros_package
-- Up-to-date: /home/edvin/ros2_ws/install/my_ros_package/share/my_ros_package/environment/ament_prefix_path.sh
-- Up-to-date: /home/edvin/ros2_ws/install/my_ros_package/share/my_ros_package/environment/ament_prefix_path.dsv
-- Up-to-date: /home/edvin/ros2_ws/install/my_ros_package/share/my_ros_package/environment/path.sh
-- Up-to-date: /home/edvin/ros2_ws/install/my_ros_package/share/my_ros_package/environment/path.dsv
-- Up-to-date: /home/edvin/ros2_ws/install/my_ros_package/share/my_ros_package/local_setup.bash
-- Up-to-date: /home/edvin/ros2_ws/install/my_ros_package/share/my_ros_package/local_setup.sh
-- Up-to-date: /home/edvin/ros2_ws/install/my_ros_package/share/my_ros_package/local_setup.zsh
-- Up-to-date: /home/edvin/ros2_ws/install/my_ros_package/share/my_ros_package/local_setup.dsv
-- Installing: /home/edvin/ros2_ws/install/my_ros_package/share/my_ros_package/package.dsv
-- Up-to-date: /home/edvin/ros2_ws/install/my_ros_package/share/ament_index/resource_index/packages/my_ros_package
-- Up-to-date: /home/edvin/ros2_ws/install/my_ros_package/share/my_ros_package/cmake/my_ros_packageConfig.cmake
-- Up-to-date: /home/edvin/ros2_ws/install/my_ros_package/share/my_ros_package/cmake/my_ros_packageConfig-version.cmake
-- Up-to-date: /home/edvin/ros2_ws/install/my_ros_package/share/my_ros_package/package.xml
-- Up-to-date: /home/edvin/ros2_ws/install/my_ros_package/lib/my_ros_package/disparity_processing_node
-- Installing: /home/edvin/ros2_ws/install/my_ros_package/lib/my_ros_package/image_nv12_subscriber
-- Set runtime path of "/home/edvin/ros2_ws/install/my_ros_package/lib/my_ros_package/image_nv12_subscriber" to ""
