[  1%] Built target custom_msgs__cpp
[ 12%] Built target custom_msgs__rosidl_generator_c
[ 12%] Built target ament_cmake_python_copy_custom_msgs
[ 23%] Built target custom_msgs__rosidl_typesupport_introspection_c
[ 43%] Built target custom_msgs__rosidl_typesupport_cpp
[ 45%] Built target custom_msgs__rosidl_typesupport_fastrtps_cpp
[ 56%] Built target custom_msgs__rosidl_typesupport_fastrtps_c
[ 67%] Built target custom_msgs__rosidl_typesupport_introspection_cpp
[ 78%] Built target custom_msgs__rosidl_typesupport_c
[ 78%] Built target custom_msgs
[ 80%] Built target custom_msgs__py
[ 89%] Built target custom_msgs__rosidl_generator_py
[ 92%] Built target custom_msgs__rosidl_typesupport_introspection_c__pyext
[ 96%] Built target custom_msgs__rosidl_typesupport_fastrtps_c__pyext
[100%] Built target custom_msgs__rosidl_typesupport_c__pyext
running egg_info
writing custom_msgs.egg-info/PKG-INFO
writing dependency_links to custom_msgs.egg-info/dependency_links.txt
writing top-level names to custom_msgs.egg-info/top_level.txt
reading manifest file 'custom_msgs.egg-info/SOURCES.txt'
writing manifest file 'custom_msgs.egg-info/SOURCES.txt'
[100%] Built target ament_cmake_python_build_custom_msgs_egg
-- Install configuration: ""
-- Up-to-date: /home/edvin/ros2_ws/install/custom_msgs/share/ament_index/resource_index/rosidl_interfaces/custom_msgs
-- Up-to-date: /home/edvin/ros2_ws/install/custom_msgs/include/custom_msgs/custom_msgs
-- Up-to-date: /home/edvin/ros2_ws/install/custom_msgs/include/custom_msgs/custom_msgs/msg
-- Up-to-date: /home/edvin/ros2_ws/install/custom_msgs/include/custom_msgs/custom_msgs/msg/image_nv12.h
-- Up-to-date: /home/edvin/ros2_ws/install/custom_msgs/include/custom_msgs/custom_msgs/msg/image_diff.h
-- Up-to-date: /home/edvin/ros2_ws/install/custom_msgs/include/custom_msgs/custom_msgs/msg/rosidl_generator_c__visibility_control.h
-- Up-to-date: /home/edvin/ros2_ws/install/custom_msgs/include/custom_msgs/custom_msgs/msg/detail
-- Up-to-date: /home/edvin/ros2_ws/install/custom_msgs/include/custom_msgs/custom_msgs/msg/detail/object__struct.h
-- Up-to-date: /home/edvin/ros2_ws/install/custom_msgs/include/custom_msgs/custom_msgs/msg/detail/object_info__struct.h
-- Up-to-date: /home/edvin/ros2_ws/install/custom_msgs/include/custom_msgs/custom_msgs/msg/detail/object__type_support.h
-- Up-to-date: /home/edvin/ros2_ws/install/custom_msgs/include/custom_msgs/custom_msgs/msg/detail/image_nv12__functions.c
-- Up-to-date: /home/edvin/ros2_ws/install/custom_msgs/include/custom_msgs/custom_msgs/msg/detail/image_diff__functions.h
-- Up-to-date: /home/edvin/ros2_ws/install/custom_msgs/include/custom_msgs/custom_msgs/msg/detail/object__functions.h
-- Up-to-date: /home/edvin/ros2_ws/install/custom_msgs/include/custom_msgs/custom_msgs/msg/detail/image_diff__struct.h
-- Up-to-date: /home/edvin/ros2_ws/install/custom_msgs/include/custom_msgs/custom_msgs/msg/detail/image_diff__type_support.h
-- Up-to-date: /home/edvin/ros2_ws/install/custom_msgs/include/custom_msgs/custom_msgs/msg/detail/object__functions.c
-- Up-to-date: /home/edvin/ros2_ws/install/custom_msgs/include/custom_msgs/custom_msgs/msg/detail/object_info__type_support.h
-- Up-to-date: /home/edvin/ros2_ws/install/custom_msgs/include/custom_msgs/custom_msgs/msg/detail/image_nv12__type_support.h
-- Up-to-date: /home/edvin/ros2_ws/install/custom_msgs/include/custom_msgs/custom_msgs/msg/detail/image_diff__functions.c
-- Up-to-date: /home/edvin/ros2_ws/install/custom_msgs/include/custom_msgs/custom_msgs/msg/detail/object_info__functions.h
-- Up-to-date: /home/edvin/ros2_ws/install/custom_msgs/include/custom_msgs/custom_msgs/msg/detail/image_nv12__functions.h
-- Up-to-date: /home/edvin/ros2_ws/install/custom_msgs/include/custom_msgs/custom_msgs/msg/detail/image_nv12__struct.h
-- Up-to-date: /home/edvin/ros2_ws/install/custom_msgs/include/custom_msgs/custom_msgs/msg/detail/object_info__functions.c
-- Up-to-date: /home/edvin/ros2_ws/install/custom_msgs/include/custom_msgs/custom_msgs/msg/object_info.h
-- Up-to-date: /home/edvin/ros2_ws/install/custom_msgs/include/custom_msgs/custom_msgs/msg/object.h
-- Up-to-date: /home/edvin/ros2_ws/install/custom_msgs/share/custom_msgs/environment/library_path.sh
-- Up-to-date: /home/edvin/ros2_ws/install/custom_msgs/share/custom_msgs/environment/library_path.dsv
-- Up-to-date: /home/edvin/ros2_ws/install/custom_msgs/lib/libcustom_msgs__rosidl_generator_c.so
-- Up-to-date: /home/edvin/ros2_ws/install/custom_msgs/include/custom_msgs/custom_msgs
-- Up-to-date: /home/edvin/ros2_ws/install/custom_msgs/include/custom_msgs/custom_msgs/msg
-- Up-to-date: /home/edvin/ros2_ws/install/custom_msgs/include/custom_msgs/custom_msgs/msg/rosidl_typesupport_fastrtps_c__visibility_control.h
-- Up-to-date: /home/edvin/ros2_ws/install/custom_msgs/include/custom_msgs/custom_msgs/msg/detail
-- Up-to-date: /home/edvin/ros2_ws/install/custom_msgs/include/custom_msgs/custom_msgs/msg/detail/object_info__rosidl_typesupport_fastrtps_c.h
-- Up-to-date: /home/edvin/ros2_ws/install/custom_msgs/include/custom_msgs/custom_msgs/msg/detail/image_diff__rosidl_typesupport_fastrtps_c.h
-- Up-to-date: /home/edvin/ros2_ws/install/custom_msgs/include/custom_msgs/custom_msgs/msg/detail/image_nv12__rosidl_typesupport_fastrtps_c.h
-- Up-to-date: /home/edvin/ros2_ws/install/custom_msgs/include/custom_msgs/custom_msgs/msg/detail/object__rosidl_typesupport_fastrtps_c.h
-- Up-to-date: /home/edvin/ros2_ws/install/custom_msgs/lib/libcustom_msgs__rosidl_typesupport_fastrtps_c.so
-- Up-to-date: /home/edvin/ros2_ws/install/custom_msgs/include/custom_msgs/custom_msgs
-- Up-to-date: /home/edvin/ros2_ws/install/custom_msgs/include/custom_msgs/custom_msgs/msg
-- Up-to-date: /home/edvin/ros2_ws/install/custom_msgs/include/custom_msgs/custom_msgs/msg/detail
-- Up-to-date: /home/edvin/ros2_ws/install/custom_msgs/include/custom_msgs/custom_msgs/msg/detail/image_nv12__rosidl_typesupport_introspection_c.h
-- Up-to-date: /home/edvin/ros2_ws/install/custom_msgs/include/custom_msgs/custom_msgs/msg/detail/object_info__type_support.c
-- Up-to-date: /home/edvin/ros2_ws/install/custom_msgs/include/custom_msgs/custom_msgs/msg/detail/image_nv12__type_support.c
-- Up-to-date: /home/edvin/ros2_ws/install/custom_msgs/include/custom_msgs/custom_msgs/msg/detail/object_info__rosidl_typesupport_introspection_c.h
-- Up-to-date: /home/edvin/ros2_ws/install/custom_msgs/include/custom_msgs/custom_msgs/msg/detail/object__type_support.c
-- Up-to-date: /home/edvin/ros2_ws/install/custom_msgs/include/custom_msgs/custom_msgs/msg/detail/image_diff__rosidl_typesupport_introspection_c.h
-- Up-to-date: /home/edvin/ros2_ws/install/custom_msgs/include/custom_msgs/custom_msgs/msg/detail/image_diff__type_support.c
-- Up-to-date: /home/edvin/ros2_ws/install/custom_msgs/include/custom_msgs/custom_msgs/msg/detail/object__rosidl_typesupport_introspection_c.h
-- Up-to-date: /home/edvin/ros2_ws/install/custom_msgs/include/custom_msgs/custom_msgs/msg/rosidl_typesupport_introspection_c__visibility_control.h
-- Up-to-date: /home/edvin/ros2_ws/install/custom_msgs/lib/libcustom_msgs__rosidl_typesupport_introspection_c.so
-- Up-to-date: /home/edvin/ros2_ws/install/custom_msgs/lib/libcustom_msgs__rosidl_typesupport_c.so
-- Up-to-date: /home/edvin/ros2_ws/install/custom_msgs/include/custom_msgs/custom_msgs
-- Up-to-date: /home/edvin/ros2_ws/install/custom_msgs/include/custom_msgs/custom_msgs/msg
-- Up-to-date: /home/edvin/ros2_ws/install/custom_msgs/include/custom_msgs/custom_msgs/msg/object_info.hpp
-- Up-to-date: /home/edvin/ros2_ws/install/custom_msgs/include/custom_msgs/custom_msgs/msg/image_nv12.hpp
-- Up-to-date: /home/edvin/ros2_ws/install/custom_msgs/include/custom_msgs/custom_msgs/msg/image_diff.hpp
-- Up-to-date: /home/edvin/ros2_ws/install/custom_msgs/include/custom_msgs/custom_msgs/msg/detail
-- Up-to-date: /home/edvin/ros2_ws/install/custom_msgs/include/custom_msgs/custom_msgs/msg/detail/object_info__builder.hpp
-- Up-to-date: /home/edvin/ros2_ws/install/custom_msgs/include/custom_msgs/custom_msgs/msg/detail/image_nv12__traits.hpp
-- Up-to-date: /home/edvin/ros2_ws/install/custom_msgs/include/custom_msgs/custom_msgs/msg/detail/image_nv12__struct.hpp
-- Up-to-date: /home/edvin/ros2_ws/install/custom_msgs/include/custom_msgs/custom_msgs/msg/detail/image_nv12__builder.hpp
-- Up-to-date: /home/edvin/ros2_ws/install/custom_msgs/include/custom_msgs/custom_msgs/msg/detail/object_info__traits.hpp
-- Up-to-date: /home/edvin/ros2_ws/install/custom_msgs/include/custom_msgs/custom_msgs/msg/detail/object__struct.hpp
-- Up-to-date: /home/edvin/ros2_ws/install/custom_msgs/include/custom_msgs/custom_msgs/msg/detail/image_diff__builder.hpp
-- Up-to-date: /home/edvin/ros2_ws/install/custom_msgs/include/custom_msgs/custom_msgs/msg/detail/object__builder.hpp
-- Up-to-date: /home/edvin/ros2_ws/install/custom_msgs/include/custom_msgs/custom_msgs/msg/detail/object_info__struct.hpp
-- Up-to-date: /home/edvin/ros2_ws/install/custom_msgs/include/custom_msgs/custom_msgs/msg/detail/image_diff__traits.hpp
-- Up-to-date: /home/edvin/ros2_ws/install/custom_msgs/include/custom_msgs/custom_msgs/msg/detail/object__traits.hpp
-- Up-to-date: /home/edvin/ros2_ws/install/custom_msgs/include/custom_msgs/custom_msgs/msg/detail/image_diff__struct.hpp
-- Up-to-date: /home/edvin/ros2_ws/install/custom_msgs/include/custom_msgs/custom_msgs/msg/object.hpp
-- Up-to-date: /home/edvin/ros2_ws/install/custom_msgs/include/custom_msgs/custom_msgs
-- Up-to-date: /home/edvin/ros2_ws/install/custom_msgs/include/custom_msgs/custom_msgs/msg
-- Up-to-date: /home/edvin/ros2_ws/install/custom_msgs/include/custom_msgs/custom_msgs/msg/rosidl_typesupport_fastrtps_cpp__visibility_control.h
-- Up-to-date: /home/edvin/ros2_ws/install/custom_msgs/include/custom_msgs/custom_msgs/msg/detail
-- Up-to-date: /home/edvin/ros2_ws/install/custom_msgs/include/custom_msgs/custom_msgs/msg/detail/object_info__rosidl_typesupport_fastrtps_cpp.hpp
-- Up-to-date: /home/edvin/ros2_ws/install/custom_msgs/include/custom_msgs/custom_msgs/msg/detail/object__rosidl_typesupport_fastrtps_cpp.hpp
-- Up-to-date: /home/edvin/ros2_ws/install/custom_msgs/include/custom_msgs/custom_msgs/msg/detail/image_nv12__rosidl_typesupport_fastrtps_cpp.hpp
-- Up-to-date: /home/edvin/ros2_ws/install/custom_msgs/include/custom_msgs/custom_msgs/msg/detail/image_diff__rosidl_typesupport_fastrtps_cpp.hpp
-- Up-to-date: /home/edvin/ros2_ws/install/custom_msgs/include/custom_msgs/custom_msgs/msg/detail/dds_fastrtps
-- Up-to-date: /home/edvin/ros2_ws/install/custom_msgs/lib/libcustom_msgs__rosidl_typesupport_fastrtps_cpp.so
-- Up-to-date: /home/edvin/ros2_ws/install/custom_msgs/include/custom_msgs/custom_msgs
-- Up-to-date: /home/edvin/ros2_ws/install/custom_msgs/include/custom_msgs/custom_msgs/msg
-- Up-to-date: /home/edvin/ros2_ws/install/custom_msgs/include/custom_msgs/custom_msgs/msg/detail
-- Up-to-date: /home/edvin/ros2_ws/install/custom_msgs/include/custom_msgs/custom_msgs/msg/detail/image_diff__type_support.cpp
-- Up-to-date: /home/edvin/ros2_ws/install/custom_msgs/include/custom_msgs/custom_msgs/msg/detail/image_nv12__rosidl_typesupport_introspection_cpp.hpp
-- Up-to-date: /home/edvin/ros2_ws/install/custom_msgs/include/custom_msgs/custom_msgs/msg/detail/image_nv12__type_support.cpp
-- Up-to-date: /home/edvin/ros2_ws/install/custom_msgs/include/custom_msgs/custom_msgs/msg/detail/object_info__rosidl_typesupport_introspection_cpp.hpp
-- Up-to-date: /home/edvin/ros2_ws/install/custom_msgs/include/custom_msgs/custom_msgs/msg/detail/object__rosidl_typesupport_introspection_cpp.hpp
-- Up-to-date: /home/edvin/ros2_ws/install/custom_msgs/include/custom_msgs/custom_msgs/msg/detail/object_info__type_support.cpp
-- Up-to-date: /home/edvin/ros2_ws/install/custom_msgs/include/custom_msgs/custom_msgs/msg/detail/object__type_support.cpp
-- Up-to-date: /home/edvin/ros2_ws/install/custom_msgs/include/custom_msgs/custom_msgs/msg/detail/image_diff__rosidl_typesupport_introspection_cpp.hpp
-- Up-to-date: /home/edvin/ros2_ws/install/custom_msgs/lib/libcustom_msgs__rosidl_typesupport_introspection_cpp.so
-- Up-to-date: /home/edvin/ros2_ws/install/custom_msgs/lib/libcustom_msgs__rosidl_typesupport_cpp.so
-- Up-to-date: /home/edvin/ros2_ws/install/custom_msgs/share/custom_msgs/environment/pythonpath.sh
-- Up-to-date: /home/edvin/ros2_ws/install/custom_msgs/share/custom_msgs/environment/pythonpath.dsv
-- Up-to-date: /home/edvin/ros2_ws/install/custom_msgs/local/lib/python3.10/dist-packages/custom_msgs-0.0.0-py3.10.egg-info
-- Installing: /home/edvin/ros2_ws/install/custom_msgs/local/lib/python3.10/dist-packages/custom_msgs-0.0.0-py3.10.egg-info/top_level.txt
-- Installing: /home/edvin/ros2_ws/install/custom_msgs/local/lib/python3.10/dist-packages/custom_msgs-0.0.0-py3.10.egg-info/PKG-INFO
-- Installing: /home/edvin/ros2_ws/install/custom_msgs/local/lib/python3.10/dist-packages/custom_msgs-0.0.0-py3.10.egg-info/SOURCES.txt
-- Installing: /home/edvin/ros2_ws/install/custom_msgs/local/lib/python3.10/dist-packages/custom_msgs-0.0.0-py3.10.egg-info/dependency_links.txt
-- Up-to-date: /home/edvin/ros2_ws/install/custom_msgs/local/lib/python3.10/dist-packages/custom_msgs
-- Up-to-date: /home/edvin/ros2_ws/install/custom_msgs/local/lib/python3.10/dist-packages/custom_msgs/msg
-- Up-to-date: /home/edvin/ros2_ws/install/custom_msgs/local/lib/python3.10/dist-packages/custom_msgs/msg/_image_nv12.py
-- Up-to-date: /home/edvin/ros2_ws/install/custom_msgs/local/lib/python3.10/dist-packages/custom_msgs/msg/_image_nv12_s.c
-- Up-to-date: /home/edvin/ros2_ws/install/custom_msgs/local/lib/python3.10/dist-packages/custom_msgs/msg/_object.py
-- Up-to-date: /home/edvin/ros2_ws/install/custom_msgs/local/lib/python3.10/dist-packages/custom_msgs/msg/__init__.py
-- Up-to-date: /home/edvin/ros2_ws/install/custom_msgs/local/lib/python3.10/dist-packages/custom_msgs/msg/_object_s.c
-- Up-to-date: /home/edvin/ros2_ws/install/custom_msgs/local/lib/python3.10/dist-packages/custom_msgs/msg/_object_info.py
-- Up-to-date: /home/edvin/ros2_ws/install/custom_msgs/local/lib/python3.10/dist-packages/custom_msgs/msg/_object_info_s.c
-- Up-to-date: /home/edvin/ros2_ws/install/custom_msgs/local/lib/python3.10/dist-packages/custom_msgs/msg/_image_diff.py
-- Up-to-date: /home/edvin/ros2_ws/install/custom_msgs/local/lib/python3.10/dist-packages/custom_msgs/msg/_image_diff_s.c
-- Up-to-date: /home/edvin/ros2_ws/install/custom_msgs/local/lib/python3.10/dist-packages/custom_msgs/custom_msgs_s__rosidl_typesupport_c.cpython-310-x86_64-linux-gnu.so
-- Up-to-date: /home/edvin/ros2_ws/install/custom_msgs/local/lib/python3.10/dist-packages/custom_msgs/libcustom_msgs__rosidl_generator_py.so
-- Up-to-date: /home/edvin/ros2_ws/install/custom_msgs/local/lib/python3.10/dist-packages/custom_msgs/_custom_msgs_s.ep.rosidl_typesupport_fastrtps_c.c
-- Up-to-date: /home/edvin/ros2_ws/install/custom_msgs/local/lib/python3.10/dist-packages/custom_msgs/__init__.py
-- Up-to-date: /home/edvin/ros2_ws/install/custom_msgs/local/lib/python3.10/dist-packages/custom_msgs/_custom_msgs_s.ep.rosidl_typesupport_introspection_c.c
-- Up-to-date: /home/edvin/ros2_ws/install/custom_msgs/local/lib/python3.10/dist-packages/custom_msgs/_custom_msgs_s.ep.rosidl_typesupport_c.c
-- Up-to-date: /home/edvin/ros2_ws/install/custom_msgs/local/lib/python3.10/dist-packages/custom_msgs/custom_msgs_s__rosidl_typesupport_introspection_c.cpython-310-x86_64-linux-gnu.so
-- Up-to-date: /home/edvin/ros2_ws/install/custom_msgs/local/lib/python3.10/dist-packages/custom_msgs/custom_msgs_s__rosidl_typesupport_fastrtps_c.cpython-310-x86_64-linux-gnu.so
Listing '/home/edvin/ros2_ws/install/custom_msgs/local/lib/python3.10/dist-packages/custom_msgs'...
Listing '/home/edvin/ros2_ws/install/custom_msgs/local/lib/python3.10/dist-packages/custom_msgs/msg'...
-- Up-to-date: /home/edvin/ros2_ws/install/custom_msgs/local/lib/python3.10/dist-packages/custom_msgs/custom_msgs_s__rosidl_typesupport_fastrtps_c.cpython-310-x86_64-linux-gnu.so
-- Up-to-date: /home/edvin/ros2_ws/install/custom_msgs/local/lib/python3.10/dist-packages/custom_msgs/custom_msgs_s__rosidl_typesupport_introspection_c.cpython-310-x86_64-linux-gnu.so
-- Up-to-date: /home/edvin/ros2_ws/install/custom_msgs/local/lib/python3.10/dist-packages/custom_msgs/custom_msgs_s__rosidl_typesupport_c.cpython-310-x86_64-linux-gnu.so
-- Up-to-date: /home/edvin/ros2_ws/install/custom_msgs/lib/libcustom_msgs__rosidl_generator_py.so
-- Up-to-date: /home/edvin/ros2_ws/install/custom_msgs/share/custom_msgs/msg/ImageNv12.idl
-- Up-to-date: /home/edvin/ros2_ws/install/custom_msgs/share/custom_msgs/msg/ImageDiff.idl
-- Up-to-date: /home/edvin/ros2_ws/install/custom_msgs/share/custom_msgs/msg/Object.idl
-- Up-to-date: /home/edvin/ros2_ws/install/custom_msgs/share/custom_msgs/msg/ObjectInfo.idl
-- Up-to-date: /home/edvin/ros2_ws/install/custom_msgs/share/custom_msgs/msg/ImageNv12.msg
-- Up-to-date: /home/edvin/ros2_ws/install/custom_msgs/share/custom_msgs/msg/ImageDiff.msg
-- Up-to-date: /home/edvin/ros2_ws/install/custom_msgs/share/custom_msgs/msg/Object.msg
-- Up-to-date: /home/edvin/ros2_ws/install/custom_msgs/share/custom_msgs/msg/ObjectInfo.msg
-- Up-to-date: /home/edvin/ros2_ws/install/custom_msgs/share/ament_index/resource_index/package_run_dependencies/custom_msgs
-- Up-to-date: /home/edvin/ros2_ws/install/custom_msgs/share/ament_index/resource_index/parent_prefix_path/custom_msgs
-- Up-to-date: /home/edvin/ros2_ws/install/custom_msgs/share/custom_msgs/environment/ament_prefix_path.sh
-- Up-to-date: /home/edvin/ros2_ws/install/custom_msgs/share/custom_msgs/environment/ament_prefix_path.dsv
-- Up-to-date: /home/edvin/ros2_ws/install/custom_msgs/share/custom_msgs/environment/path.sh
-- Up-to-date: /home/edvin/ros2_ws/install/custom_msgs/share/custom_msgs/environment/path.dsv
-- Up-to-date: /home/edvin/ros2_ws/install/custom_msgs/share/custom_msgs/local_setup.bash
-- Up-to-date: /home/edvin/ros2_ws/install/custom_msgs/share/custom_msgs/local_setup.sh
-- Up-to-date: /home/edvin/ros2_ws/install/custom_msgs/share/custom_msgs/local_setup.zsh
-- Up-to-date: /home/edvin/ros2_ws/install/custom_msgs/share/custom_msgs/local_setup.dsv
-- Installing: /home/edvin/ros2_ws/install/custom_msgs/share/custom_msgs/package.dsv
-- Up-to-date: /home/edvin/ros2_ws/install/custom_msgs/share/ament_index/resource_index/packages/custom_msgs
-- Up-to-date: /home/edvin/ros2_ws/install/custom_msgs/share/custom_msgs/cmake/export_custom_msgs__rosidl_generator_cExport.cmake
-- Up-to-date: /home/edvin/ros2_ws/install/custom_msgs/share/custom_msgs/cmake/export_custom_msgs__rosidl_generator_cExport-noconfig.cmake
-- Up-to-date: /home/edvin/ros2_ws/install/custom_msgs/share/custom_msgs/cmake/export_custom_msgs__rosidl_typesupport_fastrtps_cExport.cmake
-- Up-to-date: /home/edvin/ros2_ws/install/custom_msgs/share/custom_msgs/cmake/export_custom_msgs__rosidl_typesupport_fastrtps_cExport-noconfig.cmake
-- Up-to-date: /home/edvin/ros2_ws/install/custom_msgs/share/custom_msgs/cmake/custom_msgs__rosidl_typesupport_introspection_cExport.cmake
-- Up-to-date: /home/edvin/ros2_ws/install/custom_msgs/share/custom_msgs/cmake/custom_msgs__rosidl_typesupport_introspection_cExport-noconfig.cmake
-- Up-to-date: /home/edvin/ros2_ws/install/custom_msgs/share/custom_msgs/cmake/custom_msgs__rosidl_typesupport_cExport.cmake
-- Up-to-date: /home/edvin/ros2_ws/install/custom_msgs/share/custom_msgs/cmake/custom_msgs__rosidl_typesupport_cExport-noconfig.cmake
-- Up-to-date: /home/edvin/ros2_ws/install/custom_msgs/share/custom_msgs/cmake/export_custom_msgs__rosidl_generator_cppExport.cmake
-- Up-to-date: /home/edvin/ros2_ws/install/custom_msgs/share/custom_msgs/cmake/export_custom_msgs__rosidl_typesupport_fastrtps_cppExport.cmake
-- Up-to-date: /home/edvin/ros2_ws/install/custom_msgs/share/custom_msgs/cmake/export_custom_msgs__rosidl_typesupport_fastrtps_cppExport-noconfig.cmake
-- Up-to-date: /home/edvin/ros2_ws/install/custom_msgs/share/custom_msgs/cmake/custom_msgs__rosidl_typesupport_introspection_cppExport.cmake
-- Up-to-date: /home/edvin/ros2_ws/install/custom_msgs/share/custom_msgs/cmake/custom_msgs__rosidl_typesupport_introspection_cppExport-noconfig.cmake
-- Up-to-date: /home/edvin/ros2_ws/install/custom_msgs/share/custom_msgs/cmake/custom_msgs__rosidl_typesupport_cppExport.cmake
-- Up-to-date: /home/edvin/ros2_ws/install/custom_msgs/share/custom_msgs/cmake/custom_msgs__rosidl_typesupport_cppExport-noconfig.cmake
-- Up-to-date: /home/edvin/ros2_ws/install/custom_msgs/share/custom_msgs/cmake/export_custom_msgs__rosidl_generator_pyExport.cmake
-- Up-to-date: /home/edvin/ros2_ws/install/custom_msgs/share/custom_msgs/cmake/export_custom_msgs__rosidl_generator_pyExport-noconfig.cmake
-- Up-to-date: /home/edvin/ros2_ws/install/custom_msgs/share/custom_msgs/cmake/rosidl_cmake-extras.cmake
-- Up-to-date: /home/edvin/ros2_ws/install/custom_msgs/share/custom_msgs/cmake/ament_cmake_export_include_directories-extras.cmake
-- Up-to-date: /home/edvin/ros2_ws/install/custom_msgs/share/custom_msgs/cmake/ament_cmake_export_libraries-extras.cmake
-- Up-to-date: /home/edvin/ros2_ws/install/custom_msgs/share/custom_msgs/cmake/ament_cmake_export_targets-extras.cmake
-- Up-to-date: /home/edvin/ros2_ws/install/custom_msgs/share/custom_msgs/cmake/rosidl_cmake_export_typesupport_targets-extras.cmake
-- Up-to-date: /home/edvin/ros2_ws/install/custom_msgs/share/custom_msgs/cmake/ament_cmake_export_dependencies-extras.cmake
-- Up-to-date: /home/edvin/ros2_ws/install/custom_msgs/share/custom_msgs/cmake/rosidl_cmake_export_typesupport_libraries-extras.cmake
-- Up-to-date: /home/edvin/ros2_ws/install/custom_msgs/share/custom_msgs/cmake/custom_msgsConfig.cmake
-- Up-to-date: /home/edvin/ros2_ws/install/custom_msgs/share/custom_msgs/cmake/custom_msgsConfig-version.cmake
-- Up-to-date: /home/edvin/ros2_ws/install/custom_msgs/share/custom_msgs/package.xml
