[0.798s] DEBUG:colcon:Command line arguments: ['/usr/bin/colcon', 'build']
[0.798s] DEBUG:colcon:Parsed command line arguments: Namespace(log_base=None, log_level=None, verb_name='build', build_base='build', install_base='install', merge_install=False, symlink_install=False, test_result_base=None, continue_on_error=False, executor='parallel', parallel_workers=8, event_handlers=None, ignore_user_meta=False, metas=['./colcon.meta'], base_paths=['.'], packages_ignore=None, packages_ignore_regex=None, paths=None, packages_up_to=None, packages_up_to_regex=None, packages_above=None, packages_above_and_dependencies=None, packages_above_depth=None, packages_select_by_dep=None, packages_skip_by_dep=None, packages_skip_up_to=None, packages_select_build_failed=False, packages_skip_build_finished=False, packages_select_test_failures=False, packages_skip_test_passed=False, packages_select=None, packages_skip=None, packages_select_regex=None, packages_skip_regex=None, packages_start=None, packages_end=None, allow_overriding=[], cmake_args=None, cmake_target=None, cmake_target_skip_unavailable=False, cmake_clean_cache=False, cmake_clean_first=False, cmake_force_configure=False, ament_cmake_args=None, catkin_cmake_args=None, catkin_skip_building_tests=False, verb_parser=<colcon_defaults.argument_parser.defaults.DefaultArgumentsDecorator object at 0x7f3aa26aaa40>, verb_extension=<colcon_core.verb.build.BuildVerb object at 0x7f3aa2667b80>, main=<bound method BuildVerb.main of <colcon_core.verb.build.BuildVerb object at 0x7f3aa2667b80>>)
[0.838s] Level 1:colcon.colcon_core.package_discovery:discover_packages(colcon_meta) check parameters
[0.838s] Level 1:colcon.colcon_core.package_discovery:discover_packages(recursive) check parameters
[0.838s] Level 1:colcon.colcon_core.package_discovery:discover_packages(ignore) check parameters
[0.838s] Level 1:colcon.colcon_core.package_discovery:discover_packages(path) check parameters
[0.838s] Level 1:colcon.colcon_core.package_discovery:discover_packages(colcon_meta) discover
[0.838s] Level 1:colcon.colcon_core.package_discovery:discover_packages(recursive) discover
[0.838s] INFO:colcon.colcon_core.package_discovery:Crawling recursively for packages in '/home/edvin/ros2_ws'
[0.838s] Level 1:colcon.colcon_core.package_identification:_identify(.) by extensions ['ignore', 'ignore_ament_install']
[0.838s] Level 1:colcon.colcon_core.package_identification:_identify(.) by extension 'ignore'
[0.838s] Level 1:colcon.colcon_core.package_identification:_identify(.) by extension 'ignore_ament_install'
[0.838s] Level 1:colcon.colcon_core.package_identification:_identify(.) by extensions ['colcon_pkg']
[0.838s] Level 1:colcon.colcon_core.package_identification:_identify(.) by extension 'colcon_pkg'
[0.838s] Level 1:colcon.colcon_core.package_identification:_identify(.) by extensions ['colcon_meta']
[0.838s] Level 1:colcon.colcon_core.package_identification:_identify(.) by extension 'colcon_meta'
[0.838s] Level 1:colcon.colcon_core.package_identification:_identify(.) by extensions ['ros']
[0.838s] Level 1:colcon.colcon_core.package_identification:_identify(.) by extension 'ros'
[0.848s] Level 1:colcon.colcon_core.package_identification:_identify(.) by extensions ['cmake', 'python']
[0.848s] Level 1:colcon.colcon_core.package_identification:_identify(.) by extension 'cmake'
[0.849s] Level 1:colcon.colcon_core.package_identification:_identify(.) by extension 'python'
[0.849s] Level 1:colcon.colcon_core.package_identification:_identify(.) by extensions ['python_setup_py']
[0.849s] Level 1:colcon.colcon_core.package_identification:_identify(.) by extension 'python_setup_py'
[0.849s] Level 1:colcon.colcon_core.package_identification:_identify(build) by extensions ['ignore', 'ignore_ament_install']
[0.849s] Level 1:colcon.colcon_core.package_identification:_identify(build) by extension 'ignore'
[0.849s] Level 1:colcon.colcon_core.package_identification:_identify(build) ignored
[0.849s] Level 1:colcon.colcon_core.package_identification:_identify(install) by extensions ['ignore', 'ignore_ament_install']
[0.849s] Level 1:colcon.colcon_core.package_identification:_identify(install) by extension 'ignore'
[0.849s] Level 1:colcon.colcon_core.package_identification:_identify(install) ignored
[0.849s] Level 1:colcon.colcon_core.package_identification:_identify(log) by extensions ['ignore', 'ignore_ament_install']
[0.849s] Level 1:colcon.colcon_core.package_identification:_identify(log) by extension 'ignore'
[0.849s] Level 1:colcon.colcon_core.package_identification:_identify(log) ignored
[0.849s] Level 1:colcon.colcon_core.package_identification:_identify(src) by extensions ['ignore', 'ignore_ament_install']
[0.849s] Level 1:colcon.colcon_core.package_identification:_identify(src) by extension 'ignore'
[0.849s] Level 1:colcon.colcon_core.package_identification:_identify(src) by extension 'ignore_ament_install'
[0.849s] Level 1:colcon.colcon_core.package_identification:_identify(src) by extensions ['colcon_pkg']
[0.849s] Level 1:colcon.colcon_core.package_identification:_identify(src) by extension 'colcon_pkg'
[0.849s] Level 1:colcon.colcon_core.package_identification:_identify(src) by extensions ['colcon_meta']
[0.849s] Level 1:colcon.colcon_core.package_identification:_identify(src) by extension 'colcon_meta'
[0.850s] Level 1:colcon.colcon_core.package_identification:_identify(src) by extensions ['ros']
[0.850s] Level 1:colcon.colcon_core.package_identification:_identify(src) by extension 'ros'
[0.850s] Level 1:colcon.colcon_core.package_identification:_identify(src) by extensions ['cmake', 'python']
[0.850s] Level 1:colcon.colcon_core.package_identification:_identify(src) by extension 'cmake'
[0.850s] Level 1:colcon.colcon_core.package_identification:_identify(src) by extension 'python'
[0.850s] Level 1:colcon.colcon_core.package_identification:_identify(src) by extensions ['python_setup_py']
[0.850s] Level 1:colcon.colcon_core.package_identification:_identify(src) by extension 'python_setup_py'
[0.850s] Level 1:colcon.colcon_core.package_identification:_identify(src/custom_msgs) by extensions ['ignore', 'ignore_ament_install']
[0.850s] Level 1:colcon.colcon_core.package_identification:_identify(src/custom_msgs) by extension 'ignore'
[0.850s] Level 1:colcon.colcon_core.package_identification:_identify(src/custom_msgs) by extension 'ignore_ament_install'
[0.850s] Level 1:colcon.colcon_core.package_identification:_identify(src/custom_msgs) by extensions ['colcon_pkg']
[0.850s] Level 1:colcon.colcon_core.package_identification:_identify(src/custom_msgs) by extension 'colcon_pkg'
[0.850s] Level 1:colcon.colcon_core.package_identification:_identify(src/custom_msgs) by extensions ['colcon_meta']
[0.850s] Level 1:colcon.colcon_core.package_identification:_identify(src/custom_msgs) by extension 'colcon_meta'
[0.850s] Level 1:colcon.colcon_core.package_identification:_identify(src/custom_msgs) by extensions ['ros']
[0.850s] Level 1:colcon.colcon_core.package_identification:_identify(src/custom_msgs) by extension 'ros'
[0.852s] DEBUG:colcon.colcon_core.package_identification:Package 'src/custom_msgs' with type 'ros.ament_cmake' and name 'custom_msgs'
[0.853s] Level 1:colcon.colcon_core.package_identification:_identify(src/my_ros_package) by extensions ['ignore', 'ignore_ament_install']
[0.853s] Level 1:colcon.colcon_core.package_identification:_identify(src/my_ros_package) by extension 'ignore'
[0.853s] Level 1:colcon.colcon_core.package_identification:_identify(src/my_ros_package) by extension 'ignore_ament_install'
[0.853s] Level 1:colcon.colcon_core.package_identification:_identify(src/my_ros_package) by extensions ['colcon_pkg']
[0.853s] Level 1:colcon.colcon_core.package_identification:_identify(src/my_ros_package) by extension 'colcon_pkg'
[0.853s] Level 1:colcon.colcon_core.package_identification:_identify(src/my_ros_package) by extensions ['colcon_meta']
[0.853s] Level 1:colcon.colcon_core.package_identification:_identify(src/my_ros_package) by extension 'colcon_meta'
[0.853s] Level 1:colcon.colcon_core.package_identification:_identify(src/my_ros_package) by extensions ['ros']
[0.853s] Level 1:colcon.colcon_core.package_identification:_identify(src/my_ros_package) by extension 'ros'
[0.854s] DEBUG:colcon.colcon_core.package_identification:Package 'src/my_ros_package' with type 'ros.ament_cmake' and name 'my_ros_package'
[0.854s] Level 1:colcon.colcon_core.package_discovery:discover_packages(recursive) using defaults
[0.854s] Level 1:colcon.colcon_core.package_discovery:discover_packages(ignore) discover
[0.854s] Level 1:colcon.colcon_core.package_discovery:discover_packages(ignore) using defaults
[0.854s] Level 1:colcon.colcon_core.package_discovery:discover_packages(path) discover
[0.854s] Level 1:colcon.colcon_core.package_discovery:discover_packages(path) using defaults
[0.931s] Level 1:colcon.colcon_core.package_discovery:discover_packages(prefix_path) check parameters
[0.931s] Level 1:colcon.colcon_core.package_discovery:discover_packages(prefix_path) discover
[0.955s] DEBUG:colcon.colcon_installed_package_information.package_discovery:Found 270 installed packages in /opt/ros/humble
[0.956s] Level 1:colcon.colcon_core.package_discovery:discover_packages(prefix_path) using defaults
[1.029s] Level 5:colcon.colcon_core.verb:set package 'custom_msgs' build argument 'cmake_args' from command line to 'None'
[1.029s] Level 5:colcon.colcon_core.verb:set package 'custom_msgs' build argument 'cmake_target' from command line to 'None'
[1.029s] Level 5:colcon.colcon_core.verb:set package 'custom_msgs' build argument 'cmake_target_skip_unavailable' from command line to 'False'
[1.029s] Level 5:colcon.colcon_core.verb:set package 'custom_msgs' build argument 'cmake_clean_cache' from command line to 'False'
[1.029s] Level 5:colcon.colcon_core.verb:set package 'custom_msgs' build argument 'cmake_clean_first' from command line to 'False'
[1.029s] Level 5:colcon.colcon_core.verb:set package 'custom_msgs' build argument 'cmake_force_configure' from command line to 'False'
[1.029s] Level 5:colcon.colcon_core.verb:set package 'custom_msgs' build argument 'ament_cmake_args' from command line to 'None'
[1.029s] Level 5:colcon.colcon_core.verb:set package 'custom_msgs' build argument 'catkin_cmake_args' from command line to 'None'
[1.029s] Level 5:colcon.colcon_core.verb:set package 'custom_msgs' build argument 'catkin_skip_building_tests' from command line to 'False'
[1.029s] DEBUG:colcon.colcon_core.verb:Building package 'custom_msgs' with the following arguments: {'ament_cmake_args': None, 'build_base': '/home/edvin/ros2_ws/build/custom_msgs', 'catkin_cmake_args': None, 'catkin_skip_building_tests': False, 'cmake_args': None, 'cmake_clean_cache': False, 'cmake_clean_first': False, 'cmake_force_configure': False, 'cmake_target': None, 'cmake_target_skip_unavailable': False, 'install_base': '/home/edvin/ros2_ws/install/custom_msgs', 'merge_install': False, 'path': '/home/edvin/ros2_ws/src/custom_msgs', 'symlink_install': False, 'test_result_base': None}
[1.041s] Level 5:colcon.colcon_core.verb:set package 'my_ros_package' build argument 'cmake_args' from command line to 'None'
[1.041s] Level 5:colcon.colcon_core.verb:set package 'my_ros_package' build argument 'cmake_target' from command line to 'None'
[1.041s] Level 5:colcon.colcon_core.verb:set package 'my_ros_package' build argument 'cmake_target_skip_unavailable' from command line to 'False'
[1.041s] Level 5:colcon.colcon_core.verb:set package 'my_ros_package' build argument 'cmake_clean_cache' from command line to 'False'
[1.041s] Level 5:colcon.colcon_core.verb:set package 'my_ros_package' build argument 'cmake_clean_first' from command line to 'False'
[1.041s] Level 5:colcon.colcon_core.verb:set package 'my_ros_package' build argument 'cmake_force_configure' from command line to 'False'
[1.041s] Level 5:colcon.colcon_core.verb:set package 'my_ros_package' build argument 'ament_cmake_args' from command line to 'None'
[1.041s] Level 5:colcon.colcon_core.verb:set package 'my_ros_package' build argument 'catkin_cmake_args' from command line to 'None'
[1.041s] Level 5:colcon.colcon_core.verb:set package 'my_ros_package' build argument 'catkin_skip_building_tests' from command line to 'False'
[1.041s] DEBUG:colcon.colcon_core.verb:Building package 'my_ros_package' with the following arguments: {'ament_cmake_args': None, 'build_base': '/home/edvin/ros2_ws/build/my_ros_package', 'catkin_cmake_args': None, 'catkin_skip_building_tests': False, 'cmake_args': None, 'cmake_clean_cache': False, 'cmake_clean_first': False, 'cmake_force_configure': False, 'cmake_target': None, 'cmake_target_skip_unavailable': False, 'install_base': '/home/edvin/ros2_ws/install/my_ros_package', 'merge_install': False, 'path': '/home/edvin/ros2_ws/src/my_ros_package', 'symlink_install': False, 'test_result_base': None}
[1.052s] INFO:colcon.colcon_core.executor:Executing jobs using 'parallel' executor
[1.064s] DEBUG:colcon.colcon_parallel_executor.executor.parallel:run_until_complete
[1.064s] INFO:colcon.colcon_ros.task.ament_cmake.build:Building ROS package in '/home/edvin/ros2_ws/src/custom_msgs' with build type 'ament_cmake'
[1.064s] INFO:colcon.colcon_cmake.task.cmake.build:Building CMake package in '/home/edvin/ros2_ws/src/custom_msgs'
[1.079s] INFO:colcon.colcon_core.plugin_system:Skipping extension 'colcon_core.shell.bat': Not used on non-Windows systems
[1.079s] INFO:colcon.colcon_core.shell:Skip shell extension 'powershell' for command environment: Not usable outside of PowerShell
[1.079s] DEBUG:colcon.colcon_core.shell:Skip shell extension 'dsv' for command environment
[1.111s] DEBUG:colcon.colcon_core.event_handler.log_command:Invoking command in '/home/edvin/ros2_ws/build/custom_msgs': CMAKE_PREFIX_PATH=/opt/ros/humble /usr/bin/cmake --build /home/edvin/ros2_ws/build/custom_msgs -- -j8 -l8
[1.438s] DEBUG:colcon.colcon_core.event_handler.log_command:Invoked command in '/home/edvin/ros2_ws/build/custom_msgs' returned '0': CMAKE_PREFIX_PATH=/opt/ros/humble /usr/bin/cmake --build /home/edvin/ros2_ws/build/custom_msgs -- -j8 -l8
[1.569s] DEBUG:colcon.colcon_core.event_handler.log_command:Invoking command in '/home/edvin/ros2_ws/build/custom_msgs': CMAKE_PREFIX_PATH=/opt/ros/humble /usr/bin/cmake --install /home/edvin/ros2_ws/build/custom_msgs
[1.619s] Level 1:colcon.colcon_core.environment:create_environment_scripts_only(custom_msgs)
[1.620s] DEBUG:colcon.colcon_core.event_handler.log_command:Invoked command in '/home/edvin/ros2_ws/build/custom_msgs' returned '0': CMAKE_PREFIX_PATH=/opt/ros/humble /usr/bin/cmake --install /home/edvin/ros2_ws/build/custom_msgs
[1.633s] Level 1:colcon.colcon_core.environment:checking '/home/edvin/ros2_ws/install/custom_msgs' for CMake module files
[1.633s] Level 1:colcon.colcon_core.environment:checking '/home/edvin/ros2_ws/install/custom_msgs' for CMake config files
[1.633s] Level 1:colcon.colcon_core.shell:create_environment_hook('custom_msgs', 'cmake_prefix_path')
[1.645s] INFO:colcon.colcon_core.shell:Creating environment hook '/home/edvin/ros2_ws/install/custom_msgs/share/custom_msgs/hook/cmake_prefix_path.ps1'
[1.646s] INFO:colcon.colcon_core.shell:Creating environment descriptor '/home/edvin/ros2_ws/install/custom_msgs/share/custom_msgs/hook/cmake_prefix_path.dsv'
[1.646s] INFO:colcon.colcon_core.shell:Creating environment hook '/home/edvin/ros2_ws/install/custom_msgs/share/custom_msgs/hook/cmake_prefix_path.sh'
[1.647s] Level 1:colcon.colcon_core.environment:checking '/home/edvin/ros2_ws/install/custom_msgs/lib'
[1.647s] Level 1:colcon.colcon_core.shell:create_environment_hook('custom_msgs', 'ld_library_path_lib')
[1.658s] INFO:colcon.colcon_core.shell:Creating environment hook '/home/edvin/ros2_ws/install/custom_msgs/share/custom_msgs/hook/ld_library_path_lib.ps1'
[1.658s] INFO:colcon.colcon_core.shell:Creating environment descriptor '/home/edvin/ros2_ws/install/custom_msgs/share/custom_msgs/hook/ld_library_path_lib.dsv'
[1.659s] INFO:colcon.colcon_core.shell:Creating environment hook '/home/edvin/ros2_ws/install/custom_msgs/share/custom_msgs/hook/ld_library_path_lib.sh'
[1.659s] Level 1:colcon.colcon_core.environment:checking '/home/edvin/ros2_ws/install/custom_msgs/bin'
[1.659s] Level 1:colcon.colcon_core.environment:checking '/home/edvin/ros2_ws/install/custom_msgs/lib/pkgconfig/custom_msgs.pc'
[1.660s] Level 1:colcon.colcon_core.environment:checking '/home/edvin/ros2_ws/install/custom_msgs/lib/python3.10/site-packages'
[1.660s] Level 1:colcon.colcon_core.environment:checking '/home/edvin/ros2_ws/install/custom_msgs/bin'
[1.672s] INFO:colcon.colcon_core.shell:Creating package script '/home/edvin/ros2_ws/install/custom_msgs/share/custom_msgs/package.ps1'
[1.673s] INFO:colcon.colcon_core.shell:Creating package descriptor '/home/edvin/ros2_ws/install/custom_msgs/share/custom_msgs/package.dsv'
[1.673s] INFO:colcon.colcon_core.shell:Creating package script '/home/edvin/ros2_ws/install/custom_msgs/share/custom_msgs/package.sh'
[1.674s] INFO:colcon.colcon_core.shell:Creating package script '/home/edvin/ros2_ws/install/custom_msgs/share/custom_msgs/package.bash'
[1.675s] INFO:colcon.colcon_core.shell:Creating package script '/home/edvin/ros2_ws/install/custom_msgs/share/custom_msgs/package.zsh'
[1.675s] Level 1:colcon.colcon_core.environment:create_file_with_runtime_dependencies(/home/edvin/ros2_ws/install/custom_msgs/share/colcon-core/packages/custom_msgs)
[1.802s] Level 1:colcon.colcon_core.environment:create_environment_scripts_only(custom_msgs)
[1.814s] Level 1:colcon.colcon_core.environment:checking '/home/edvin/ros2_ws/install/custom_msgs' for CMake module files
[1.814s] Level 1:colcon.colcon_core.environment:checking '/home/edvin/ros2_ws/install/custom_msgs' for CMake config files
[1.815s] Level 1:colcon.colcon_core.shell:create_environment_hook('custom_msgs', 'cmake_prefix_path')
[1.827s] INFO:colcon.colcon_core.shell:Creating environment hook '/home/edvin/ros2_ws/install/custom_msgs/share/custom_msgs/hook/cmake_prefix_path.ps1'
[1.827s] INFO:colcon.colcon_core.shell:Creating environment descriptor '/home/edvin/ros2_ws/install/custom_msgs/share/custom_msgs/hook/cmake_prefix_path.dsv'
[1.828s] INFO:colcon.colcon_core.shell:Creating environment hook '/home/edvin/ros2_ws/install/custom_msgs/share/custom_msgs/hook/cmake_prefix_path.sh'
[1.829s] Level 1:colcon.colcon_core.environment:checking '/home/edvin/ros2_ws/install/custom_msgs/lib'
[1.829s] Level 1:colcon.colcon_core.shell:create_environment_hook('custom_msgs', 'ld_library_path_lib')
[1.840s] INFO:colcon.colcon_core.shell:Creating environment hook '/home/edvin/ros2_ws/install/custom_msgs/share/custom_msgs/hook/ld_library_path_lib.ps1'
[1.840s] INFO:colcon.colcon_core.shell:Creating environment descriptor '/home/edvin/ros2_ws/install/custom_msgs/share/custom_msgs/hook/ld_library_path_lib.dsv'
[1.841s] INFO:colcon.colcon_core.shell:Creating environment hook '/home/edvin/ros2_ws/install/custom_msgs/share/custom_msgs/hook/ld_library_path_lib.sh'
[1.841s] Level 1:colcon.colcon_core.environment:checking '/home/edvin/ros2_ws/install/custom_msgs/bin'
[1.841s] Level 1:colcon.colcon_core.environment:checking '/home/edvin/ros2_ws/install/custom_msgs/lib/pkgconfig/custom_msgs.pc'
[1.841s] Level 1:colcon.colcon_core.environment:checking '/home/edvin/ros2_ws/install/custom_msgs/lib/python3.10/site-packages'
[1.842s] Level 1:colcon.colcon_core.environment:checking '/home/edvin/ros2_ws/install/custom_msgs/bin'
[1.853s] INFO:colcon.colcon_core.shell:Creating package script '/home/edvin/ros2_ws/install/custom_msgs/share/custom_msgs/package.ps1'
[1.854s] INFO:colcon.colcon_core.shell:Creating package descriptor '/home/edvin/ros2_ws/install/custom_msgs/share/custom_msgs/package.dsv'
[1.855s] INFO:colcon.colcon_core.shell:Creating package script '/home/edvin/ros2_ws/install/custom_msgs/share/custom_msgs/package.sh'
[1.855s] INFO:colcon.colcon_core.shell:Creating package script '/home/edvin/ros2_ws/install/custom_msgs/share/custom_msgs/package.bash'
[1.856s] INFO:colcon.colcon_core.shell:Creating package script '/home/edvin/ros2_ws/install/custom_msgs/share/custom_msgs/package.zsh'
[1.856s] Level 1:colcon.colcon_core.environment:create_file_with_runtime_dependencies(/home/edvin/ros2_ws/install/custom_msgs/share/colcon-core/packages/custom_msgs)
[1.857s] INFO:colcon.colcon_ros.task.ament_cmake.build:Building ROS package in '/home/edvin/ros2_ws/src/my_ros_package' with build type 'ament_cmake'
[1.857s] INFO:colcon.colcon_cmake.task.cmake.build:Building CMake package in '/home/edvin/ros2_ws/src/my_ros_package'
[1.869s] INFO:colcon.colcon_core.shell:Skip shell extension 'powershell' for command environment: Not usable outside of PowerShell
[1.870s] DEBUG:colcon.colcon_core.shell:Skip shell extension 'dsv' for command environment
[1.905s] DEBUG:colcon.colcon_core.event_handler.log_command:Invoking command in '/home/edvin/ros2_ws/build/my_ros_package': AMENT_PREFIX_PATH=/home/edvin/ros2_ws/install/custom_msgs:${AMENT_PREFIX_PATH} CMAKE_PREFIX_PATH=/home/edvin/ros2_ws/install/custom_msgs:/opt/ros/humble LD_LIBRARY_PATH=/home/edvin/ros2_ws/install/custom_msgs/lib:${LD_LIBRARY_PATH} PYTHONPATH=/home/edvin/ros2_ws/install/custom_msgs/local/lib/python3.10/dist-packages:${PYTHONPATH} /usr/bin/cmake --build /home/edvin/ros2_ws/build/my_ros_package -- -j8 -l8
[13.477s] DEBUG:colcon.colcon_core.event_handler.log_command:Invoked command in '/home/edvin/ros2_ws/build/my_ros_package' returned '0': AMENT_PREFIX_PATH=/home/edvin/ros2_ws/install/custom_msgs:${AMENT_PREFIX_PATH} CMAKE_PREFIX_PATH=/home/edvin/ros2_ws/install/custom_msgs:/opt/ros/humble LD_LIBRARY_PATH=/home/edvin/ros2_ws/install/custom_msgs/lib:${LD_LIBRARY_PATH} PYTHONPATH=/home/edvin/ros2_ws/install/custom_msgs/local/lib/python3.10/dist-packages:${PYTHONPATH} /usr/bin/cmake --build /home/edvin/ros2_ws/build/my_ros_package -- -j8 -l8
[13.511s] DEBUG:colcon.colcon_core.event_handler.log_command:Invoking command in '/home/edvin/ros2_ws/build/my_ros_package': AMENT_PREFIX_PATH=/home/edvin/ros2_ws/install/custom_msgs:${AMENT_PREFIX_PATH} CMAKE_PREFIX_PATH=/home/edvin/ros2_ws/install/custom_msgs:/opt/ros/humble LD_LIBRARY_PATH=/home/edvin/ros2_ws/install/custom_msgs/lib:${LD_LIBRARY_PATH} PYTHONPATH=/home/edvin/ros2_ws/install/custom_msgs/local/lib/python3.10/dist-packages:${PYTHONPATH} /usr/bin/cmake --install /home/edvin/ros2_ws/build/my_ros_package
[13.526s] Level 1:colcon.colcon_core.environment:create_environment_scripts_only(my_ros_package)
[13.526s] DEBUG:colcon.colcon_core.event_handler.log_command:Invoked command in '/home/edvin/ros2_ws/build/my_ros_package' returned '0': AMENT_PREFIX_PATH=/home/edvin/ros2_ws/install/custom_msgs:${AMENT_PREFIX_PATH} CMAKE_PREFIX_PATH=/home/edvin/ros2_ws/install/custom_msgs:/opt/ros/humble LD_LIBRARY_PATH=/home/edvin/ros2_ws/install/custom_msgs/lib:${LD_LIBRARY_PATH} PYTHONPATH=/home/edvin/ros2_ws/install/custom_msgs/local/lib/python3.10/dist-packages:${PYTHONPATH} /usr/bin/cmake --install /home/edvin/ros2_ws/build/my_ros_package
[13.539s] Level 1:colcon.colcon_core.environment:checking '/home/edvin/ros2_ws/install/my_ros_package' for CMake module files
[13.540s] Level 1:colcon.colcon_core.environment:checking '/home/edvin/ros2_ws/install/my_ros_package' for CMake config files
[13.540s] Level 1:colcon.colcon_core.shell:create_environment_hook('my_ros_package', 'cmake_prefix_path')
[13.551s] INFO:colcon.colcon_core.shell:Creating environment hook '/home/edvin/ros2_ws/install/my_ros_package/share/my_ros_package/hook/cmake_prefix_path.ps1'
[13.552s] INFO:colcon.colcon_core.shell:Creating environment descriptor '/home/edvin/ros2_ws/install/my_ros_package/share/my_ros_package/hook/cmake_prefix_path.dsv'
[13.552s] INFO:colcon.colcon_core.shell:Creating environment hook '/home/edvin/ros2_ws/install/my_ros_package/share/my_ros_package/hook/cmake_prefix_path.sh'
[13.553s] Level 1:colcon.colcon_core.environment:checking '/home/edvin/ros2_ws/install/my_ros_package/lib'
[13.553s] Level 1:colcon.colcon_core.environment:checking '/home/edvin/ros2_ws/install/my_ros_package/bin'
[13.553s] Level 1:colcon.colcon_core.environment:checking '/home/edvin/ros2_ws/install/my_ros_package/lib/pkgconfig/my_ros_package.pc'
[13.554s] Level 1:colcon.colcon_core.environment:checking '/home/edvin/ros2_ws/install/my_ros_package/lib/python3.10/site-packages'
[13.554s] Level 1:colcon.colcon_core.environment:checking '/home/edvin/ros2_ws/install/my_ros_package/bin'
[13.565s] INFO:colcon.colcon_core.shell:Creating package script '/home/edvin/ros2_ws/install/my_ros_package/share/my_ros_package/package.ps1'
[13.565s] INFO:colcon.colcon_core.shell:Creating package descriptor '/home/edvin/ros2_ws/install/my_ros_package/share/my_ros_package/package.dsv'
[13.566s] INFO:colcon.colcon_core.shell:Creating package script '/home/edvin/ros2_ws/install/my_ros_package/share/my_ros_package/package.sh'
[13.566s] INFO:colcon.colcon_core.shell:Creating package script '/home/edvin/ros2_ws/install/my_ros_package/share/my_ros_package/package.bash'
[13.567s] INFO:colcon.colcon_core.shell:Creating package script '/home/edvin/ros2_ws/install/my_ros_package/share/my_ros_package/package.zsh'
[13.567s] Level 1:colcon.colcon_core.environment:create_file_with_runtime_dependencies(/home/edvin/ros2_ws/install/my_ros_package/share/colcon-core/packages/my_ros_package)
[13.609s] Level 1:colcon.colcon_core.environment:create_environment_scripts_only(my_ros_package)
[13.620s] Level 1:colcon.colcon_core.environment:checking '/home/edvin/ros2_ws/install/my_ros_package' for CMake module files
[13.621s] Level 1:colcon.colcon_core.environment:checking '/home/edvin/ros2_ws/install/my_ros_package' for CMake config files
[13.621s] Level 1:colcon.colcon_core.shell:create_environment_hook('my_ros_package', 'cmake_prefix_path')
[13.632s] INFO:colcon.colcon_core.shell:Creating environment hook '/home/edvin/ros2_ws/install/my_ros_package/share/my_ros_package/hook/cmake_prefix_path.ps1'
[13.632s] INFO:colcon.colcon_core.shell:Creating environment descriptor '/home/edvin/ros2_ws/install/my_ros_package/share/my_ros_package/hook/cmake_prefix_path.dsv'
[13.633s] INFO:colcon.colcon_core.shell:Creating environment hook '/home/edvin/ros2_ws/install/my_ros_package/share/my_ros_package/hook/cmake_prefix_path.sh'
[13.634s] Level 1:colcon.colcon_core.environment:checking '/home/edvin/ros2_ws/install/my_ros_package/lib'
[13.634s] Level 1:colcon.colcon_core.environment:checking '/home/edvin/ros2_ws/install/my_ros_package/bin'
[13.634s] Level 1:colcon.colcon_core.environment:checking '/home/edvin/ros2_ws/install/my_ros_package/lib/pkgconfig/my_ros_package.pc'
[13.634s] Level 1:colcon.colcon_core.environment:checking '/home/edvin/ros2_ws/install/my_ros_package/lib/python3.10/site-packages'
[13.634s] Level 1:colcon.colcon_core.environment:checking '/home/edvin/ros2_ws/install/my_ros_package/bin'
[13.646s] INFO:colcon.colcon_core.shell:Creating package script '/home/edvin/ros2_ws/install/my_ros_package/share/my_ros_package/package.ps1'
[13.646s] INFO:colcon.colcon_core.shell:Creating package descriptor '/home/edvin/ros2_ws/install/my_ros_package/share/my_ros_package/package.dsv'
[13.647s] INFO:colcon.colcon_core.shell:Creating package script '/home/edvin/ros2_ws/install/my_ros_package/share/my_ros_package/package.sh'
[13.648s] INFO:colcon.colcon_core.shell:Creating package script '/home/edvin/ros2_ws/install/my_ros_package/share/my_ros_package/package.bash'
[13.648s] INFO:colcon.colcon_core.shell:Creating package script '/home/edvin/ros2_ws/install/my_ros_package/share/my_ros_package/package.zsh'
[13.648s] Level 1:colcon.colcon_core.environment:create_file_with_runtime_dependencies(/home/edvin/ros2_ws/install/my_ros_package/share/colcon-core/packages/my_ros_package)
[13.649s] DEBUG:colcon.colcon_parallel_executor.executor.parallel:closing loop
[13.649s] DEBUG:colcon.colcon_parallel_executor.executor.parallel:loop closed
[13.649s] DEBUG:colcon.colcon_parallel_executor.executor.parallel:run_until_complete finished with '0'
[13.649s] DEBUG:colcon.colcon_core.event_reactor:joining thread
[13.666s] INFO:colcon.colcon_core.plugin_system:Skipping extension 'colcon_notification.desktop_notification.terminal_notifier': Not used on non-Darwin systems
[13.666s] INFO:colcon.colcon_core.plugin_system:Skipping extension 'colcon_notification.desktop_notification.win32': Not used on non-Windows systems
[13.666s] INFO:colcon.colcon_notification.desktop_notification:Sending desktop notification using 'notify2'
[13.681s] DEBUG:colcon.colcon_core.event_reactor:joined thread
[13.695s] INFO:colcon.colcon_core.shell:Creating prefix script '/home/edvin/ros2_ws/install/local_setup.ps1'
[13.696s] INFO:colcon.colcon_core.shell:Creating prefix util module '/home/edvin/ros2_ws/install/_local_setup_util_ps1.py'
[13.698s] INFO:colcon.colcon_core.shell:Creating prefix chain script '/home/edvin/ros2_ws/install/setup.ps1'
[13.711s] INFO:colcon.colcon_core.shell:Creating prefix script '/home/edvin/ros2_ws/install/local_setup.sh'
[13.712s] INFO:colcon.colcon_core.shell:Creating prefix util module '/home/edvin/ros2_ws/install/_local_setup_util_sh.py'
[13.713s] INFO:colcon.colcon_core.shell:Creating prefix chain script '/home/edvin/ros2_ws/install/setup.sh'
[13.739s] INFO:colcon.colcon_core.shell:Creating prefix script '/home/edvin/ros2_ws/install/local_setup.bash'
[13.740s] INFO:colcon.colcon_core.shell:Creating prefix chain script '/home/edvin/ros2_ws/install/setup.bash'
[13.751s] INFO:colcon.colcon_core.shell:Creating prefix script '/home/edvin/ros2_ws/install/local_setup.zsh'
[13.752s] INFO:colcon.colcon_core.shell:Creating prefix chain script '/home/edvin/ros2_ws/install/setup.zsh'
