-- The C compiler identification is GNU 11.4.0
-- The CXX compiler identification is GNU 11.4.0
-- Detecting C compiler ABI info
-- Detecting C compiler ABI info - done
-- Check for working C compiler: /usr/bin/cc - skipped
-- Detecting C compile features
-- Detecting C compile features - done
-- Detecting CXX compiler ABI info
-- Detecting CXX compiler ABI info - done
-- Check for working CXX compiler: /usr/bin/c++ - skipped
-- Detecting CXX compile features
-- Detecting CXX compile features - done
-- Found ament_cmake: 1.3.6 (/opt/ros/humble/share/ament_cmake/cmake)
-- Found Python3: /usr/bin/python3.10 (found version "3.10.12") found components: Interpreter 
-- Found rosidl_default_generators: 1.2.0 (/opt/ros/humble/share/rosidl_default_generators/cmake)
-- Using all available rosidl_typesupport_c: rosidl_typesupport_fastrtps_c;rosidl_typesupport_introspection_c
-- Found rosidl_adapter: 3.1.5 (/opt/ros/humble/share/rosidl_adapter/cmake)
-- Using all available rosidl_typesupport_cpp: rosidl_typesupport_fastrtps_cpp;rosidl_typesupport_introspection_cpp
-- Found ament_cmake_ros: 0.10.0 (/opt/ros/humble/share/ament_cmake_ros/cmake)
-- Using all available rosidl_typesupport_c: rosidl_typesupport_fastrtps_c;rosidl_typesupport_introspection_c
-- Using all available rosidl_typesupport_cpp: rosidl_typesupport_fastrtps_cpp;rosidl_typesupport_introspection_cpp
-- Found PythonInterp: /usr/bin/python3 (found suitable version "3.10.12", minimum required is "3.6") 
-- Found python_cmake_module: 0.10.0 (/opt/ros/humble/share/python_cmake_module/cmake)
-- Found PythonLibs: /usr/lib/x86_64-linux-gnu/libpython3.10.so (found suitable version "3.10.12", minimum required is "3.5") 
-- Using PYTHON_EXECUTABLE: /usr/bin/python3
-- Using PYTHON_INCLUDE_DIRS: /usr/include/python3.10
-- Using PYTHON_LIBRARIES: /usr/lib/x86_64-linux-gnu/libpython3.10.so
-- Found PythonExtra: .so  
-- Found ament_lint_auto: 0.12.9 (/opt/ros/humble/share/ament_lint_auto/cmake)
-- Added test 'lint_cmake' to check CMake code style
-- Added test 'xmllint' to check XML markup files
-- Configuring done
-- Generating done
-- Build files have been written to: /home/edvin/ros2_ws/build/custom_msgs
[  1%] [34m[1mGenerating C code for ROS interfaces[0m
[  3%] [34m[1mGenerating C++ code for ROS interfaces[0m
[  3%] Built target ament_cmake_python_copy_custom_msgs
running egg_info
creating custom_msgs.egg-info
writing custom_msgs.egg-info/PKG-INFO
writing dependency_links to custom_msgs.egg-info/dependency_links.txt
writing top-level names to custom_msgs.egg-info/top_level.txt
writing manifest file 'custom_msgs.egg-info/SOURCES.txt'
reading manifest file 'custom_msgs.egg-info/SOURCES.txt'
writing manifest file 'custom_msgs.egg-info/SOURCES.txt'
[  3%] Built target ament_cmake_python_build_custom_msgs_egg
[  5%] [32mBuilding C object CMakeFiles/custom_msgs__rosidl_generator_c.dir/rosidl_generator_c/custom_msgs/msg/detail/image_nv12__functions.c.o[0m
[  7%] [32mBuilding C object CMakeFiles/custom_msgs__rosidl_generator_c.dir/rosidl_generator_c/custom_msgs/msg/detail/image_diff__functions.c.o[0m
[  9%] [32mBuilding C object CMakeFiles/custom_msgs__rosidl_generator_c.dir/rosidl_generator_c/custom_msgs/msg/detail/object__functions.c.o[0m
[ 10%] [32mBuilding C object CMakeFiles/custom_msgs__rosidl_generator_c.dir/rosidl_generator_c/custom_msgs/msg/detail/object_info__functions.c.o[0m
[ 10%] Built target custom_msgs__cpp
[ 12%] [34m[1mGenerating C++ type support dispatch for ROS interfaces[0m
[ 14%] [34m[1mGenerating C++ introspection for ROS interfaces[0m
[ 16%] [34m[1mGenerating C++ type support for eProsima Fast-RTPS[0m
[ 18%] [32m[1mLinking C shared library libcustom_msgs__rosidl_generator_c.so[0m
[ 18%] Built target custom_msgs__rosidl_generator_c
[ 21%] [34m[1mGenerating C type support dispatch for ROS interfaces[0m
[ 21%] [34m[1mGenerating C type support for eProsima Fast-RTPS[0m
[ 23%] [34m[1mGenerating C introspection for ROS interfaces[0m
[ 25%] [32mBuilding CXX object CMakeFiles/custom_msgs__rosidl_typesupport_cpp.dir/rosidl_typesupport_cpp/custom_msgs/msg/image_nv12__type_support.cpp.o[0m
[ 27%] [32mBuilding CXX object CMakeFiles/custom_msgs__rosidl_typesupport_cpp.dir/rosidl_typesupport_cpp/custom_msgs/msg/image_diff__type_support.cpp.o[0m
[ 29%] [32mBuilding CXX object CMakeFiles/custom_msgs__rosidl_typesupport_cpp.dir/rosidl_typesupport_cpp/custom_msgs/msg/object__type_support.cpp.o[0m
[ 30%] [32mBuilding CXX object CMakeFiles/custom_msgs__rosidl_typesupport_c.dir/rosidl_typesupport_c/custom_msgs/msg/image_nv12__type_support.cpp.o[0m
[ 32%] [32mBuilding CXX object CMakeFiles/custom_msgs__rosidl_typesupport_introspection_cpp.dir/rosidl_typesupport_introspection_cpp/custom_msgs/msg/detail/image_nv12__type_support.cpp.o[0m
[ 34%] [32mBuilding CXX object CMakeFiles/custom_msgs__rosidl_typesupport_c.dir/rosidl_typesupport_c/custom_msgs/msg/image_diff__type_support.cpp.o[0m
[ 36%] [32mBuilding CXX object CMakeFiles/custom_msgs__rosidl_typesupport_fastrtps_cpp.dir/rosidl_typesupport_fastrtps_cpp/custom_msgs/msg/detail/dds_fastrtps/image_nv12__type_support.cpp.o[0m
[ 38%] [32mBuilding CXX object CMakeFiles/custom_msgs__rosidl_typesupport_c.dir/rosidl_typesupport_c/custom_msgs/msg/object__type_support.cpp.o[0m
[ 40%] [32mBuilding C object CMakeFiles/custom_msgs__rosidl_typesupport_introspection_c.dir/rosidl_typesupport_introspection_c/custom_msgs/msg/detail/image_nv12__type_support.c.o[0m
[ 41%] [32mBuilding CXX object CMakeFiles/custom_msgs__rosidl_typesupport_c.dir/rosidl_typesupport_c/custom_msgs/msg/object_info__type_support.cpp.o[0m
[ 43%] [32m[1mLinking CXX shared library libcustom_msgs__rosidl_typesupport_c.so[0m
[ 45%] [32mBuilding C object CMakeFiles/custom_msgs__rosidl_typesupport_introspection_c.dir/rosidl_typesupport_introspection_c/custom_msgs/msg/detail/image_diff__type_support.c.o[0m
[ 47%] [32mBuilding CXX object CMakeFiles/custom_msgs__rosidl_typesupport_fastrtps_c.dir/rosidl_typesupport_fastrtps_c/custom_msgs/msg/detail/image_nv12__type_support_c.cpp.o[0m
[ 47%] Built target custom_msgs__rosidl_typesupport_c
[ 49%] [32mBuilding C object CMakeFiles/custom_msgs__rosidl_typesupport_introspection_c.dir/rosidl_typesupport_introspection_c/custom_msgs/msg/detail/object__type_support.c.o[0m
[ 50%] [32mBuilding CXX object CMakeFiles/custom_msgs__rosidl_typesupport_fastrtps_cpp.dir/rosidl_typesupport_fastrtps_cpp/custom_msgs/msg/detail/dds_fastrtps/image_diff__type_support.cpp.o[0m
[ 52%] [32mBuilding CXX object CMakeFiles/custom_msgs__rosidl_typesupport_cpp.dir/rosidl_typesupport_cpp/custom_msgs/msg/object_info__type_support.cpp.o[0m
[ 56%] [32mBuilding CXX object CMakeFiles/custom_msgs__rosidl_typesupport_fastrtps_cpp.dir/rosidl_typesupport_fastrtps_cpp/custom_msgs/msg/detail/dds_fastrtps/object__type_support.cpp.o[0m
[ 56%] [32mBuilding C object CMakeFiles/custom_msgs__rosidl_typesupport_introspection_c.dir/rosidl_typesupport_introspection_c/custom_msgs/msg/detail/object_info__type_support.c.o[0m
[ 58%] [32mBuilding CXX object CMakeFiles/custom_msgs__rosidl_typesupport_fastrtps_cpp.dir/rosidl_typesupport_fastrtps_cpp/custom_msgs/msg/detail/dds_fastrtps/object_info__type_support.cpp.o[0m
[ 60%] [32m[1mLinking C shared library libcustom_msgs__rosidl_typesupport_introspection_c.so[0m
[ 60%] Built target custom_msgs__rosidl_typesupport_introspection_c
[ 61%] [32mBuilding CXX object CMakeFiles/custom_msgs__rosidl_typesupport_introspection_cpp.dir/rosidl_typesupport_introspection_cpp/custom_msgs/msg/detail/image_diff__type_support.cpp.o[0m
[ 63%] [32mBuilding CXX object CMakeFiles/custom_msgs__rosidl_typesupport_introspection_cpp.dir/rosidl_typesupport_introspection_cpp/custom_msgs/msg/detail/object__type_support.cpp.o[0m
[ 65%] [32m[1mLinking CXX shared library libcustom_msgs__rosidl_typesupport_cpp.so[0m
[ 67%] [32mBuilding CXX object CMakeFiles/custom_msgs__rosidl_typesupport_fastrtps_c.dir/rosidl_typesupport_fastrtps_c/custom_msgs/msg/detail/image_diff__type_support_c.cpp.o[0m
[ 67%] Built target custom_msgs__rosidl_typesupport_cpp
[ 69%] [32mBuilding CXX object CMakeFiles/custom_msgs__rosidl_typesupport_fastrtps_c.dir/rosidl_typesupport_fastrtps_c/custom_msgs/msg/detail/object__type_support_c.cpp.o[0m
[ 70%] [32mBuilding CXX object CMakeFiles/custom_msgs__rosidl_typesupport_fastrtps_c.dir/rosidl_typesupport_fastrtps_c/custom_msgs/msg/detail/object_info__type_support_c.cpp.o[0m
[ 72%] [32mBuilding CXX object CMakeFiles/custom_msgs__rosidl_typesupport_introspection_cpp.dir/rosidl_typesupport_introspection_cpp/custom_msgs/msg/detail/object_info__type_support.cpp.o[0m
[ 74%] [32m[1mLinking CXX shared library libcustom_msgs__rosidl_typesupport_fastrtps_cpp.so[0m
[ 74%] Built target custom_msgs__rosidl_typesupport_fastrtps_cpp
[ 76%] [32m[1mLinking CXX shared library libcustom_msgs__rosidl_typesupport_fastrtps_c.so[0m
[ 76%] Built target custom_msgs__rosidl_typesupport_fastrtps_c
[ 78%] [32m[1mLinking CXX shared library libcustom_msgs__rosidl_typesupport_introspection_cpp.so[0m
[ 78%] Built target custom_msgs__rosidl_typesupport_introspection_cpp
[ 78%] Built target custom_msgs
[ 80%] [34m[1mGenerating Python code for ROS interfaces[0m
[ 80%] Built target custom_msgs__py
[ 81%] [32mBuilding C object CMakeFiles/custom_msgs__rosidl_generator_py.dir/rosidl_generator_py/custom_msgs/msg/_image_nv12_s.c.o[0m
[ 87%] [32mBuilding C object CMakeFiles/custom_msgs__rosidl_generator_py.dir/rosidl_generator_py/custom_msgs/msg/_image_diff_s.c.o[0m
[ 87%] [32mBuilding C object CMakeFiles/custom_msgs__rosidl_generator_py.dir/rosidl_generator_py/custom_msgs/msg/_object_info_s.c.o[0m
[ 87%] [32mBuilding C object CMakeFiles/custom_msgs__rosidl_generator_py.dir/rosidl_generator_py/custom_msgs/msg/_object_s.c.o[0m
[ 89%] [32m[1mLinking C shared library rosidl_generator_py/custom_msgs/libcustom_msgs__rosidl_generator_py.so[0m
[ 89%] Built target custom_msgs__rosidl_generator_py
[ 92%] [32mBuilding C object CMakeFiles/custom_msgs__rosidl_typesupport_fastrtps_c__pyext.dir/rosidl_generator_py/custom_msgs/_custom_msgs_s.ep.rosidl_typesupport_fastrtps_c.c.o[0m
[ 92%] [32mBuilding C object CMakeFiles/custom_msgs__rosidl_typesupport_introspection_c__pyext.dir/rosidl_generator_py/custom_msgs/_custom_msgs_s.ep.rosidl_typesupport_introspection_c.c.o[0m
[ 94%] [32mBuilding C object CMakeFiles/custom_msgs__rosidl_typesupport_c__pyext.dir/rosidl_generator_py/custom_msgs/_custom_msgs_s.ep.rosidl_typesupport_c.c.o[0m
[ 96%] [32m[1mLinking C shared library rosidl_generator_py/custom_msgs/custom_msgs_s__rosidl_typesupport_introspection_c.cpython-310-x86_64-linux-gnu.so[0m
[ 98%] [32m[1mLinking C shared library rosidl_generator_py/custom_msgs/custom_msgs_s__rosidl_typesupport_fastrtps_c.cpython-310-x86_64-linux-gnu.so[0m
[100%] [32m[1mLinking C shared library rosidl_generator_py/custom_msgs/custom_msgs_s__rosidl_typesupport_c.cpython-310-x86_64-linux-gnu.so[0m
[100%] Built target custom_msgs__rosidl_typesupport_introspection_c__pyext
[100%] Built target custom_msgs__rosidl_typesupport_fastrtps_c__pyext
[100%] Built target custom_msgs__rosidl_typesupport_c__pyext
-- Install configuration: ""
-- Installing: /home/edvin/ros2_ws/install/custom_msgs/share/ament_index/resource_index/rosidl_interfaces/custom_msgs
-- Installing: /home/edvin/ros2_ws/install/custom_msgs/include/custom_msgs/custom_msgs
-- Installing: /home/edvin/ros2_ws/install/custom_msgs/include/custom_msgs/custom_msgs/msg
-- Installing: /home/edvin/ros2_ws/install/custom_msgs/include/custom_msgs/custom_msgs/msg/image_nv12.h
-- Installing: /home/edvin/ros2_ws/install/custom_msgs/include/custom_msgs/custom_msgs/msg/image_diff.h
-- Installing: /home/edvin/ros2_ws/install/custom_msgs/include/custom_msgs/custom_msgs/msg/rosidl_generator_c__visibility_control.h
-- Installing: /home/edvin/ros2_ws/install/custom_msgs/include/custom_msgs/custom_msgs/msg/detail
-- Installing: /home/edvin/ros2_ws/install/custom_msgs/include/custom_msgs/custom_msgs/msg/detail/object__struct.h
-- Installing: /home/edvin/ros2_ws/install/custom_msgs/include/custom_msgs/custom_msgs/msg/detail/object_info__struct.h
-- Installing: /home/edvin/ros2_ws/install/custom_msgs/include/custom_msgs/custom_msgs/msg/detail/object__type_support.h
-- Installing: /home/edvin/ros2_ws/install/custom_msgs/include/custom_msgs/custom_msgs/msg/detail/image_nv12__functions.c
-- Installing: /home/edvin/ros2_ws/install/custom_msgs/include/custom_msgs/custom_msgs/msg/detail/image_diff__functions.h
-- Installing: /home/edvin/ros2_ws/install/custom_msgs/include/custom_msgs/custom_msgs/msg/detail/object__functions.h
-- Installing: /home/edvin/ros2_ws/install/custom_msgs/include/custom_msgs/custom_msgs/msg/detail/image_diff__struct.h
-- Installing: /home/edvin/ros2_ws/install/custom_msgs/include/custom_msgs/custom_msgs/msg/detail/image_diff__type_support.h
-- Installing: /home/edvin/ros2_ws/install/custom_msgs/include/custom_msgs/custom_msgs/msg/detail/object__functions.c
-- Installing: /home/edvin/ros2_ws/install/custom_msgs/include/custom_msgs/custom_msgs/msg/detail/object_info__type_support.h
-- Installing: /home/edvin/ros2_ws/install/custom_msgs/include/custom_msgs/custom_msgs/msg/detail/image_nv12__type_support.h
-- Installing: /home/edvin/ros2_ws/install/custom_msgs/include/custom_msgs/custom_msgs/msg/detail/image_diff__functions.c
-- Installing: /home/edvin/ros2_ws/install/custom_msgs/include/custom_msgs/custom_msgs/msg/detail/object_info__functions.h
-- Installing: /home/edvin/ros2_ws/install/custom_msgs/include/custom_msgs/custom_msgs/msg/detail/image_nv12__functions.h
-- Installing: /home/edvin/ros2_ws/install/custom_msgs/include/custom_msgs/custom_msgs/msg/detail/image_nv12__struct.h
-- Installing: /home/edvin/ros2_ws/install/custom_msgs/include/custom_msgs/custom_msgs/msg/detail/object_info__functions.c
-- Installing: /home/edvin/ros2_ws/install/custom_msgs/include/custom_msgs/custom_msgs/msg/object_info.h
-- Installing: /home/edvin/ros2_ws/install/custom_msgs/include/custom_msgs/custom_msgs/msg/object.h
-- Installing: /home/edvin/ros2_ws/install/custom_msgs/share/custom_msgs/environment/library_path.sh
-- Installing: /home/edvin/ros2_ws/install/custom_msgs/share/custom_msgs/environment/library_path.dsv
-- Installing: /home/edvin/ros2_ws/install/custom_msgs/lib/libcustom_msgs__rosidl_generator_c.so
-- Set runtime path of "/home/edvin/ros2_ws/install/custom_msgs/lib/libcustom_msgs__rosidl_generator_c.so" to ""
-- Up-to-date: /home/edvin/ros2_ws/install/custom_msgs/include/custom_msgs/custom_msgs
-- Up-to-date: /home/edvin/ros2_ws/install/custom_msgs/include/custom_msgs/custom_msgs/msg
-- Installing: /home/edvin/ros2_ws/install/custom_msgs/include/custom_msgs/custom_msgs/msg/rosidl_typesupport_fastrtps_c__visibility_control.h
-- Up-to-date: /home/edvin/ros2_ws/install/custom_msgs/include/custom_msgs/custom_msgs/msg/detail
-- Installing: /home/edvin/ros2_ws/install/custom_msgs/include/custom_msgs/custom_msgs/msg/detail/object_info__rosidl_typesupport_fastrtps_c.h
-- Installing: /home/edvin/ros2_ws/install/custom_msgs/include/custom_msgs/custom_msgs/msg/detail/image_diff__rosidl_typesupport_fastrtps_c.h
-- Installing: /home/edvin/ros2_ws/install/custom_msgs/include/custom_msgs/custom_msgs/msg/detail/image_nv12__rosidl_typesupport_fastrtps_c.h
-- Installing: /home/edvin/ros2_ws/install/custom_msgs/include/custom_msgs/custom_msgs/msg/detail/object__rosidl_typesupport_fastrtps_c.h
-- Installing: /home/edvin/ros2_ws/install/custom_msgs/lib/libcustom_msgs__rosidl_typesupport_fastrtps_c.so
-- Set runtime path of "/home/edvin/ros2_ws/install/custom_msgs/lib/libcustom_msgs__rosidl_typesupport_fastrtps_c.so" to ""
-- Up-to-date: /home/edvin/ros2_ws/install/custom_msgs/include/custom_msgs/custom_msgs
-- Up-to-date: /home/edvin/ros2_ws/install/custom_msgs/include/custom_msgs/custom_msgs/msg
-- Up-to-date: /home/edvin/ros2_ws/install/custom_msgs/include/custom_msgs/custom_msgs/msg/detail
-- Installing: /home/edvin/ros2_ws/install/custom_msgs/include/custom_msgs/custom_msgs/msg/detail/image_nv12__rosidl_typesupport_introspection_c.h
-- Installing: /home/edvin/ros2_ws/install/custom_msgs/include/custom_msgs/custom_msgs/msg/detail/object_info__type_support.c
-- Installing: /home/edvin/ros2_ws/install/custom_msgs/include/custom_msgs/custom_msgs/msg/detail/image_nv12__type_support.c
-- Installing: /home/edvin/ros2_ws/install/custom_msgs/include/custom_msgs/custom_msgs/msg/detail/object_info__rosidl_typesupport_introspection_c.h
-- Installing: /home/edvin/ros2_ws/install/custom_msgs/include/custom_msgs/custom_msgs/msg/detail/object__type_support.c
-- Installing: /home/edvin/ros2_ws/install/custom_msgs/include/custom_msgs/custom_msgs/msg/detail/image_diff__rosidl_typesupport_introspection_c.h
-- Installing: /home/edvin/ros2_ws/install/custom_msgs/include/custom_msgs/custom_msgs/msg/detail/image_diff__type_support.c
-- Installing: /home/edvin/ros2_ws/install/custom_msgs/include/custom_msgs/custom_msgs/msg/detail/object__rosidl_typesupport_introspection_c.h
-- Installing: /home/edvin/ros2_ws/install/custom_msgs/include/custom_msgs/custom_msgs/msg/rosidl_typesupport_introspection_c__visibility_control.h
-- Installing: /home/edvin/ros2_ws/install/custom_msgs/lib/libcustom_msgs__rosidl_typesupport_introspection_c.so
-- Set runtime path of "/home/edvin/ros2_ws/install/custom_msgs/lib/libcustom_msgs__rosidl_typesupport_introspection_c.so" to ""
-- Installing: /home/edvin/ros2_ws/install/custom_msgs/lib/libcustom_msgs__rosidl_typesupport_c.so
-- Set runtime path of "/home/edvin/ros2_ws/install/custom_msgs/lib/libcustom_msgs__rosidl_typesupport_c.so" to ""
-- Up-to-date: /home/edvin/ros2_ws/install/custom_msgs/include/custom_msgs/custom_msgs
-- Up-to-date: /home/edvin/ros2_ws/install/custom_msgs/include/custom_msgs/custom_msgs/msg
-- Installing: /home/edvin/ros2_ws/install/custom_msgs/include/custom_msgs/custom_msgs/msg/object_info.hpp
-- Installing: /home/edvin/ros2_ws/install/custom_msgs/include/custom_msgs/custom_msgs/msg/image_nv12.hpp
-- Installing: /home/edvin/ros2_ws/install/custom_msgs/include/custom_msgs/custom_msgs/msg/image_diff.hpp
-- Up-to-date: /home/edvin/ros2_ws/install/custom_msgs/include/custom_msgs/custom_msgs/msg/detail
-- Installing: /home/edvin/ros2_ws/install/custom_msgs/include/custom_msgs/custom_msgs/msg/detail/object_info__builder.hpp
-- Installing: /home/edvin/ros2_ws/install/custom_msgs/include/custom_msgs/custom_msgs/msg/detail/image_nv12__traits.hpp
-- Installing: /home/edvin/ros2_ws/install/custom_msgs/include/custom_msgs/custom_msgs/msg/detail/image_nv12__struct.hpp
-- Installing: /home/edvin/ros2_ws/install/custom_msgs/include/custom_msgs/custom_msgs/msg/detail/image_nv12__builder.hpp
-- Installing: /home/edvin/ros2_ws/install/custom_msgs/include/custom_msgs/custom_msgs/msg/detail/object_info__traits.hpp
-- Installing: /home/edvin/ros2_ws/install/custom_msgs/include/custom_msgs/custom_msgs/msg/detail/object__struct.hpp
-- Installing: /home/edvin/ros2_ws/install/custom_msgs/include/custom_msgs/custom_msgs/msg/detail/image_diff__builder.hpp
-- Installing: /home/edvin/ros2_ws/install/custom_msgs/include/custom_msgs/custom_msgs/msg/detail/object__builder.hpp
-- Installing: /home/edvin/ros2_ws/install/custom_msgs/include/custom_msgs/custom_msgs/msg/detail/object_info__struct.hpp
-- Installing: /home/edvin/ros2_ws/install/custom_msgs/include/custom_msgs/custom_msgs/msg/detail/image_diff__traits.hpp
-- Installing: /home/edvin/ros2_ws/install/custom_msgs/include/custom_msgs/custom_msgs/msg/detail/object__traits.hpp
-- Installing: /home/edvin/ros2_ws/install/custom_msgs/include/custom_msgs/custom_msgs/msg/detail/image_diff__struct.hpp
-- Installing: /home/edvin/ros2_ws/install/custom_msgs/include/custom_msgs/custom_msgs/msg/object.hpp
-- Up-to-date: /home/edvin/ros2_ws/install/custom_msgs/include/custom_msgs/custom_msgs
-- Up-to-date: /home/edvin/ros2_ws/install/custom_msgs/include/custom_msgs/custom_msgs/msg
-- Installing: /home/edvin/ros2_ws/install/custom_msgs/include/custom_msgs/custom_msgs/msg/rosidl_typesupport_fastrtps_cpp__visibility_control.h
-- Up-to-date: /home/edvin/ros2_ws/install/custom_msgs/include/custom_msgs/custom_msgs/msg/detail
-- Installing: /home/edvin/ros2_ws/install/custom_msgs/include/custom_msgs/custom_msgs/msg/detail/object_info__rosidl_typesupport_fastrtps_cpp.hpp
-- Installing: /home/edvin/ros2_ws/install/custom_msgs/include/custom_msgs/custom_msgs/msg/detail/object__rosidl_typesupport_fastrtps_cpp.hpp
-- Installing: /home/edvin/ros2_ws/install/custom_msgs/include/custom_msgs/custom_msgs/msg/detail/image_nv12__rosidl_typesupport_fastrtps_cpp.hpp
-- Installing: /home/edvin/ros2_ws/install/custom_msgs/include/custom_msgs/custom_msgs/msg/detail/image_diff__rosidl_typesupport_fastrtps_cpp.hpp
-- Installing: /home/edvin/ros2_ws/install/custom_msgs/include/custom_msgs/custom_msgs/msg/detail/dds_fastrtps
-- Installing: /home/edvin/ros2_ws/install/custom_msgs/lib/libcustom_msgs__rosidl_typesupport_fastrtps_cpp.so
-- Set runtime path of "/home/edvin/ros2_ws/install/custom_msgs/lib/libcustom_msgs__rosidl_typesupport_fastrtps_cpp.so" to ""
-- Up-to-date: /home/edvin/ros2_ws/install/custom_msgs/include/custom_msgs/custom_msgs
-- Up-to-date: /home/edvin/ros2_ws/install/custom_msgs/include/custom_msgs/custom_msgs/msg
-- Up-to-date: /home/edvin/ros2_ws/install/custom_msgs/include/custom_msgs/custom_msgs/msg/detail
-- Installing: /home/edvin/ros2_ws/install/custom_msgs/include/custom_msgs/custom_msgs/msg/detail/image_diff__type_support.cpp
-- Installing: /home/edvin/ros2_ws/install/custom_msgs/include/custom_msgs/custom_msgs/msg/detail/image_nv12__rosidl_typesupport_introspection_cpp.hpp
-- Installing: /home/edvin/ros2_ws/install/custom_msgs/include/custom_msgs/custom_msgs/msg/detail/image_nv12__type_support.cpp
-- Installing: /home/edvin/ros2_ws/install/custom_msgs/include/custom_msgs/custom_msgs/msg/detail/object_info__rosidl_typesupport_introspection_cpp.hpp
-- Installing: /home/edvin/ros2_ws/install/custom_msgs/include/custom_msgs/custom_msgs/msg/detail/object__rosidl_typesupport_introspection_cpp.hpp
-- Installing: /home/edvin/ros2_ws/install/custom_msgs/include/custom_msgs/custom_msgs/msg/detail/object_info__type_support.cpp
-- Installing: /home/edvin/ros2_ws/install/custom_msgs/include/custom_msgs/custom_msgs/msg/detail/object__type_support.cpp
-- Installing: /home/edvin/ros2_ws/install/custom_msgs/include/custom_msgs/custom_msgs/msg/detail/image_diff__rosidl_typesupport_introspection_cpp.hpp
-- Installing: /home/edvin/ros2_ws/install/custom_msgs/lib/libcustom_msgs__rosidl_typesupport_introspection_cpp.so
-- Set runtime path of "/home/edvin/ros2_ws/install/custom_msgs/lib/libcustom_msgs__rosidl_typesupport_introspection_cpp.so" to ""
-- Installing: /home/edvin/ros2_ws/install/custom_msgs/lib/libcustom_msgs__rosidl_typesupport_cpp.so
-- Set runtime path of "/home/edvin/ros2_ws/install/custom_msgs/lib/libcustom_msgs__rosidl_typesupport_cpp.so" to ""
-- Installing: /home/edvin/ros2_ws/install/custom_msgs/share/custom_msgs/environment/pythonpath.sh
-- Installing: /home/edvin/ros2_ws/install/custom_msgs/share/custom_msgs/environment/pythonpath.dsv
-- Installing: /home/edvin/ros2_ws/install/custom_msgs/local/lib/python3.10/dist-packages/custom_msgs-0.0.0-py3.10.egg-info
-- Installing: /home/edvin/ros2_ws/install/custom_msgs/local/lib/python3.10/dist-packages/custom_msgs-0.0.0-py3.10.egg-info/top_level.txt
-- Installing: /home/edvin/ros2_ws/install/custom_msgs/local/lib/python3.10/dist-packages/custom_msgs-0.0.0-py3.10.egg-info/PKG-INFO
-- Installing: /home/edvin/ros2_ws/install/custom_msgs/local/lib/python3.10/dist-packages/custom_msgs-0.0.0-py3.10.egg-info/SOURCES.txt
-- Installing: /home/edvin/ros2_ws/install/custom_msgs/local/lib/python3.10/dist-packages/custom_msgs-0.0.0-py3.10.egg-info/dependency_links.txt
-- Installing: /home/edvin/ros2_ws/install/custom_msgs/local/lib/python3.10/dist-packages/custom_msgs
-- Installing: /home/edvin/ros2_ws/install/custom_msgs/local/lib/python3.10/dist-packages/custom_msgs/msg
-- Installing: /home/edvin/ros2_ws/install/custom_msgs/local/lib/python3.10/dist-packages/custom_msgs/msg/_image_nv12.py
-- Installing: /home/edvin/ros2_ws/install/custom_msgs/local/lib/python3.10/dist-packages/custom_msgs/msg/_image_nv12_s.c
-- Installing: /home/edvin/ros2_ws/install/custom_msgs/local/lib/python3.10/dist-packages/custom_msgs/msg/_object.py
-- Installing: /home/edvin/ros2_ws/install/custom_msgs/local/lib/python3.10/dist-packages/custom_msgs/msg/__init__.py
-- Installing: /home/edvin/ros2_ws/install/custom_msgs/local/lib/python3.10/dist-packages/custom_msgs/msg/_object_s.c
-- Installing: /home/edvin/ros2_ws/install/custom_msgs/local/lib/python3.10/dist-packages/custom_msgs/msg/_object_info.py
-- Installing: /home/edvin/ros2_ws/install/custom_msgs/local/lib/python3.10/dist-packages/custom_msgs/msg/_object_info_s.c
-- Installing: /home/edvin/ros2_ws/install/custom_msgs/local/lib/python3.10/dist-packages/custom_msgs/msg/_image_diff.py
-- Installing: /home/edvin/ros2_ws/install/custom_msgs/local/lib/python3.10/dist-packages/custom_msgs/msg/_image_diff_s.c
-- Installing: /home/edvin/ros2_ws/install/custom_msgs/local/lib/python3.10/dist-packages/custom_msgs/custom_msgs_s__rosidl_typesupport_c.cpython-310-x86_64-linux-gnu.so
-- Installing: /home/edvin/ros2_ws/install/custom_msgs/local/lib/python3.10/dist-packages/custom_msgs/libcustom_msgs__rosidl_generator_py.so
-- Installing: /home/edvin/ros2_ws/install/custom_msgs/local/lib/python3.10/dist-packages/custom_msgs/_custom_msgs_s.ep.rosidl_typesupport_fastrtps_c.c
-- Installing: /home/edvin/ros2_ws/install/custom_msgs/local/lib/python3.10/dist-packages/custom_msgs/__init__.py
-- Installing: /home/edvin/ros2_ws/install/custom_msgs/local/lib/python3.10/dist-packages/custom_msgs/_custom_msgs_s.ep.rosidl_typesupport_introspection_c.c
-- Installing: /home/edvin/ros2_ws/install/custom_msgs/local/lib/python3.10/dist-packages/custom_msgs/_custom_msgs_s.ep.rosidl_typesupport_c.c
-- Installing: /home/edvin/ros2_ws/install/custom_msgs/local/lib/python3.10/dist-packages/custom_msgs/custom_msgs_s__rosidl_typesupport_introspection_c.cpython-310-x86_64-linux-gnu.so
-- Installing: /home/edvin/ros2_ws/install/custom_msgs/local/lib/python3.10/dist-packages/custom_msgs/custom_msgs_s__rosidl_typesupport_fastrtps_c.cpython-310-x86_64-linux-gnu.so
Listing '/home/edvin/ros2_ws/install/custom_msgs/local/lib/python3.10/dist-packages/custom_msgs'...
Compiling '/home/edvin/ros2_ws/install/custom_msgs/local/lib/python3.10/dist-packages/custom_msgs/__init__.py'...
Listing '/home/edvin/ros2_ws/install/custom_msgs/local/lib/python3.10/dist-packages/custom_msgs/msg'...
Compiling '/home/edvin/ros2_ws/install/custom_msgs/local/lib/python3.10/dist-packages/custom_msgs/msg/__init__.py'...
Compiling '/home/edvin/ros2_ws/install/custom_msgs/local/lib/python3.10/dist-packages/custom_msgs/msg/_image_diff.py'...
Compiling '/home/edvin/ros2_ws/install/custom_msgs/local/lib/python3.10/dist-packages/custom_msgs/msg/_image_nv12.py'...
Compiling '/home/edvin/ros2_ws/install/custom_msgs/local/lib/python3.10/dist-packages/custom_msgs/msg/_object.py'...
Compiling '/home/edvin/ros2_ws/install/custom_msgs/local/lib/python3.10/dist-packages/custom_msgs/msg/_object_info.py'...
-- Installing: /home/edvin/ros2_ws/install/custom_msgs/local/lib/python3.10/dist-packages/custom_msgs/custom_msgs_s__rosidl_typesupport_fastrtps_c.cpython-310-x86_64-linux-gnu.so
-- Set runtime path of "/home/edvin/ros2_ws/install/custom_msgs/local/lib/python3.10/dist-packages/custom_msgs/custom_msgs_s__rosidl_typesupport_fastrtps_c.cpython-310-x86_64-linux-gnu.so" to ""
-- Installing: /home/edvin/ros2_ws/install/custom_msgs/local/lib/python3.10/dist-packages/custom_msgs/custom_msgs_s__rosidl_typesupport_introspection_c.cpython-310-x86_64-linux-gnu.so
-- Set runtime path of "/home/edvin/ros2_ws/install/custom_msgs/local/lib/python3.10/dist-packages/custom_msgs/custom_msgs_s__rosidl_typesupport_introspection_c.cpython-310-x86_64-linux-gnu.so" to ""
-- Installing: /home/edvin/ros2_ws/install/custom_msgs/local/lib/python3.10/dist-packages/custom_msgs/custom_msgs_s__rosidl_typesupport_c.cpython-310-x86_64-linux-gnu.so
-- Set runtime path of "/home/edvin/ros2_ws/install/custom_msgs/local/lib/python3.10/dist-packages/custom_msgs/custom_msgs_s__rosidl_typesupport_c.cpython-310-x86_64-linux-gnu.so" to ""
-- Installing: /home/edvin/ros2_ws/install/custom_msgs/lib/libcustom_msgs__rosidl_generator_py.so
-- Set runtime path of "/home/edvin/ros2_ws/install/custom_msgs/lib/libcustom_msgs__rosidl_generator_py.so" to ""
-- Installing: /home/edvin/ros2_ws/install/custom_msgs/share/custom_msgs/msg/ImageNv12.idl
-- Installing: /home/edvin/ros2_ws/install/custom_msgs/share/custom_msgs/msg/ImageDiff.idl
-- Installing: /home/edvin/ros2_ws/install/custom_msgs/share/custom_msgs/msg/Object.idl
-- Installing: /home/edvin/ros2_ws/install/custom_msgs/share/custom_msgs/msg/ObjectInfo.idl
-- Installing: /home/edvin/ros2_ws/install/custom_msgs/share/custom_msgs/msg/ImageNv12.msg
-- Installing: /home/edvin/ros2_ws/install/custom_msgs/share/custom_msgs/msg/ImageDiff.msg
-- Installing: /home/edvin/ros2_ws/install/custom_msgs/share/custom_msgs/msg/Object.msg
-- Installing: /home/edvin/ros2_ws/install/custom_msgs/share/custom_msgs/msg/ObjectInfo.msg
-- Installing: /home/edvin/ros2_ws/install/custom_msgs/share/ament_index/resource_index/package_run_dependencies/custom_msgs
-- Installing: /home/edvin/ros2_ws/install/custom_msgs/share/ament_index/resource_index/parent_prefix_path/custom_msgs
-- Installing: /home/edvin/ros2_ws/install/custom_msgs/share/custom_msgs/environment/ament_prefix_path.sh
-- Installing: /home/edvin/ros2_ws/install/custom_msgs/share/custom_msgs/environment/ament_prefix_path.dsv
-- Installing: /home/edvin/ros2_ws/install/custom_msgs/share/custom_msgs/environment/path.sh
-- Installing: /home/edvin/ros2_ws/install/custom_msgs/share/custom_msgs/environment/path.dsv
-- Installing: /home/edvin/ros2_ws/install/custom_msgs/share/custom_msgs/local_setup.bash
-- Installing: /home/edvin/ros2_ws/install/custom_msgs/share/custom_msgs/local_setup.sh
-- Installing: /home/edvin/ros2_ws/install/custom_msgs/share/custom_msgs/local_setup.zsh
-- Installing: /home/edvin/ros2_ws/install/custom_msgs/share/custom_msgs/local_setup.dsv
-- Installing: /home/edvin/ros2_ws/install/custom_msgs/share/custom_msgs/package.dsv
-- Installing: /home/edvin/ros2_ws/install/custom_msgs/share/ament_index/resource_index/packages/custom_msgs
-- Installing: /home/edvin/ros2_ws/install/custom_msgs/share/custom_msgs/cmake/export_custom_msgs__rosidl_generator_cExport.cmake
-- Installing: /home/edvin/ros2_ws/install/custom_msgs/share/custom_msgs/cmake/export_custom_msgs__rosidl_generator_cExport-noconfig.cmake
-- Installing: /home/edvin/ros2_ws/install/custom_msgs/share/custom_msgs/cmake/export_custom_msgs__rosidl_typesupport_fastrtps_cExport.cmake
-- Installing: /home/edvin/ros2_ws/install/custom_msgs/share/custom_msgs/cmake/export_custom_msgs__rosidl_typesupport_fastrtps_cExport-noconfig.cmake
-- Installing: /home/edvin/ros2_ws/install/custom_msgs/share/custom_msgs/cmake/custom_msgs__rosidl_typesupport_introspection_cExport.cmake
-- Installing: /home/edvin/ros2_ws/install/custom_msgs/share/custom_msgs/cmake/custom_msgs__rosidl_typesupport_introspection_cExport-noconfig.cmake
-- Installing: /home/edvin/ros2_ws/install/custom_msgs/share/custom_msgs/cmake/custom_msgs__rosidl_typesupport_cExport.cmake
-- Installing: /home/edvin/ros2_ws/install/custom_msgs/share/custom_msgs/cmake/custom_msgs__rosidl_typesupport_cExport-noconfig.cmake
-- Installing: /home/edvin/ros2_ws/install/custom_msgs/share/custom_msgs/cmake/export_custom_msgs__rosidl_generator_cppExport.cmake
-- Installing: /home/edvin/ros2_ws/install/custom_msgs/share/custom_msgs/cmake/export_custom_msgs__rosidl_typesupport_fastrtps_cppExport.cmake
-- Installing: /home/edvin/ros2_ws/install/custom_msgs/share/custom_msgs/cmake/export_custom_msgs__rosidl_typesupport_fastrtps_cppExport-noconfig.cmake
-- Installing: /home/edvin/ros2_ws/install/custom_msgs/share/custom_msgs/cmake/custom_msgs__rosidl_typesupport_introspection_cppExport.cmake
-- Installing: /home/edvin/ros2_ws/install/custom_msgs/share/custom_msgs/cmake/custom_msgs__rosidl_typesupport_introspection_cppExport-noconfig.cmake
-- Installing: /home/edvin/ros2_ws/install/custom_msgs/share/custom_msgs/cmake/custom_msgs__rosidl_typesupport_cppExport.cmake
-- Installing: /home/edvin/ros2_ws/install/custom_msgs/share/custom_msgs/cmake/custom_msgs__rosidl_typesupport_cppExport-noconfig.cmake
-- Installing: /home/edvin/ros2_ws/install/custom_msgs/share/custom_msgs/cmake/export_custom_msgs__rosidl_generator_pyExport.cmake
-- Installing: /home/edvin/ros2_ws/install/custom_msgs/share/custom_msgs/cmake/export_custom_msgs__rosidl_generator_pyExport-noconfig.cmake
-- Installing: /home/edvin/ros2_ws/install/custom_msgs/share/custom_msgs/cmake/rosidl_cmake-extras.cmake
-- Installing: /home/edvin/ros2_ws/install/custom_msgs/share/custom_msgs/cmake/ament_cmake_export_include_directories-extras.cmake
-- Installing: /home/edvin/ros2_ws/install/custom_msgs/share/custom_msgs/cmake/ament_cmake_export_libraries-extras.cmake
-- Installing: /home/edvin/ros2_ws/install/custom_msgs/share/custom_msgs/cmake/ament_cmake_export_targets-extras.cmake
-- Installing: /home/edvin/ros2_ws/install/custom_msgs/share/custom_msgs/cmake/rosidl_cmake_export_typesupport_targets-extras.cmake
-- Installing: /home/edvin/ros2_ws/install/custom_msgs/share/custom_msgs/cmake/ament_cmake_export_dependencies-extras.cmake
-- Installing: /home/edvin/ros2_ws/install/custom_msgs/share/custom_msgs/cmake/rosidl_cmake_export_typesupport_libraries-extras.cmake
-- Installing: /home/edvin/ros2_ws/install/custom_msgs/share/custom_msgs/cmake/custom_msgsConfig.cmake
-- Installing: /home/edvin/ros2_ws/install/custom_msgs/share/custom_msgs/cmake/custom_msgsConfig-version.cmake
-- Installing: /home/edvin/ros2_ws/install/custom_msgs/share/custom_msgs/package.xml
