[0.044s] Invoking command in '/home/edvin/ros2_ws/build/my_ros_package': AMENT_PREFIX_PATH=/home/edvin/ros2_ws/install/custom_msgs:${AMENT_PREFIX_PATH} CMAKE_PREFIX_PATH=/home/edvin/ros2_ws/install/custom_msgs:/opt/ros/humble LD_LIBRARY_PATH=/home/edvin/ros2_ws/install/custom_msgs/lib:${LD_LIBRARY_PATH} PYTHONPATH=/home/edvin/ros2_ws/install/custom_msgs/local/lib/python3.10/dist-packages:${PYTHONPATH} /usr/bin/cmake --build /home/edvin/ros2_ws/build/my_ros_package -- -j8 -l8
[0.080s] [35m[1mConsolidate compiler generated dependencies of target disparity_processing_node[0m
[0.101s] [ 25%] [32mBuilding CXX object CMakeFiles/disparity_processing_node.dir/src/DisparityProcessingNode.cpp.o[0m
[10.312s] [ 50%] [32m[1mLinking CXX executable disparity_processing_node[0m
[11.606s] [100%] Built target disparity_processing_node
[11.616s] Invoked command in '/home/edvin/ros2_ws/build/my_ros_package' returned '0': AMENT_PREFIX_PATH=/home/edvin/ros2_ws/install/custom_msgs:${AMENT_PREFIX_PATH} CMAKE_PREFIX_PATH=/home/edvin/ros2_ws/install/custom_msgs:/opt/ros/humble LD_LIBRARY_PATH=/home/edvin/ros2_ws/install/custom_msgs/lib:${LD_LIBRARY_PATH} PYTHONPATH=/home/edvin/ros2_ws/install/custom_msgs/local/lib/python3.10/dist-packages:${PYTHONPATH} /usr/bin/cmake --build /home/edvin/ros2_ws/build/my_ros_package -- -j8 -l8
[11.650s] Invoking command in '/home/edvin/ros2_ws/build/my_ros_package': AMENT_PREFIX_PATH=/home/edvin/ros2_ws/install/custom_msgs:${AMENT_PREFIX_PATH} CMAKE_PREFIX_PATH=/home/edvin/ros2_ws/install/custom_msgs:/opt/ros/humble LD_LIBRARY_PATH=/home/edvin/ros2_ws/install/custom_msgs/lib:${LD_LIBRARY_PATH} PYTHONPATH=/home/edvin/ros2_ws/install/custom_msgs/local/lib/python3.10/dist-packages:${PYTHONPATH} /usr/bin/cmake --install /home/edvin/ros2_ws/build/my_ros_package
[11.657s] -- Install configuration: ""
[11.657s] -- Installing: /home/edvin/ros2_ws/install/my_ros_package/share/ament_index/resource_index/package_run_dependencies/my_ros_package
[11.658s] -- Installing: /home/edvin/ros2_ws/install/my_ros_package/share/ament_index/resource_index/parent_prefix_path/my_ros_package
[11.658s] -- Installing: /home/edvin/ros2_ws/install/my_ros_package/share/my_ros_package/environment/ament_prefix_path.sh
[11.659s] -- Installing: /home/edvin/ros2_ws/install/my_ros_package/share/my_ros_package/environment/ament_prefix_path.dsv
[11.659s] -- Installing: /home/edvin/ros2_ws/install/my_ros_package/share/my_ros_package/environment/path.sh
[11.659s] -- Installing: /home/edvin/ros2_ws/install/my_ros_package/share/my_ros_package/environment/path.dsv
[11.659s] -- Installing: /home/edvin/ros2_ws/install/my_ros_package/share/my_ros_package/local_setup.bash
[11.659s] -- Installing: /home/edvin/ros2_ws/install/my_ros_package/share/my_ros_package/local_setup.sh
[11.659s] -- Installing: /home/edvin/ros2_ws/install/my_ros_package/share/my_ros_package/local_setup.zsh
[11.659s] -- Installing: /home/edvin/ros2_ws/install/my_ros_package/share/my_ros_package/local_setup.dsv
[11.659s] -- Installing: /home/edvin/ros2_ws/install/my_ros_package/share/my_ros_package/package.dsv
[11.659s] -- Installing: /home/edvin/ros2_ws/install/my_ros_package/share/ament_index/resource_index/packages/my_ros_package
[11.659s] -- Installing: /home/edvin/ros2_ws/install/my_ros_package/share/my_ros_package/cmake/my_ros_packageConfig.cmake
[11.659s] -- Installing: /home/edvin/ros2_ws/install/my_ros_package/share/my_ros_package/cmake/my_ros_packageConfig-version.cmake
[11.659s] -- Installing: /home/edvin/ros2_ws/install/my_ros_package/share/my_ros_package/package.xml
[11.659s] -- Installing: /home/edvin/ros2_ws/install/my_ros_package/lib/my_ros_package/disparity_processing_node
[11.664s] -- Set runtime path of "/home/edvin/ros2_ws/install/my_ros_package/lib/my_ros_package/disparity_processing_node" to ""
[11.666s] Invoked command in '/home/edvin/ros2_ws/build/my_ros_package' returned '0': AMENT_PREFIX_PATH=/home/edvin/ros2_ws/install/custom_msgs:${AMENT_PREFIX_PATH} CMAKE_PREFIX_PATH=/home/edvin/ros2_ws/install/custom_msgs:/opt/ros/humble LD_LIBRARY_PATH=/home/edvin/ros2_ws/install/custom_msgs/lib:${LD_LIBRARY_PATH} PYTHONPATH=/home/edvin/ros2_ws/install/custom_msgs/local/lib/python3.10/dist-packages:${PYTHONPATH} /usr/bin/cmake --install /home/edvin/ros2_ws/build/my_ros_package
