[1.160s] DEBUG:colcon:Command line arguments: ['/usr/bin/colcon', 'build']
[1.160s] DEBUG:colcon:Parsed command line arguments: Namespace(log_base=None, log_level=None, verb_name='build', build_base='build', install_base='install', merge_install=False, symlink_install=False, test_result_base=None, continue_on_error=False, executor='parallel', parallel_workers=8, event_handlers=None, ignore_user_meta=False, metas=['./colcon.meta'], base_paths=['.'], packages_ignore=None, packages_ignore_regex=None, paths=None, packages_up_to=None, packages_up_to_regex=None, packages_above=None, packages_above_and_dependencies=None, packages_above_depth=None, packages_select_by_dep=None, packages_skip_by_dep=None, packages_skip_up_to=None, packages_select_build_failed=False, packages_skip_build_finished=False, packages_select_test_failures=False, packages_skip_test_passed=False, packages_select=None, packages_skip=None, packages_select_regex=None, packages_skip_regex=None, packages_start=None, packages_end=None, allow_overriding=[], cmake_args=None, cmake_target=None, cmake_target_skip_unavailable=False, cmake_clean_cache=False, cmake_clean_first=False, cmake_force_configure=False, ament_cmake_args=None, catkin_cmake_args=None, catkin_skip_building_tests=False, verb_parser=<colcon_defaults.argument_parser.defaults.DefaultArgumentsDecorator object at 0x7f0f3921dea0>, verb_extension=<colcon_core.verb.build.BuildVerb object at 0x7f0f3921d570>, main=<bound method BuildVerb.main of <colcon_core.verb.build.BuildVerb object at 0x7f0f3921d570>>)
[1.258s] Level 1:colcon.colcon_core.package_discovery:discover_packages(colcon_meta) check parameters
[1.258s] Level 1:colcon.colcon_core.package_discovery:discover_packages(recursive) check parameters
[1.258s] Level 1:colcon.colcon_core.package_discovery:discover_packages(ignore) check parameters
[1.259s] Level 1:colcon.colcon_core.package_discovery:discover_packages(path) check parameters
[1.259s] Level 1:colcon.colcon_core.package_discovery:discover_packages(colcon_meta) discover
[1.259s] Level 1:colcon.colcon_core.package_discovery:discover_packages(recursive) discover
[1.259s] INFO:colcon.colcon_core.package_discovery:Crawling recursively for packages in '/home/edvin/ros2_ws'
[1.259s] Level 1:colcon.colcon_core.package_identification:_identify(.) by extensions ['ignore', 'ignore_ament_install']
[1.259s] Level 1:colcon.colcon_core.package_identification:_identify(.) by extension 'ignore'
[1.259s] Level 1:colcon.colcon_core.package_identification:_identify(.) by extension 'ignore_ament_install'
[1.259s] Level 1:colcon.colcon_core.package_identification:_identify(.) by extensions ['colcon_pkg']
[1.259s] Level 1:colcon.colcon_core.package_identification:_identify(.) by extension 'colcon_pkg'
[1.259s] Level 1:colcon.colcon_core.package_identification:_identify(.) by extensions ['colcon_meta']
[1.259s] Level 1:colcon.colcon_core.package_identification:_identify(.) by extension 'colcon_meta'
[1.259s] Level 1:colcon.colcon_core.package_identification:_identify(.) by extensions ['ros']
[1.259s] Level 1:colcon.colcon_core.package_identification:_identify(.) by extension 'ros'
[1.275s] Level 1:colcon.colcon_core.package_identification:_identify(.) by extensions ['cmake', 'python']
[1.275s] Level 1:colcon.colcon_core.package_identification:_identify(.) by extension 'cmake'
[1.275s] Level 1:colcon.colcon_core.package_identification:_identify(.) by extension 'python'
[1.275s] Level 1:colcon.colcon_core.package_identification:_identify(.) by extensions ['python_setup_py']
[1.275s] Level 1:colcon.colcon_core.package_identification:_identify(.) by extension 'python_setup_py'
[1.276s] Level 1:colcon.colcon_core.package_identification:_identify(build) by extensions ['ignore', 'ignore_ament_install']
[1.276s] Level 1:colcon.colcon_core.package_identification:_identify(build) by extension 'ignore'
[1.276s] Level 1:colcon.colcon_core.package_identification:_identify(build) ignored
[1.276s] Level 1:colcon.colcon_core.package_identification:_identify(install) by extensions ['ignore', 'ignore_ament_install']
[1.276s] Level 1:colcon.colcon_core.package_identification:_identify(install) by extension 'ignore'
[1.276s] Level 1:colcon.colcon_core.package_identification:_identify(install) ignored
[1.276s] Level 1:colcon.colcon_core.package_identification:_identify(log) by extensions ['ignore', 'ignore_ament_install']
[1.276s] Level 1:colcon.colcon_core.package_identification:_identify(log) by extension 'ignore'
[1.276s] Level 1:colcon.colcon_core.package_identification:_identify(log) ignored
[1.276s] Level 1:colcon.colcon_core.package_identification:_identify(src) by extensions ['ignore', 'ignore_ament_install']
[1.276s] Level 1:colcon.colcon_core.package_identification:_identify(src) by extension 'ignore'
[1.277s] Level 1:colcon.colcon_core.package_identification:_identify(src) by extension 'ignore_ament_install'
[1.277s] Level 1:colcon.colcon_core.package_identification:_identify(src) by extensions ['colcon_pkg']
[1.277s] Level 1:colcon.colcon_core.package_identification:_identify(src) by extension 'colcon_pkg'
[1.277s] Level 1:colcon.colcon_core.package_identification:_identify(src) by extensions ['colcon_meta']
[1.277s] Level 1:colcon.colcon_core.package_identification:_identify(src) by extension 'colcon_meta'
[1.277s] Level 1:colcon.colcon_core.package_identification:_identify(src) by extensions ['ros']
[1.277s] Level 1:colcon.colcon_core.package_identification:_identify(src) by extension 'ros'
[1.277s] Level 1:colcon.colcon_core.package_identification:_identify(src) by extensions ['cmake', 'python']
[1.277s] Level 1:colcon.colcon_core.package_identification:_identify(src) by extension 'cmake'
[1.277s] Level 1:colcon.colcon_core.package_identification:_identify(src) by extension 'python'
[1.277s] Level 1:colcon.colcon_core.package_identification:_identify(src) by extensions ['python_setup_py']
[1.277s] Level 1:colcon.colcon_core.package_identification:_identify(src) by extension 'python_setup_py'
[1.277s] Level 1:colcon.colcon_core.package_identification:_identify(src/custom_msgs) by extensions ['ignore', 'ignore_ament_install']
[1.277s] Level 1:colcon.colcon_core.package_identification:_identify(src/custom_msgs) by extension 'ignore'
[1.277s] Level 1:colcon.colcon_core.package_identification:_identify(src/custom_msgs) by extension 'ignore_ament_install'
[1.277s] Level 1:colcon.colcon_core.package_identification:_identify(src/custom_msgs) by extensions ['colcon_pkg']
[1.277s] Level 1:colcon.colcon_core.package_identification:_identify(src/custom_msgs) by extension 'colcon_pkg'
[1.277s] Level 1:colcon.colcon_core.package_identification:_identify(src/custom_msgs) by extensions ['colcon_meta']
[1.277s] Level 1:colcon.colcon_core.package_identification:_identify(src/custom_msgs) by extension 'colcon_meta'
[1.278s] Level 1:colcon.colcon_core.package_identification:_identify(src/custom_msgs) by extensions ['ros']
[1.278s] Level 1:colcon.colcon_core.package_identification:_identify(src/custom_msgs) by extension 'ros'
[1.284s] DEBUG:colcon.colcon_core.package_identification:Package 'src/custom_msgs' with type 'ros.ament_cmake' and name 'custom_msgs'
[1.284s] Level 1:colcon.colcon_core.package_identification:_identify(src/my_ros_package) by extensions ['ignore', 'ignore_ament_install']
[1.284s] Level 1:colcon.colcon_core.package_identification:_identify(src/my_ros_package) by extension 'ignore'
[1.284s] Level 1:colcon.colcon_core.package_identification:_identify(src/my_ros_package) by extension 'ignore_ament_install'
[1.284s] Level 1:colcon.colcon_core.package_identification:_identify(src/my_ros_package) by extensions ['colcon_pkg']
[1.284s] Level 1:colcon.colcon_core.package_identification:_identify(src/my_ros_package) by extension 'colcon_pkg'
[1.284s] Level 1:colcon.colcon_core.package_identification:_identify(src/my_ros_package) by extensions ['colcon_meta']
[1.284s] Level 1:colcon.colcon_core.package_identification:_identify(src/my_ros_package) by extension 'colcon_meta'
[1.284s] Level 1:colcon.colcon_core.package_identification:_identify(src/my_ros_package) by extensions ['ros']
[1.284s] Level 1:colcon.colcon_core.package_identification:_identify(src/my_ros_package) by extension 'ros'
[1.286s] DEBUG:colcon.colcon_core.package_identification:Package 'src/my_ros_package' with type 'ros.ament_cmake' and name 'my_ros_package'
[1.286s] Level 1:colcon.colcon_core.package_discovery:discover_packages(recursive) using defaults
[1.286s] Level 1:colcon.colcon_core.package_discovery:discover_packages(ignore) discover
[1.286s] Level 1:colcon.colcon_core.package_discovery:discover_packages(ignore) using defaults
[1.286s] Level 1:colcon.colcon_core.package_discovery:discover_packages(path) discover
[1.286s] Level 1:colcon.colcon_core.package_discovery:discover_packages(path) using defaults
[1.376s] Level 1:colcon.colcon_core.package_discovery:discover_packages(prefix_path) check parameters
[1.376s] Level 1:colcon.colcon_core.package_discovery:discover_packages(prefix_path) discover
[1.406s] DEBUG:colcon.colcon_installed_package_information.package_discovery:Found 2 installed packages in /home/edvin/ros2_ws/install
[1.419s] DEBUG:colcon.colcon_installed_package_information.package_discovery:Found 270 installed packages in /opt/ros/humble
[1.420s] Level 1:colcon.colcon_core.package_discovery:discover_packages(prefix_path) using defaults
[1.497s] Level 5:colcon.colcon_core.verb:set package 'custom_msgs' build argument 'cmake_args' from command line to 'None'
[1.497s] Level 5:colcon.colcon_core.verb:set package 'custom_msgs' build argument 'cmake_target' from command line to 'None'
[1.497s] Level 5:colcon.colcon_core.verb:set package 'custom_msgs' build argument 'cmake_target_skip_unavailable' from command line to 'False'
[1.498s] Level 5:colcon.colcon_core.verb:set package 'custom_msgs' build argument 'cmake_clean_cache' from command line to 'False'
[1.498s] Level 5:colcon.colcon_core.verb:set package 'custom_msgs' build argument 'cmake_clean_first' from command line to 'False'
[1.498s] Level 5:colcon.colcon_core.verb:set package 'custom_msgs' build argument 'cmake_force_configure' from command line to 'False'
[1.498s] Level 5:colcon.colcon_core.verb:set package 'custom_msgs' build argument 'ament_cmake_args' from command line to 'None'
[1.498s] Level 5:colcon.colcon_core.verb:set package 'custom_msgs' build argument 'catkin_cmake_args' from command line to 'None'
[1.498s] Level 5:colcon.colcon_core.verb:set package 'custom_msgs' build argument 'catkin_skip_building_tests' from command line to 'False'
[1.498s] DEBUG:colcon.colcon_core.verb:Building package 'custom_msgs' with the following arguments: {'ament_cmake_args': None, 'build_base': '/home/edvin/ros2_ws/build/custom_msgs', 'catkin_cmake_args': None, 'catkin_skip_building_tests': False, 'cmake_args': None, 'cmake_clean_cache': False, 'cmake_clean_first': False, 'cmake_force_configure': False, 'cmake_target': None, 'cmake_target_skip_unavailable': False, 'install_base': '/home/edvin/ros2_ws/install/custom_msgs', 'merge_install': False, 'path': '/home/edvin/ros2_ws/src/custom_msgs', 'symlink_install': False, 'test_result_base': None}
[1.510s] Level 5:colcon.colcon_core.verb:set package 'my_ros_package' build argument 'cmake_args' from command line to 'None'
[1.510s] Level 5:colcon.colcon_core.verb:set package 'my_ros_package' build argument 'cmake_target' from command line to 'None'
[1.510s] Level 5:colcon.colcon_core.verb:set package 'my_ros_package' build argument 'cmake_target_skip_unavailable' from command line to 'False'
[1.510s] Level 5:colcon.colcon_core.verb:set package 'my_ros_package' build argument 'cmake_clean_cache' from command line to 'False'
[1.510s] Level 5:colcon.colcon_core.verb:set package 'my_ros_package' build argument 'cmake_clean_first' from command line to 'False'
[1.510s] Level 5:colcon.colcon_core.verb:set package 'my_ros_package' build argument 'cmake_force_configure' from command line to 'False'
[1.510s] Level 5:colcon.colcon_core.verb:set package 'my_ros_package' build argument 'ament_cmake_args' from command line to 'None'
[1.510s] Level 5:colcon.colcon_core.verb:set package 'my_ros_package' build argument 'catkin_cmake_args' from command line to 'None'
[1.510s] Level 5:colcon.colcon_core.verb:set package 'my_ros_package' build argument 'catkin_skip_building_tests' from command line to 'False'
[1.510s] DEBUG:colcon.colcon_core.verb:Building package 'my_ros_package' with the following arguments: {'ament_cmake_args': None, 'build_base': '/home/edvin/ros2_ws/build/my_ros_package', 'catkin_cmake_args': None, 'catkin_skip_building_tests': False, 'cmake_args': None, 'cmake_clean_cache': False, 'cmake_clean_first': False, 'cmake_force_configure': False, 'cmake_target': None, 'cmake_target_skip_unavailable': False, 'install_base': '/home/edvin/ros2_ws/install/my_ros_package', 'merge_install': False, 'path': '/home/edvin/ros2_ws/src/my_ros_package', 'symlink_install': False, 'test_result_base': None}
[1.521s] INFO:colcon.colcon_core.executor:Executing jobs using 'parallel' executor
[1.533s] DEBUG:colcon.colcon_parallel_executor.executor.parallel:run_until_complete
[1.534s] INFO:colcon.colcon_ros.task.ament_cmake.build:Building ROS package in '/home/edvin/ros2_ws/src/custom_msgs' with build type 'ament_cmake'
[1.534s] INFO:colcon.colcon_cmake.task.cmake.build:Building CMake package in '/home/edvin/ros2_ws/src/custom_msgs'
[1.556s] INFO:colcon.colcon_core.plugin_system:Skipping extension 'colcon_core.shell.bat': Not used on non-Windows systems
[1.556s] INFO:colcon.colcon_core.shell:Skip shell extension 'powershell' for command environment: Not usable outside of PowerShell
[1.556s] DEBUG:colcon.colcon_core.shell:Skip shell extension 'dsv' for command environment
[1.606s] DEBUG:colcon.colcon_core.event_handler.log_command:Invoking command in '/home/edvin/ros2_ws/build/custom_msgs': CMAKE_PREFIX_PATH=${CMAKE_PREFIX_PATH}:/opt/ros/humble /usr/bin/cmake --build /home/edvin/ros2_ws/build/custom_msgs -- -j8 -l8
[2.048s] DEBUG:colcon.colcon_core.event_handler.log_command:Invoked command in '/home/edvin/ros2_ws/build/custom_msgs' returned '0': CMAKE_PREFIX_PATH=${CMAKE_PREFIX_PATH}:/opt/ros/humble /usr/bin/cmake --build /home/edvin/ros2_ws/build/custom_msgs -- -j8 -l8
[2.182s] DEBUG:colcon.colcon_core.event_handler.log_command:Invoking command in '/home/edvin/ros2_ws/build/custom_msgs': CMAKE_PREFIX_PATH=${CMAKE_PREFIX_PATH}:/opt/ros/humble /usr/bin/cmake --install /home/edvin/ros2_ws/build/custom_msgs
[2.269s] Level 1:colcon.colcon_core.environment:create_environment_scripts_only(custom_msgs)
[2.269s] DEBUG:colcon.colcon_core.event_handler.log_command:Invoked command in '/home/edvin/ros2_ws/build/custom_msgs' returned '0': CMAKE_PREFIX_PATH=${CMAKE_PREFIX_PATH}:/opt/ros/humble /usr/bin/cmake --install /home/edvin/ros2_ws/build/custom_msgs
[2.303s] Level 1:colcon.colcon_core.environment:checking '/home/edvin/ros2_ws/install/custom_msgs' for CMake module files
[2.303s] Level 1:colcon.colcon_core.environment:checking '/home/edvin/ros2_ws/install/custom_msgs' for CMake config files
[2.305s] Level 1:colcon.colcon_core.shell:create_environment_hook('custom_msgs', 'cmake_prefix_path')
[2.317s] INFO:colcon.colcon_core.shell:Creating environment hook '/home/edvin/ros2_ws/install/custom_msgs/share/custom_msgs/hook/cmake_prefix_path.ps1'
[2.318s] INFO:colcon.colcon_core.shell:Creating environment descriptor '/home/edvin/ros2_ws/install/custom_msgs/share/custom_msgs/hook/cmake_prefix_path.dsv'
[2.319s] INFO:colcon.colcon_core.shell:Creating environment hook '/home/edvin/ros2_ws/install/custom_msgs/share/custom_msgs/hook/cmake_prefix_path.sh'
[2.321s] Level 1:colcon.colcon_core.environment:checking '/home/edvin/ros2_ws/install/custom_msgs/lib'
[2.321s] Level 1:colcon.colcon_core.shell:create_environment_hook('custom_msgs', 'ld_library_path_lib')
[2.332s] INFO:colcon.colcon_core.shell:Creating environment hook '/home/edvin/ros2_ws/install/custom_msgs/share/custom_msgs/hook/ld_library_path_lib.ps1'
[2.333s] INFO:colcon.colcon_core.shell:Creating environment descriptor '/home/edvin/ros2_ws/install/custom_msgs/share/custom_msgs/hook/ld_library_path_lib.dsv'
[2.333s] INFO:colcon.colcon_core.shell:Creating environment hook '/home/edvin/ros2_ws/install/custom_msgs/share/custom_msgs/hook/ld_library_path_lib.sh'
[2.333s] Level 1:colcon.colcon_core.environment:checking '/home/edvin/ros2_ws/install/custom_msgs/bin'
[2.334s] Level 1:colcon.colcon_core.environment:checking '/home/edvin/ros2_ws/install/custom_msgs/lib/pkgconfig/custom_msgs.pc'
[2.334s] Level 1:colcon.colcon_core.environment:checking '/home/edvin/ros2_ws/install/custom_msgs/lib/python3.10/site-packages'
[2.334s] Level 1:colcon.colcon_core.environment:checking '/home/edvin/ros2_ws/install/custom_msgs/bin'
[2.346s] INFO:colcon.colcon_core.shell:Creating package script '/home/edvin/ros2_ws/install/custom_msgs/share/custom_msgs/package.ps1'
[2.348s] INFO:colcon.colcon_core.shell:Creating package descriptor '/home/edvin/ros2_ws/install/custom_msgs/share/custom_msgs/package.dsv'
[2.349s] INFO:colcon.colcon_core.shell:Creating package script '/home/edvin/ros2_ws/install/custom_msgs/share/custom_msgs/package.sh'
[2.351s] INFO:colcon.colcon_core.shell:Creating package script '/home/edvin/ros2_ws/install/custom_msgs/share/custom_msgs/package.bash'
[2.352s] INFO:colcon.colcon_core.shell:Creating package script '/home/edvin/ros2_ws/install/custom_msgs/share/custom_msgs/package.zsh'
[2.355s] Level 1:colcon.colcon_core.environment:create_file_with_runtime_dependencies(/home/edvin/ros2_ws/install/custom_msgs/share/colcon-core/packages/custom_msgs)
[2.492s] Level 1:colcon.colcon_core.environment:create_environment_scripts_only(custom_msgs)
[2.504s] Level 1:colcon.colcon_core.environment:checking '/home/edvin/ros2_ws/install/custom_msgs' for CMake module files
[2.505s] Level 1:colcon.colcon_core.environment:checking '/home/edvin/ros2_ws/install/custom_msgs' for CMake config files
[2.505s] Level 1:colcon.colcon_core.shell:create_environment_hook('custom_msgs', 'cmake_prefix_path')
[2.516s] INFO:colcon.colcon_core.shell:Creating environment hook '/home/edvin/ros2_ws/install/custom_msgs/share/custom_msgs/hook/cmake_prefix_path.ps1'
[2.516s] INFO:colcon.colcon_core.shell:Creating environment descriptor '/home/edvin/ros2_ws/install/custom_msgs/share/custom_msgs/hook/cmake_prefix_path.dsv'
[2.517s] INFO:colcon.colcon_core.shell:Creating environment hook '/home/edvin/ros2_ws/install/custom_msgs/share/custom_msgs/hook/cmake_prefix_path.sh'
[2.518s] Level 1:colcon.colcon_core.environment:checking '/home/edvin/ros2_ws/install/custom_msgs/lib'
[2.518s] Level 1:colcon.colcon_core.shell:create_environment_hook('custom_msgs', 'ld_library_path_lib')
[2.529s] INFO:colcon.colcon_core.shell:Creating environment hook '/home/edvin/ros2_ws/install/custom_msgs/share/custom_msgs/hook/ld_library_path_lib.ps1'
[2.529s] INFO:colcon.colcon_core.shell:Creating environment descriptor '/home/edvin/ros2_ws/install/custom_msgs/share/custom_msgs/hook/ld_library_path_lib.dsv'
[2.530s] INFO:colcon.colcon_core.shell:Creating environment hook '/home/edvin/ros2_ws/install/custom_msgs/share/custom_msgs/hook/ld_library_path_lib.sh'
[2.531s] Level 1:colcon.colcon_core.environment:checking '/home/edvin/ros2_ws/install/custom_msgs/bin'
[2.531s] Level 1:colcon.colcon_core.environment:checking '/home/edvin/ros2_ws/install/custom_msgs/lib/pkgconfig/custom_msgs.pc'
[2.532s] Level 1:colcon.colcon_core.environment:checking '/home/edvin/ros2_ws/install/custom_msgs/lib/python3.10/site-packages'
[2.532s] Level 1:colcon.colcon_core.environment:checking '/home/edvin/ros2_ws/install/custom_msgs/bin'
[2.543s] INFO:colcon.colcon_core.shell:Creating package script '/home/edvin/ros2_ws/install/custom_msgs/share/custom_msgs/package.ps1'
[2.544s] INFO:colcon.colcon_core.shell:Creating package descriptor '/home/edvin/ros2_ws/install/custom_msgs/share/custom_msgs/package.dsv'
[2.545s] INFO:colcon.colcon_core.shell:Creating package script '/home/edvin/ros2_ws/install/custom_msgs/share/custom_msgs/package.sh'
[2.545s] INFO:colcon.colcon_core.shell:Creating package script '/home/edvin/ros2_ws/install/custom_msgs/share/custom_msgs/package.bash'
[2.546s] INFO:colcon.colcon_core.shell:Creating package script '/home/edvin/ros2_ws/install/custom_msgs/share/custom_msgs/package.zsh'
[2.546s] Level 1:colcon.colcon_core.environment:create_file_with_runtime_dependencies(/home/edvin/ros2_ws/install/custom_msgs/share/colcon-core/packages/custom_msgs)
[2.547s] INFO:colcon.colcon_ros.task.ament_cmake.build:Building ROS package in '/home/edvin/ros2_ws/src/my_ros_package' with build type 'ament_cmake'
[2.547s] INFO:colcon.colcon_cmake.task.cmake.build:Building CMake package in '/home/edvin/ros2_ws/src/my_ros_package'
[2.560s] INFO:colcon.colcon_core.shell:Skip shell extension 'powershell' for command environment: Not usable outside of PowerShell
[2.560s] DEBUG:colcon.colcon_core.shell:Skip shell extension 'dsv' for command environment
[2.611s] DEBUG:colcon.colcon_core.event_handler.log_command:Invoking command in '/home/edvin/ros2_ws/build/my_ros_package': CMAKE_PREFIX_PATH=/home/edvin/ros2_ws/install/custom_msgs:/home/edvin/ros2_ws/install/my_ros_package:/opt/ros/humble /usr/bin/cmake --build /home/edvin/ros2_ws/build/my_ros_package -- -j8 -l8
[19.212s] DEBUG:colcon.colcon_core.event_handler.log_command:Invoked command in '/home/edvin/ros2_ws/build/my_ros_package' returned '0': CMAKE_PREFIX_PATH=/home/edvin/ros2_ws/install/custom_msgs:/home/edvin/ros2_ws/install/my_ros_package:/opt/ros/humble /usr/bin/cmake --build /home/edvin/ros2_ws/build/my_ros_package -- -j8 -l8
[19.247s] DEBUG:colcon.colcon_core.event_handler.log_command:Invoking command in '/home/edvin/ros2_ws/build/my_ros_package': CMAKE_PREFIX_PATH=/home/edvin/ros2_ws/install/custom_msgs:/home/edvin/ros2_ws/install/my_ros_package:/opt/ros/humble /usr/bin/cmake --install /home/edvin/ros2_ws/build/my_ros_package
[19.276s] Level 1:colcon.colcon_core.environment:create_environment_scripts_only(my_ros_package)
[19.276s] DEBUG:colcon.colcon_core.event_handler.log_command:Invoked command in '/home/edvin/ros2_ws/build/my_ros_package' returned '0': CMAKE_PREFIX_PATH=/home/edvin/ros2_ws/install/custom_msgs:/home/edvin/ros2_ws/install/my_ros_package:/opt/ros/humble /usr/bin/cmake --install /home/edvin/ros2_ws/build/my_ros_package
[19.288s] Level 1:colcon.colcon_core.environment:checking '/home/edvin/ros2_ws/install/my_ros_package' for CMake module files
[19.289s] Level 1:colcon.colcon_core.environment:checking '/home/edvin/ros2_ws/install/my_ros_package' for CMake config files
[19.289s] Level 1:colcon.colcon_core.shell:create_environment_hook('my_ros_package', 'cmake_prefix_path')
[19.300s] INFO:colcon.colcon_core.shell:Creating environment hook '/home/edvin/ros2_ws/install/my_ros_package/share/my_ros_package/hook/cmake_prefix_path.ps1'
[19.301s] INFO:colcon.colcon_core.shell:Creating environment descriptor '/home/edvin/ros2_ws/install/my_ros_package/share/my_ros_package/hook/cmake_prefix_path.dsv'
[19.301s] INFO:colcon.colcon_core.shell:Creating environment hook '/home/edvin/ros2_ws/install/my_ros_package/share/my_ros_package/hook/cmake_prefix_path.sh'
[19.302s] Level 1:colcon.colcon_core.environment:checking '/home/edvin/ros2_ws/install/my_ros_package/lib'
[19.302s] Level 1:colcon.colcon_core.environment:checking '/home/edvin/ros2_ws/install/my_ros_package/bin'
[19.302s] Level 1:colcon.colcon_core.environment:checking '/home/edvin/ros2_ws/install/my_ros_package/lib/pkgconfig/my_ros_package.pc'
[19.303s] Level 1:colcon.colcon_core.environment:checking '/home/edvin/ros2_ws/install/my_ros_package/lib/python3.10/site-packages'
[19.303s] Level 1:colcon.colcon_core.environment:checking '/home/edvin/ros2_ws/install/my_ros_package/bin'
[19.314s] INFO:colcon.colcon_core.shell:Creating package script '/home/edvin/ros2_ws/install/my_ros_package/share/my_ros_package/package.ps1'
[19.315s] INFO:colcon.colcon_core.shell:Creating package descriptor '/home/edvin/ros2_ws/install/my_ros_package/share/my_ros_package/package.dsv'
[19.317s] INFO:colcon.colcon_core.shell:Creating package script '/home/edvin/ros2_ws/install/my_ros_package/share/my_ros_package/package.sh'
[19.317s] INFO:colcon.colcon_core.shell:Creating package script '/home/edvin/ros2_ws/install/my_ros_package/share/my_ros_package/package.bash'
[19.318s] INFO:colcon.colcon_core.shell:Creating package script '/home/edvin/ros2_ws/install/my_ros_package/share/my_ros_package/package.zsh'
[19.318s] Level 1:colcon.colcon_core.environment:create_file_with_runtime_dependencies(/home/edvin/ros2_ws/install/my_ros_package/share/colcon-core/packages/my_ros_package)
[19.363s] Level 1:colcon.colcon_core.environment:create_environment_scripts_only(my_ros_package)
[19.376s] Level 1:colcon.colcon_core.environment:checking '/home/edvin/ros2_ws/install/my_ros_package' for CMake module files
[19.376s] Level 1:colcon.colcon_core.environment:checking '/home/edvin/ros2_ws/install/my_ros_package' for CMake config files
[19.376s] Level 1:colcon.colcon_core.shell:create_environment_hook('my_ros_package', 'cmake_prefix_path')
[19.388s] INFO:colcon.colcon_core.shell:Creating environment hook '/home/edvin/ros2_ws/install/my_ros_package/share/my_ros_package/hook/cmake_prefix_path.ps1'
[19.389s] INFO:colcon.colcon_core.shell:Creating environment descriptor '/home/edvin/ros2_ws/install/my_ros_package/share/my_ros_package/hook/cmake_prefix_path.dsv'
[19.389s] INFO:colcon.colcon_core.shell:Creating environment hook '/home/edvin/ros2_ws/install/my_ros_package/share/my_ros_package/hook/cmake_prefix_path.sh'
[19.391s] Level 1:colcon.colcon_core.environment:checking '/home/edvin/ros2_ws/install/my_ros_package/lib'
[19.391s] Level 1:colcon.colcon_core.environment:checking '/home/edvin/ros2_ws/install/my_ros_package/bin'
[19.391s] Level 1:colcon.colcon_core.environment:checking '/home/edvin/ros2_ws/install/my_ros_package/lib/pkgconfig/my_ros_package.pc'
[19.391s] Level 1:colcon.colcon_core.environment:checking '/home/edvin/ros2_ws/install/my_ros_package/lib/python3.10/site-packages'
[19.392s] Level 1:colcon.colcon_core.environment:checking '/home/edvin/ros2_ws/install/my_ros_package/bin'
[19.404s] INFO:colcon.colcon_core.shell:Creating package script '/home/edvin/ros2_ws/install/my_ros_package/share/my_ros_package/package.ps1'
[19.405s] INFO:colcon.colcon_core.shell:Creating package descriptor '/home/edvin/ros2_ws/install/my_ros_package/share/my_ros_package/package.dsv'
[19.405s] INFO:colcon.colcon_core.shell:Creating package script '/home/edvin/ros2_ws/install/my_ros_package/share/my_ros_package/package.sh'
[19.406s] INFO:colcon.colcon_core.shell:Creating package script '/home/edvin/ros2_ws/install/my_ros_package/share/my_ros_package/package.bash'
[19.406s] INFO:colcon.colcon_core.shell:Creating package script '/home/edvin/ros2_ws/install/my_ros_package/share/my_ros_package/package.zsh'
[19.407s] Level 1:colcon.colcon_core.environment:create_file_with_runtime_dependencies(/home/edvin/ros2_ws/install/my_ros_package/share/colcon-core/packages/my_ros_package)
[19.408s] DEBUG:colcon.colcon_parallel_executor.executor.parallel:closing loop
[19.408s] DEBUG:colcon.colcon_parallel_executor.executor.parallel:loop closed
[19.408s] DEBUG:colcon.colcon_parallel_executor.executor.parallel:run_until_complete finished with '0'
[19.408s] DEBUG:colcon.colcon_core.event_reactor:joining thread
[19.431s] INFO:colcon.colcon_core.plugin_system:Skipping extension 'colcon_notification.desktop_notification.terminal_notifier': Not used on non-Darwin systems
[19.431s] INFO:colcon.colcon_core.plugin_system:Skipping extension 'colcon_notification.desktop_notification.win32': Not used on non-Windows systems
[19.431s] INFO:colcon.colcon_notification.desktop_notification:Sending desktop notification using 'notify2'
[19.461s] DEBUG:colcon.colcon_core.event_reactor:joined thread
[19.488s] INFO:colcon.colcon_core.shell:Creating prefix script '/home/edvin/ros2_ws/install/local_setup.ps1'
[19.491s] INFO:colcon.colcon_core.shell:Creating prefix util module '/home/edvin/ros2_ws/install/_local_setup_util_ps1.py'
[19.494s] INFO:colcon.colcon_core.shell:Creating prefix chain script '/home/edvin/ros2_ws/install/setup.ps1'
[19.509s] INFO:colcon.colcon_core.shell:Creating prefix script '/home/edvin/ros2_ws/install/local_setup.sh'
[19.510s] INFO:colcon.colcon_core.shell:Creating prefix util module '/home/edvin/ros2_ws/install/_local_setup_util_sh.py'
[19.511s] INFO:colcon.colcon_core.shell:Creating prefix chain script '/home/edvin/ros2_ws/install/setup.sh'
[19.525s] INFO:colcon.colcon_core.shell:Creating prefix script '/home/edvin/ros2_ws/install/local_setup.bash'
[19.527s] INFO:colcon.colcon_core.shell:Creating prefix chain script '/home/edvin/ros2_ws/install/setup.bash'
[19.539s] INFO:colcon.colcon_core.shell:Creating prefix script '/home/edvin/ros2_ws/install/local_setup.zsh'
[19.540s] INFO:colcon.colcon_core.shell:Creating prefix chain script '/home/edvin/ros2_ws/install/setup.zsh'
