[0.060s] Invoking command in '/home/edvin/ros2_ws/build/my_ros_package': CMAKE_PREFIX_PATH=/home/edvin/ros2_ws/install/custom_msgs:/home/edvin/ros2_ws/install/my_ros_package:/opt/ros/humble /usr/bin/cmake --build /home/edvin/ros2_ws/build/my_ros_package -- -j8 -l8
[0.100s] [35m[1mConsolidate compiler generated dependencies of target image_nv12_subscriber[0m
[0.115s] [ 66%] Built target disparity_processing_node
[0.117s] [ 83%] [32mBuilding CXX object CMakeFiles/image_nv12_subscriber.dir/src/image_nv12_subscriber.cpp.o[0m
[9.994s] [100%] [32m[1mLinking CXX executable image_nv12_subscriber[0m
[10.786s] [100%] Built target image_nv12_subscriber
[10.798s] Invoked command in '/home/edvin/ros2_ws/build/my_ros_package' returned '0': CMAKE_PREFIX_PATH=/home/edvin/ros2_ws/install/custom_msgs:/home/edvin/ros2_ws/install/my_ros_package:/opt/ros/humble /usr/bin/cmake --build /home/edvin/ros2_ws/build/my_ros_package -- -j8 -l8
[10.839s] Invoking command in '/home/edvin/ros2_ws/build/my_ros_package': CMAKE_PREFIX_PATH=/home/edvin/ros2_ws/install/custom_msgs:/home/edvin/ros2_ws/install/my_ros_package:/opt/ros/humble /usr/bin/cmake --install /home/edvin/ros2_ws/build/my_ros_package
[10.846s] -- Install configuration: ""
[10.846s] -- Up-to-date: /home/edvin/ros2_ws/install/my_ros_package/share/ament_index/resource_index/package_run_dependencies/my_ros_package
[10.846s] -- Up-to-date: /home/edvin/ros2_ws/install/my_ros_package/share/ament_index/resource_index/parent_prefix_path/my_ros_package
[10.846s] -- Up-to-date: /home/edvin/ros2_ws/install/my_ros_package/share/my_ros_package/environment/ament_prefix_path.sh
[10.846s] -- Up-to-date: /home/edvin/ros2_ws/install/my_ros_package/share/my_ros_package/environment/ament_prefix_path.dsv
[10.847s] -- Up-to-date: /home/edvin/ros2_ws/install/my_ros_package/share/my_ros_package/environment/path.sh
[10.847s] -- Up-to-date: /home/edvin/ros2_ws/install/my_ros_package/share/my_ros_package/environment/path.dsv
[10.847s] -- Up-to-date: /home/edvin/ros2_ws/install/my_ros_package/share/my_ros_package/local_setup.bash
[10.847s] -- Up-to-date: /home/edvin/ros2_ws/install/my_ros_package/share/my_ros_package/local_setup.sh
[10.847s] -- Up-to-date: /home/edvin/ros2_ws/install/my_ros_package/share/my_ros_package/local_setup.zsh
[10.847s] -- Up-to-date: /home/edvin/ros2_ws/install/my_ros_package/share/my_ros_package/local_setup.dsv
[10.847s] -- Installing: /home/edvin/ros2_ws/install/my_ros_package/share/my_ros_package/package.dsv
[10.847s] -- Up-to-date: /home/edvin/ros2_ws/install/my_ros_package/share/ament_index/resource_index/packages/my_ros_package
[10.847s] -- Up-to-date: /home/edvin/ros2_ws/install/my_ros_package/share/my_ros_package/cmake/my_ros_packageConfig.cmake
[10.847s] -- Up-to-date: /home/edvin/ros2_ws/install/my_ros_package/share/my_ros_package/cmake/my_ros_packageConfig-version.cmake
[10.847s] -- Up-to-date: /home/edvin/ros2_ws/install/my_ros_package/share/my_ros_package/package.xml
[10.847s] -- Up-to-date: /home/edvin/ros2_ws/install/my_ros_package/lib/my_ros_package/disparity_processing_node
[10.848s] -- Installing: /home/edvin/ros2_ws/install/my_ros_package/lib/my_ros_package/image_nv12_subscriber
[10.851s] -- Set runtime path of "/home/edvin/ros2_ws/install/my_ros_package/lib/my_ros_package/image_nv12_subscriber" to ""
[10.854s] Invoked command in '/home/edvin/ros2_ws/build/my_ros_package' returned '0': CMAKE_PREFIX_PATH=/home/edvin/ros2_ws/install/custom_msgs:/home/edvin/ros2_ws/install/my_ros_package:/opt/ros/humble /usr/bin/cmake --install /home/edvin/ros2_ws/build/my_ros_package
